2025-12-21 00:02:38.030 [pool-3-thread-1] INFO  com.rs.mv.mvvs.client.catalog.from.scan.CurrentPathScanner - [client:400205]scan file in current open file directory(C:/Users/ACEL/Downloads/testpindahcontrollerkesuperadmin/resources/views/frontend)
2025-12-21 00:07:33.419 [pool-3-thread-1] INFO  com.rs.mv.mvvs.client.catalog.from.scan.CurrentPathScanner - [client:400205]scan file in current open file directory(C:/Users/ACEL/Downloads/testpindahcontrollerkesuperadmin/public/frontend/assets/css)
2025-12-21 00:15:27.311 [pool-3-thread-1] INFO  com.rs.mv.mvvs.client.catalog.from.scan.CurrentPathScanner - [client:400205]scan file in current open file directory(C:/Users/ACEL/Downloads/testpindahcontrollerkesuperadmin/resources/views/frontend)
2025-12-21 00:20:44.944 [pool-3-thread-1] INFO  com.rs.mv.mvvs.client.catalog.from.scan.CurrentPathScanner - [client:400205]scan file in current open file directory(C:/Users/ACEL/Downloads/testpindahcontrollerkesuperadmin/public/frontend/assets/css)
2025-12-21 00:26:34.309 [pool-3-thread-1] INFO  com.rs.mv.mvvs.client.catalog.from.scan.CurrentPathScanner - [client:400205]scan file in current open file directory(C:/Users/ACEL/Downloads/testpindahcontrollerkesuperadmin/resources/views/frontend)
2025-12-21 00:30:20.887 [pool-3-thread-1] INFO  com.rs.mv.mvvs.client.catalog.from.scan.CurrentPathScanner - [client:400205]scan file in current open file directory(C:/Users/ACEL/Downloads/testpindahcontrollerkesuperadmin/public/frontend/assets/css)
2025-12-21 00:30:36.948 [pool-3-thread-1] INFO  com.rs.mv.mvvs.client.catalog.from.scan.CurrentPathScanner - [client:400205]scan file in current open file directory(C:/Users/ACEL/Downloads/testpindahcontrollerkesuperadmin/public/frontend/assets/css)
2025-12-21 00:30:39.554 [pool-3-thread-1] INFO  com.rs.mv.mvvs.client.catalog.from.scan.CurrentPathScanner - [client:400205]scan file in current open file directory(C:/Users/ACEL/Downloads/testpindahcontrollerkesuperadmin/public/frontend/assets/css)
2025-12-21 00:32:18.784 [pool-3-thread-1] INFO  com.rs.mv.mvvs.client.catalog.from.scan.CurrentPathScanner - [client:400205]scan file in current open file directory(C:/Users/ACEL/Downloads/testpindahcontrollerkesuperadmin/resources/views/frontend)
2025-12-21 00:32:47.373 [pool-3-thread-1] INFO  com.rs.mv.mvvs.client.catalog.from.scan.CurrentPathScanner - [client:400205]scan file in current open file directory(C:/Users/ACEL/Downloads/testpindahcontrollerkesuperadmin/public/frontend/assets/css)
2025-12-21 00:33:03.694 [pool-3-thread-1] INFO  com.rs.mv.mvvs.client.catalog.from.scan.CurrentPathScanner - [client:400205]scan file in current open file directory(C:/Users/ACEL/Downloads/testpindahcontrollerkesuperadmin/resources/views/frontend)
2025-12-21 01:08:28.740 [pool-3-thread-1] INFO  com.rs.mv.mvvs.client.catalog.from.scan.CurrentPathScanner - [client:400205]scan file in current open file directory(C:/Users/ACEL/Downloads/testpindahcontrollerkesuperadmin/public/frontend/assets/css)
2025-12-21 01:09:42.451 [pool-3-thread-1] INFO  com.rs.mv.mvvs.client.catalog.from.scan.CurrentPathScanner - [client:400205]scan file in current open file directory(C:/Users/ACEL/Downloads/testpindahcontrollerkesuperadmin/public/frontend/assets/css)
2025-12-21 01:13:08.255 [pool-3-thread-1] INFO  com.rs.mv.mvvs.client.catalog.from.scan.CurrentPathScanner - [client:400205]scan file in current open file directory(C:/Users/ACEL/Downloads/testpindahcontrollerkesuperadmin/resources/views/frontend)
2025-12-21 01:15:19.815 [pool-3-thread-1] INFO  com.rs.mv.mvvs.client.catalog.from.scan.CurrentPathScanner - [client:400205]scan file in current open file directory(C:/Users/ACEL/Downloads/testpindahcontrollerkesuperadmin/public/frontend/assets/js)
2025-12-21 01:22:04.813 [pool-3-thread-1] INFO  com.rs.mv.mvvs.client.catalog.from.scan.CurrentPathScanner - [client:400205]scan file in current open file directory(C:/Users/ACEL/Downloads/testpindahcontrollerkesuperadmin/public/frontend/assets/css)
2025-12-21 01:22:18.819 [pool-3-thread-1] INFO  com.rs.mv.mvvs.client.catalog.from.scan.CurrentPathScanner - [client:400205]scan file in current open file directory(C:/Users/ACEL/Downloads/testpindahcontrollerkesuperadmin/resources/views/frontend)
2025-12-21 01:22:22.558 [pool-3-thread-1] INFO  com.rs.mv.mvvs.client.catalog.from.scan.CurrentPathScanner - [client:400205]scan file in current open file directory(C:/Users/ACEL/Downloads/testpindahcontrollerkesuperadmin/public/frontend/assets/css)
2025-12-21 01:23:15.919 [pool-3-thread-1] INFO  com.rs.mv.mvvs.client.catalog.from.scan.CurrentPathScanner - [client:400205]scan file in current open file directory(C:/Users/ACEL/Downloads/testpindahcontrollerkesuperadmin/resources/views/frontend)
2025-12-21 01:23:26.451 [pool-3-thread-1] INFO  com.rs.mv.mvvs.client.catalog.from.scan.CurrentPathScanner - [client:400205]scan file in current open file directory(C:/Users/ACEL/Downloads/testpindahcontrollerkesuperadmin/public/frontend/assets/css)
2025-12-21 01:23:31.402 [pool-3-thread-1] INFO  com.rs.mv.mvvs.client.catalog.from.scan.CurrentPathScanner - [client:400205]scan file in current open file directory(C:/Users/ACEL/Downloads/testpindahcontrollerkesuperadmin/resources/views/frontend)
2025-12-21 01:24:13.972 [pool-3-thread-1] INFO  com.rs.mv.mvvs.client.catalog.from.scan.CurrentPathScanner - [client:400205]scan file in current open file directory(C:/Users/ACEL/Downloads/testpindahcontrollerkesuperadmin/public/frontend/assets/css)
2025-12-21 01:24:15.669 [pool-3-thread-1] INFO  com.rs.mv.mvvs.client.catalog.from.scan.CurrentPathScanner - [client:400205]scan file in current open file directory(C:/Users/ACEL/Downloads/testpindahcontrollerkesuperadmin/resources/views/frontend)
2025-12-21 01:24:21.012 [pool-3-thread-1] INFO  com.rs.mv.mvvs.client.catalog.from.scan.CurrentPathScanner - [client:400205]scan file in current open file directory(C:/Users/ACEL/Downloads/testpindahcontrollerkesuperadmin/public/frontend/assets/css)
2025-12-21 01:24:28.251 [pool-3-thread-1] INFO  com.rs.mv.mvvs.client.catalog.from.scan.CurrentPathScanner - [client:400205]scan file in current open file directory(C:/Users/ACEL/Downloads/testpindahcontrollerkesuperadmin/resources/views/frontend)
2025-12-21 01:24:33.158 [pool-3-thread-1] INFO  com.rs.mv.mvvs.client.catalog.from.scan.CurrentPathScanner - [client:400205]scan file in current open file directory(C:/Users/ACEL/Downloads/testpindahcontrollerkesuperadmin/public/frontend/assets/css)
2025-12-21 01:24:36.393 [pool-3-thread-1] INFO  com.rs.mv.mvvs.client.catalog.from.scan.CurrentPathScanner - [client:400205]scan file in current open file directory(C:/Users/ACEL/Downloads/testpindahcontrollerkesuperadmin/resources/views/frontend)
2025-12-21 01:25:13.722 [pool-3-thread-1] INFO  com.rs.mv.mvvs.client.catalog.from.scan.CurrentPathScanner - [client:400205]scan file in current open file directory(C:/Users/ACEL/Downloads/testpindahcontrollerkesuperadmin/public/frontend/assets/css)
2025-12-21 01:25:24.323 [pool-3-thread-1] INFO  com.rs.mv.mvvs.client.catalog.from.scan.CurrentPathScanner - [client:400205]scan file in current open file directory(C:/Users/ACEL/Downloads/testpindahcontrollerkesuperadmin/resources/views/frontend)
2025-12-21 01:26:40.494 [pool-3-thread-1] INFO  com.rs.mv.mvvs.client.catalog.from.scan.CurrentPathScanner - [client:400205]scan file in current open file directory(C:/Users/ACEL/Downloads/testpindahcontrollerkesuperadmin/public/frontend/assets/css)
2025-12-21 01:26:56.696 [pool-3-thread-1] INFO  com.rs.mv.mvvs.client.catalog.from.scan.CurrentPathScanner - [client:400205]scan file in current open file directory(C:/Users/ACEL/Downloads/testpindahcontrollerkesuperadmin/resources/views/frontend)
2025-12-21 08:09:07.934 [pool-3-thread-1] INFO  com.rs.mv.mvvs.client.catalog.from.scan.CurrentPathScanner - [client:400205]scan file in current open file directory(C:/Users/ACEL/Downloads/testpindahcontrollerkesuperadmin/public/frontend/assets/css)
2025-12-21 09:14:28.873 [pool-3-thread-1] INFO  com.rs.mv.mvvs.client.catalog.from.scan.CurrentPathScanner - [client:400205]scan file in current open file directory(C:/Users/ACEL/Downloads/testpindahcontrollerkesuperadmin/public/frontend/assets/css)
2025-12-21 09:14:46.157 [pool-3-thread-1] INFO  com.rs.mv.mvvs.client.catalog.from.scan.CurrentPathScanner - [client:400205]scan file in current open file directory(C:/Users/ACEL/Downloads/testpindahcontrollerkesuperadmin/routes)
2025-12-21 09:15:28.062 [pool-3-thread-1] INFO  com.rs.mv.mvvs.client.catalog.from.scan.CurrentPathScanner - [client:400205]scan file in current open file directory(C:/Users/ACEL/Downloads/testpindahcontrollerkesuperadmin/app/Http/Controllers/SuperAdmin)
2025-12-21 09:15:32.954 [pool-3-thread-1] INFO  com.rs.mv.mvvs.client.catalog.from.scan.CurrentPathScanner - [client:400205]scan file in current open file directory(C:/Users/ACEL/Downloads/testpindahcontrollerkesuperadmin/app/Http/Controllers/SuperAdmin)
2025-12-21 09:15:58.228 [pool-3-thread-1] INFO  com.rs.mv.mvvs.client.catalog.from.scan.CurrentPathScanner - [client:400205]scan file in current open file directory(C:/Users/ACEL/Downloads/testpindahcontrollerkesuperadmin/app/Models)
2025-12-21 09:16:24.096 [pool-3-thread-1] INFO  com.rs.mv.mvvs.client.catalog.from.scan.CurrentPathScanner - [client:400205]scan file in current open file directory(C:/Users/ACEL/Downloads/testpindahcontrollerkesuperadmin/app/Models)
2025-12-21 09:42:38.609 [pool-3-thread-1] INFO  com.rs.mv.mvvs.client.catalog.from.scan.CurrentPathScanner - [client:400205]scan file in current open file directory(C:/Users/ACEL/Downloads/testpindahcontrollerkesuperadmin/resources/views/frontend)
2025-12-21 09:42:39.219 [pool-3-thread-1] INFO  com.rs.mv.mvvs.client.catalog.from.scan.CurrentPathScanner - [client:400205]scan file in current open file directory(C:/Users/ACEL/Downloads/testpindahcontrollerkesuperadmin/resources/views/frontend)
2025-12-21 09:42:43.711 [pool-3-thread-1] INFO  com.rs.mv.mvvs.client.catalog.from.scan.CurrentPathScanner - [client:400205]scan file in current open file directory(C:/Users/ACEL/Downloads/testpindahcontrollerkesuperadmin/app/Models)
2025-12-21 09:42:53.246 [pool-3-thread-1] INFO  com.rs.mv.mvvs.client.catalog.from.scan.CurrentPathScanner - [client:400205]scan file in current open file directory(C:/Users/ACEL/Downloads/testpindahcontrollerkesuperadmin/public/frontend/assets/css)
2025-12-21 09:55:24.452 [pool-3-thread-1] INFO  com.rs.mv.mvvs.client.catalog.from.scan.CurrentPathScanner - [client:400205]scan file in current open file directory(C:/Users/ACEL/Downloads/testpindahcontrollerkesuperadmin/resources/views/frontend)
2025-12-21 09:55:33.694 [pool-3-thread-1] INFO  com.rs.mv.mvvs.client.catalog.from.scan.CurrentPathScanner - [client:400205]scan file in current open file directory(C:/Users/ACEL/Downloads/testpindahcontrollerkesuperadmin/public/frontend/assets/css)
2025-12-21 10:12:30.797 [pool-3-thread-1] INFO  com.rs.mv.mvvs.client.catalog.from.scan.CurrentPathScanner - [client:400205]scan file in current open file directory(C:/Users/ACEL/Downloads/testpindahcontrollerkesuperadmin/public/frontend/assets/css)
2025-12-21 10:27:18.849 [pool-3-thread-1] INFO  com.rs.mv.mvvs.client.catalog.from.scan.CurrentPathScanner - [client:400205]scan file in current open file directory(C:/Users/ACEL/Downloads/testpindahcontrollerkesuperadmin/resources/views/frontend)
2025-12-21 10:28:43.058 [pool-3-thread-1] INFO  com.rs.mv.mvvs.client.catalog.from.scan.CurrentPathScanner - [client:400205]scan file in current open file directory(C:/Users/ACEL/Downloads/testpindahcontrollerkesuperadmin/public/frontend/assets/css)
2025-12-21 10:29:29.554 [pool-3-thread-1] INFO  com.rs.mv.mvvs.client.catalog.from.scan.CurrentPathScanner - [client:400205]scan file in current open file directory(C:/Users/ACEL/Downloads/testpindahcontrollerkesuperadmin/resources/views/frontend)
2025-12-21 10:29:40.114 [pool-3-thread-1] INFO  com.rs.mv.mvvs.client.catalog.from.scan.CurrentPathScanner - [client:400205]scan file in current open file directory(C:/Users/ACEL/Downloads/testpindahcontrollerkesuperadmin/public/frontend/assets/css)
2025-12-21 10:29:41.163 [pool-3-thread-1] INFO  com.rs.mv.mvvs.client.catalog.from.scan.CurrentPathScanner - [client:400205]scan file in current open file directory(C:/Users/ACEL/Downloads/testpindahcontrollerkesuperadmin/public/frontend/assets/css)
2025-12-21 10:30:40.872 [pool-3-thread-1] INFO  com.rs.mv.mvvs.client.catalog.from.scan.CurrentPathScanner - [client:400205]scan file in current open file directory(C:/Users/ACEL/Downloads/testpindahcontrollerkesuperadmin/public/frontend/assets/css)
2025-12-21 10:30:49.683 [pool-3-thread-1] INFO  com.rs.mv.mvvs.client.catalog.from.scan.CurrentPathScanner - [client:400205]scan file in current open file directory(C:/Users/ACEL/Downloads/testpindahcontrollerkesuperadmin/resources/views/frontend)
2025-12-21 10:31:10.124 [pool-3-thread-1] INFO  com.rs.mv.mvvs.client.catalog.from.scan.CurrentPathScanner - [client:400205]scan file in current open file directory(C:/Users/ACEL/Downloads/testpindahcontrollerkesuperadmin/public/frontend/assets/css)
2025-12-21 10:39:29.676 [pool-3-thread-1] INFO  com.rs.mv.mvvs.client.catalog.from.scan.CurrentPathScanner - [client:400205]scan file in current open file directory(C:/Users/ACEL/Downloads/testpindahcontrollerkesuperadmin/resources/views/superadmin/toko)
2025-12-21 10:43:50.916 [pool-3-thread-1] INFO  com.rs.mv.mvvs.client.catalog.from.scan.CurrentPathScanner - [client:400205]scan file in current open file directory(C:/Users/ACEL/Downloads/testpindahcontrollerkesuperadmin/resources/views/superadmin/user)
2025-12-21 10:51:21.216 [pool-3-thread-1] INFO  com.rs.mv.mvvs.client.catalog.from.scan.CurrentPathScanner - [client:400205]scan file in current open file directory(C:/Users/ACEL/Downloads/testpindahcontrollerkesuperadmin/resources/views/frontend)
2025-12-21 10:52:39.590 [pool-3-thread-1] INFO  com.rs.mv.mvvs.client.catalog.from.scan.CurrentPathScanner - [client:400205]scan file in current open file directory(C:/Users/ACEL/Downloads/testpindahcontrollerkesuperadmin/resources/views/superadmin/user)
2025-12-21 10:53:05.772 [pool-3-thread-1] INFO  com.rs.mv.mvvs.client.catalog.from.scan.CurrentPathScanner - [client:400205]scan file in current open file directory(C:/Users/ACEL/Downloads/testpindahcontrollerkesuperadmin/resources/views/frontend)
2025-12-21 11:13:09.449 [pool-3-thread-1] INFO  com.rs.mv.mvvs.client.catalog.from.scan.CurrentPathScanner - [client:400205]scan file in current open file directory(C:/Users/ACEL/Downloads/testpindahcontrollerkesuperadmin/resources/views/superadmin/user)
2025-12-21 11:13:11.607 [pool-3-thread-1] INFO  com.rs.mv.mvvs.client.catalog.from.scan.CurrentPathScanner - [client:400205]scan file in current open file directory(C:/Users/ACEL/Downloads/testpindahcontrollerkesuperadmin/resources/views/superadmin/user)
2025-12-21 11:13:15.794 [pool-3-thread-1] INFO  com.rs.mv.mvvs.client.catalog.from.scan.CurrentPathScanner - [client:400205]scan file in current open file directory(C:/Users/ACEL/Downloads/testpindahcontrollerkesuperadmin/resources/views/superadmin/user)
2025-12-21 11:13:21.449 [pool-3-thread-1] INFO  com.rs.mv.mvvs.client.catalog.from.scan.CurrentPathScanner - [client:400205]scan file in current open file directory(C:/Users/ACEL/Downloads/testpindahcontrollerkesuperadmin/routes)
2025-12-21 11:13:44.648 [pool-3-thread-1] INFO  com.rs.mv.mvvs.client.catalog.from.scan.CurrentPathScanner - [client:400205]scan file in current open file directory(C:/Users/ACEL/Downloads/testpindahcontrollerkesuperadmin/resources/views/frontend)
2025-12-21 11:19:49.383 [pool-3-thread-1] INFO  com.rs.mv.mvvs.client.catalog.from.scan.CurrentPathScanner - [client:400205]scan file in current open file directory(C:/Users/ACEL/Downloads/testpindahcontrollerkesuperadmin/resources/views/frontend)
2025-12-21 11:19:52.989 [pool-3-thread-1] INFO  com.rs.mv.mvvs.client.catalog.from.scan.CurrentPathScanner - [client:400205]scan file in current open file directory(C:/Users/ACEL/Downloads/testpindahcontrollerkesuperadmin/resources/views/frontend)
2025-12-21 11:34:21.447 [pool-3-thread-1] INFO  com.rs.mv.mvvs.client.catalog.from.scan.CurrentPathScanner - [client:400205]scan file in current open file directory(C:/Users/ACEL/Downloads/testpindahcontrollerkesuperadmin/public/frontend/assets/css)
2025-12-21 11:45:04.656 [pool-3-thread-1] INFO  com.rs.mv.mvvs.client.catalog.from.scan.CurrentPathScanner - [client:400205]scan file in current open file directory(C:/Users/ACEL/Downloads/testpindahcontrollerkesuperadmin/resources/views/frontend/cart)
2025-12-21 11:46:00.438 [pool-3-thread-1] INFO  com.rs.mv.mvvs.client.catalog.from.scan.CurrentPathScanner - [client:400205]scan file in current open file directory(C:/Users/ACEL/Downloads/testpindahcontrollerkesuperadmin/resources/views/frontend)
2025-12-21 11:46:05.933 [pool-3-thread-1] INFO  com.rs.mv.mvvs.client.catalog.from.scan.CurrentPathScanner - [client:400205]scan file in current open file directory(C:/Users/ACEL/Downloads/testpindahcontrollerkesuperadmin/public/frontend/assets/js)
2025-12-21 11:48:14.104 [pool-3-thread-1] INFO  com.rs.mv.mvvs.client.catalog.from.scan.CurrentPathScanner - [client:400205]scan file in current open file directory(C:/Users/ACEL/Downloads/testpindahcontrollerkesuperadmin/resources/views/frontend/cart)
2025-12-21 13:03:23.409 [pool-3-thread-1] INFO  com.rs.mv.mvvs.client.catalog.from.scan.CurrentPathScanner - [client:400205]scan file in current open file directory(C:/Users/ACEL/Downloads/testpindahcontrollerkesuperadmin/resources/views/frontend)
2025-12-21 13:03:28.111 [pool-3-thread-1] INFO  com.rs.mv.mvvs.client.catalog.from.scan.CurrentPathScanner - [client:400205]scan file in current open file directory(C:/Users/ACEL/Downloads/testpindahcontrollerkesuperadmin/resources/views/frontend/cart)
2025-12-21 13:06:36.670 [pool-3-thread-1] INFO  com.rs.mv.mvvs.client.catalog.from.scan.CurrentPathScanner - [client:400205]scan file in current open file directory(C:/Users/ACEL/Downloads/testpindahcontrollerkesuperadmin/resources/views/frontend/cart)
2025-12-21 13:11:28.207 [pool-3-thread-1] INFO  com.rs.mv.mvvs.client.catalog.from.scan.CurrentPathScanner - [client:400205]scan file in current open file directory(C:/Users/ACEL/Downloads/testpindahcontrollerkesuperadmin/public/frontend/assets/js)
2025-12-21 13:14:11.665 [pool-3-thread-1] INFO  com.rs.mv.mvvs.client.catalog.from.scan.CurrentPathScanner - [client:400205]scan file in current open file directory(C:/Users/ACEL/Downloads/testpindahcontrollerkesuperadmin/resources/views/frontend/cart)
2025-12-21 13:40:09.451 [pool-3-thread-1] INFO  com.rs.mv.mvvs.client.catalog.from.scan.CurrentPathScanner - [client:400205]scan file in current open file directory(C:/Users/ACEL/Downloads/testpindahcontrollerkesuperadmin/public/frontend/assets/js)
2025-12-21 13:40:20.981 [pool-3-thread-1] INFO  com.rs.mv.mvvs.client.catalog.from.scan.CurrentPathScanner - [client:400205]scan file in current open file directory(C:/Users/ACEL/Downloads/testpindahcontrollerkesuperadmin/resources/views/frontend/cart)
2025-12-21 13:43:41.654 [pool-3-thread-1] INFO  com.rs.mv.mvvs.client.catalog.from.scan.CurrentPathScanner - [client:400205]scan file in current open file directory(C:/Users/ACEL/Downloads/testpindahcontrollerkesuperadmin/public/frontend/assets/js)
2025-12-21 13:46:40.613 [pool-3-thread-1] INFO  com.rs.mv.mvvs.client.catalog.from.scan.CurrentPathScanner - [client:400205]scan file in current open file directory(C:/Users/ACEL/Downloads/testpindahcontrollerkesuperadmin/resources/views/frontend/cart)
2025-12-21 13:53:53.529 [pool-3-thread-1] INFO  com.rs.mv.mvvs.client.catalog.from.scan.CurrentPathScanner - [client:400205]scan file in current open file directory(C:/Users/ACEL/Downloads/testpindahcontrollerkesuperadmin/public/frontend/assets/js)
2025-12-21 13:54:49.737 [pool-3-thread-1] INFO  com.rs.mv.mvvs.client.catalog.from.scan.CurrentPathScanner - [client:400205]scan file in current open file directory(C:/Users/ACEL/Downloads/testpindahcontrollerkesuperadmin/resources/views/frontend/cart)
2025-12-21 14:02:15.366 [pool-3-thread-1] INFO  com.rs.mv.mvvs.client.catalog.from.scan.CurrentPathScanner - [client:400205]scan file in current open file directory(C:/Users/ACEL/Downloads/testpindahcontrollerkesuperadmin/resources/views/components)
2025-12-21 14:03:21.050 [pool-3-thread-1] INFO  com.rs.mv.mvvs.client.catalog.from.scan.CurrentPathScanner - [client:400205]scan file in current open file directory(C:/Users/ACEL/Downloads/testpindahcontrollerkesuperadmin/public/frontend/assets/js)
2025-12-21 14:03:29.995 [pool-3-thread-1] INFO  com.rs.mv.mvvs.client.catalog.from.scan.CurrentPathScanner - [client:400205]scan file in current open file directory(C:/Users/ACEL/Downloads/testpindahcontrollerkesuperadmin/resources/views/frontend/cart)
2025-12-21 14:45:56.253 [pool-3-thread-1] INFO  com.rs.mv.mvvs.client.catalog.from.scan.CurrentPathScanner - [client:400205]scan file in current open file directory(C:/Users/ACEL/Downloads/testpindahcontrollerkesuperadmin/app/Models)
2025-12-21 14:46:03.528 [pool-3-thread-1] INFO  com.rs.mv.mvvs.client.catalog.from.scan.CurrentPathScanner - [client:400205]scan file in current open file directory(C:/Users/ACEL/Downloads/testpindahcontrollerkesuperadmin/app/Http/Controllers/Admin)
2025-12-21 14:47:00.892 [pool-3-thread-1] INFO  com.rs.mv.mvvs.client.catalog.from.scan.CurrentPathScanner - [client:400205]scan file in current open file directory(C:/Users/ACEL/Downloads/testpindahcontrollerkesuperadmin/app/Http/Controllers/SuperAdmin)
2025-12-21 14:47:40.309 [pool-3-thread-1] INFO  com.rs.mv.mvvs.client.catalog.from.scan.CurrentPathScanner - [client:400205]scan file in current open file directory(C:/Users/ACEL/Downloads/testpindahcontrollerkesuperadmin/resources/views/components)
2025-12-21 14:47:51.947 [pool-3-thread-1] INFO  com.rs.mv.mvvs.client.catalog.from.scan.CurrentPathScanner - [client:400205]scan file in current open file directory(C:/Users/ACEL/Downloads/testpindahcontrollerkesuperadmin/app/Models)
2025-12-21 14:48:07.239 [pool-3-thread-1] INFO  com.rs.mv.mvvs.client.catalog.from.scan.CurrentPathScanner - [client:400205]scan file in current open file directory(C:/Users/ACEL/Downloads/testpindahcontrollerkesuperadmin/app/Models)
2025-12-21 14:48:18.821 [pool-3-thread-1] INFO  com.rs.mv.mvvs.client.catalog.from.scan.CurrentPathScanner - [client:400205]scan file in current open file directory(C:/Users/ACEL/Downloads/testpindahcontrollerkesuperadmin/app/Models)
2025-12-21 14:48:59.570 [pool-3-thread-1] INFO  com.rs.mv.mvvs.client.catalog.from.scan.CurrentPathScanner - [client:400205]scan file in current open file directory(C:/Users/ACEL/Downloads/testpindahcontrollerkesuperadmin/app/Models)
2025-12-21 14:49:10.002 [pool-3-thread-1] INFO  com.rs.mv.mvvs.client.catalog.from.scan.CurrentPathScanner - [client:400205]scan file in current open file directory(C:/Users/ACEL/Downloads/testpindahcontrollerkesuperadmin/app/Models)
2025-12-21 14:49:31.685 [pool-3-thread-1] INFO  com.rs.mv.mvvs.client.catalog.from.scan.CurrentPathScanner - [client:400205]scan file in current open file directory(C:/Users/ACEL/Downloads/testpindahcontrollerkesuperadmin/routes)
2025-12-21 15:02:49.748 [pool-3-thread-1] INFO  com.rs.mv.mvvs.client.catalog.from.scan.CurrentPathScanner - [client:400205]scan file in current open file directory(C:/Users/ACEL/Downloads/testpindahcontrollerkesuperadmin/database/migrations)
2025-12-21 15:04:11.130 [pool-3-thread-1] INFO  com.rs.mv.mvvs.client.catalog.from.scan.CurrentPathScanner - [client:400205]scan file in current open file directory(C:/Users/ACEL/Downloads/testpindahcontrollerkesuperadmin/routes)
2025-12-21 15:04:20.615 [pool-3-thread-1] INFO  com.rs.mv.mvvs.client.catalog.from.scan.CurrentPathScanner - [client:400205]scan file in current open file directory(C:/Users/ACEL/Downloads/testpindahcontrollerkesuperadmin/database/migrations)
2025-12-21 15:08:43.357 [pool-3-thread-1] INFO  com.rs.mv.mvvs.client.catalog.from.scan.CurrentPathScanner - [client:400205]scan file in current open file directory(C:/Users/ACEL/Downloads/testpindahcontrollerkesuperadmin/app/Models)
2025-12-21 15:09:07.014 [pool-3-thread-1] INFO  com.rs.mv.mvvs.client.catalog.from.scan.CurrentPathScanner - [client:400205]scan file in current open file directory(C:/Users/ACEL/Downloads/testpindahcontrollerkesuperadmin/app/Models)
2025-12-21 15:09:22.450 [pool-3-thread-1] INFO  com.rs.mv.mvvs.client.catalog.from.scan.CurrentPathScanner - [client:400205]scan file in current open file directory(C:/Users/ACEL/Downloads/testpindahcontrollerkesuperadmin/app/Http/Controllers/SuperAdmin)
2025-12-21 15:09:46.938 [pool-3-thread-1] INFO  com.rs.mv.mvvs.client.catalog.from.scan.CurrentPathScanner - [client:400205]scan file in current open file directory(C:/Users/ACEL/Downloads/testpindahcontrollerkesuperadmin/app/Models)
2025-12-21 15:10:08.826 [pool-3-thread-1] INFO  com.rs.mv.mvvs.client.catalog.from.scan.CurrentPathScanner - [client:400205]scan file in current open file directory(C:/Users/ACEL/Downloads/testpindahcontrollerkesuperadmin/app/Models)
2025-12-21 15:10:48.832 [pool-3-thread-1] INFO  com.rs.mv.mvvs.client.catalog.from.scan.CurrentPathScanner - [client:400205]scan file in current open file directory(C:/Users/ACEL/Downloads/testpindahcontrollerkesuperadmin/routes)
2025-12-21 15:15:47.057 [pool-3-thread-1] INFO  com.rs.mv.mvvs.client.catalog.from.scan.CurrentPathScanner - [client:400205]scan file in current open file directory(C:/Users/ACEL/Downloads/testpindahcontrollerkesuperadmin/app/Http/Controllers/SuperAdmin)
2025-12-21 15:16:00.646 [pool-3-thread-1] INFO  com.rs.mv.mvvs.client.catalog.from.scan.CurrentPathScanner - [client:400205]scan file in current open file directory(C:/Users/ACEL/Downloads/testpindahcontrollerkesuperadmin/app/Http/Controllers/SuperAdmin)
2025-12-21 15:16:01.634 [pool-3-thread-1] INFO  com.rs.mv.mvvs.client.catalog.from.scan.CurrentPathScanner - [client:400205]scan file in current open file directory(C:/Users/ACEL/Downloads/testpindahcontrollerkesuperadmin/app/Http/Controllers/SuperAdmin)
2025-12-21 15:16:04.570 [pool-3-thread-1] INFO  com.rs.mv.mvvs.client.catalog.from.scan.CurrentPathScanner - [client:400205]scan file in current open file directory(C:/Users/ACEL/Downloads/testpindahcontrollerkesuperadmin/app/Models)
2025-12-21 15:16:20.734 [pool-3-thread-1] INFO  com.rs.mv.mvvs.client.catalog.from.scan.CurrentPathScanner - [client:400205]scan file in current open file directory(C:/Users/ACEL/Downloads/testpindahcontrollerkesuperadmin/app/Models)
2025-12-21 15:17:14.504 [pool-3-thread-1] INFO  com.rs.mv.mvvs.client.catalog.from.scan.CurrentPathScanner - [client:400205]scan file in current open file directory(C:/Users/ACEL/Downloads/testpindahcontrollerkesuperadmin/resources/views/superadmin/vouchers)
2025-12-21 15:18:24.764 [pool-3-thread-1] INFO  com.rs.mv.mvvs.client.catalog.from.scan.CurrentPathScanner - [client:400205]scan file in current open file directory(C:/Users/ACEL/Downloads/testpindahcontrollerkesuperadmin/resources/views/superadmin/vouchers)
2025-12-21 15:18:35.615 [pool-3-thread-1] INFO  com.rs.mv.mvvs.client.catalog.from.scan.CurrentPathScanner - [client:400205]scan file in current open file directory(C:/Users/ACEL/Downloads/testpindahcontrollerkesuperadmin/resources/views/superadmin/vouchers)
2025-12-21 15:23:33.551 [pool-3-thread-1] INFO  com.rs.mv.mvvs.client.catalog.from.scan.CurrentPathScanner - [client:400205]scan file in current open file directory(C:/Users/ACEL/Downloads/testpindahcontrollerkesuperadmin/resources/views/superadmin/vouchers)
2025-12-21 15:27:17.028 [pool-3-thread-1] INFO  com.rs.mv.mvvs.client.catalog.from.scan.CurrentPathScanner - [client:400205]scan file in current open file directory(C:/Users/ACEL/Downloads/testpindahcontrollerkesuperadmin/app/Http/Controllers/SuperAdmin)
2025-12-21 15:27:23.603 [pool-3-thread-1] INFO  com.rs.mv.mvvs.client.catalog.from.scan.CurrentPathScanner - [client:400205]scan file in current open file directory(C:/Users/ACEL/Downloads/testpindahcontrollerkesuperadmin/database/migrations)
2025-12-21 15:29:47.477 [pool-3-thread-1] INFO  com.rs.mv.mvvs.client.catalog.from.scan.CurrentPathScanner - [client:400205]scan file in current open file directory(C:/Users/ACEL/Downloads/testpindahcontrollerkesuperadmin/resources/views/superadmin/vouchers)
2025-12-21 15:29:52.167 [pool-3-thread-1] INFO  com.rs.mv.mvvs.client.catalog.from.scan.CurrentPathScanner - [client:400205]scan file in current open file directory(C:/Users/ACEL/Downloads/testpindahcontrollerkesuperadmin/app/Models)
2025-12-21 15:30:14.378 [pool-3-thread-1] INFO  com.rs.mv.mvvs.client.catalog.from.scan.CurrentPathScanner - [client:400205]scan file in current open file directory(C:/Users/ACEL/Downloads/testpindahcontrollerkesuperadmin/database/migrations)
2025-12-21 15:36:39.364 [pool-3-thread-1] INFO  com.rs.mv.mvvs.client.catalog.from.scan.CurrentPathScanner - [client:400205]scan file in current open file directory(C:/Users/ACEL/Downloads/testpindahcontrollerkesuperadmin/app/Providers)
2025-12-21 15:36:41.072 [pool-3-thread-1] INFO  com.rs.mv.mvvs.client.catalog.from.scan.CurrentPathScanner - [client:400205]scan file in current open file directory(C:/Users/ACEL/Downloads/testpindahcontrollerkesuperadmin/app/Models)
2025-12-21 15:38:09.010 [pool-3-thread-1] INFO  com.rs.mv.mvvs.client.catalog.from.scan.CurrentPathScanner - [client:400205]scan file in current open file directory(C:/Users/ACEL/Downloads/testpindahcontrollerkesuperadmin/database/migrations)
2025-12-21 15:38:16.457 [pool-3-thread-1] INFO  com.rs.mv.mvvs.client.catalog.from.scan.CurrentPathScanner - [client:400205]scan file in current open file directory(C:/Users/ACEL/Downloads/testpindahcontrollerkesuperadmin/app/Http/Controllers/Frontend)
2025-12-21 15:43:34.323 [pool-3-thread-1] INFO  com.rs.mv.mvvs.client.catalog.from.scan.CurrentPathScanner - [client:400205]scan file in current open file directory(C:/Users/ACEL/Downloads/testpindahcontrollerkesuperadmin/app/Http/Controllers/Frontend)
2025-12-21 15:46:17.438 [pool-3-thread-1] INFO  com.rs.mv.mvvs.client.catalog.from.scan.CurrentPathScanner - [client:400205]scan file in current open file directory(C:/Users/ACEL/Downloads/testpindahcontrollerkesuperadmin/routes)
2025-12-21 15:46:18.500 [pool-3-thread-1] INFO  com.rs.mv.mvvs.client.catalog.from.scan.CurrentPathScanner - [client:400205]scan file in current open file directory(C:/Users/ACEL/Downloads/testpindahcontrollerkesuperadmin/routes)
2025-12-21 15:47:30.111 [pool-3-thread-1] INFO  com.rs.mv.mvvs.client.catalog.from.scan.CurrentPathScanner - [client:400205]scan file in current open file directory(C:/Users/ACEL/Downloads/testpindahcontrollerkesuperadmin/app/Models)
2025-12-21 15:47:42.561 [pool-3-thread-1] INFO  com.rs.mv.mvvs.client.catalog.from.scan.CurrentPathScanner - [client:400205]scan file in current open file directory(C:/Users/ACEL/Downloads/testpindahcontrollerkesuperadmin/app/Models)
2025-12-21 15:47:58.984 [pool-3-thread-1] INFO  com.rs.mv.mvvs.client.catalog.from.scan.CurrentPathScanner - [client:400205]scan file in current open file directory(C:/Users/ACEL/Downloads/testpindahcontrollerkesuperadmin/app/Models)
2025-12-21 15:47:59.982 [pool-3-thread-1] INFO  com.rs.mv.mvvs.client.catalog.from.scan.CurrentPathScanner - [client:400205]scan file in current open file directory(C:/Users/ACEL/Downloads/testpindahcontrollerkesuperadmin/app/Models)
2025-12-21 15:48:17.318 [pool-3-thread-1] INFO  com.rs.mv.mvvs.client.catalog.from.scan.CurrentPathScanner - [client:400205]scan file in current open file directory(C:/Users/ACEL/Downloads/testpindahcontrollerkesuperadmin/resources/views/frontend/cart)
2025-12-21 15:48:29.537 [pool-3-thread-1] INFO  com.rs.mv.mvvs.client.catalog.from.scan.CurrentPathScanner - [client:400205]scan file in current open file directory(C:/Users/ACEL/Downloads/testpindahcontrollerkesuperadmin/public/frontend/assets/js)
2025-12-21 15:59:08.794 [pool-3-thread-1] INFO  com.rs.mv.mvvs.client.catalog.from.scan.CurrentPathScanner - [client:400205]scan file in current open file directory(C:/Users/ACEL/Downloads/testpindahcontrollerkesuperadmin/app/Models)
2025-12-21 19:44:55.623 [pool-3-thread-1] INFO  com.rs.mv.mvvs.client.catalog.from.scan.CurrentPathScanner - [client:400205]scan file in current open file directory(C:/Users/ACEL/Downloads/testpindahcontrollerkesuperadmin/public/frontend/assets/js)
2025-12-21 19:52:21.050 [pool-3-thread-1] INFO  com.rs.mv.mvvs.client.catalog.from.scan.CurrentPathScanner - [client:400205]scan file in current open file directory(C:/Users/ACEL/Downloads/testpindahcontrollerkesuperadmin/resources/views/frontend)
2025-12-21 19:54:30.968 [pool-3-thread-1] INFO  com.rs.mv.mvvs.client.catalog.from.scan.CurrentPathScanner - [client:400205]scan file in current open file directory(C:/Users/ACEL/Downloads/testpindahcontrollerkesuperadmin/app/Models)
2025-12-21 19:59:09.576 [pool-3-thread-1] INFO  com.rs.mv.mvvs.client.catalog.from.scan.CurrentPathScanner - [client:400205]scan file in current open file directory(C:/Users/ACEL/Downloads/testpindahcontrollerkesuperadmin/public/frontend/assets/css)
2025-12-21 20:03:19.624 [pool-3-thread-1] INFO  com.rs.mv.mvvs.client.catalog.from.scan.CurrentPathScanner - [client:400205]scan file in current open file directory(C:/Users/ACEL/Downloads/testpindahcontrollerkesuperadmin/resources/views/frontend)
2025-12-21 20:04:15.637 [pool-3-thread-1] INFO  com.rs.mv.mvvs.client.catalog.from.scan.CurrentPathScanner - [client:400205]scan file in current open file directory(C:/Users/ACEL/Downloads/testpindahcontrollerkesuperadmin/public/frontend/assets/css)
2025-12-21 20:08:24.991 [pool-3-thread-1] INFO  com.rs.mv.mvvs.client.catalog.from.scan.CurrentPathScanner - [client:400205]scan file in current open file directory(C:/Users/ACEL/Downloads/testpindahcontrollerkesuperadmin/app/Models)
2025-12-21 20:08:53.739 [pool-3-thread-1] INFO  com.rs.mv.mvvs.client.catalog.from.scan.CurrentPathScanner - [client:400205]scan file in current open file directory(C:/Users/ACEL/Downloads/testpindahcontrollerkesuperadmin/app/Http/Controllers/Frontend)
2025-12-21 20:09:30.456 [pool-3-thread-1] INFO  com.rs.mv.mvvs.client.catalog.from.scan.CurrentPathScanner - [client:400205]scan file in current open file directory(C:/Users/ACEL/Downloads/testpindahcontrollerkesuperadmin/app/Models)
2025-12-21 20:09:36.174 [pool-3-thread-1] INFO  com.rs.mv.mvvs.client.catalog.from.scan.CurrentPathScanner - [client:400205]scan file in current open file directory(C:/Users/ACEL/Downloads/testpindahcontrollerkesuperadmin/app/Models)
2025-12-21 20:10:17.460 [pool-3-thread-1] INFO  com.rs.mv.mvvs.client.catalog.from.scan.CurrentPathScanner - [client:400205]scan file in current open file directory(C:/Users/ACEL/Downloads/testpindahcontrollerkesuperadmin/app/Models)
2025-12-21 20:10:38.736 [pool-3-thread-1] INFO  com.rs.mv.mvvs.client.catalog.from.scan.CurrentPathScanner - [client:400205]scan file in current open file directory(C:/Users/ACEL/Downloads/testpindahcontrollerkesuperadmin/app/Models)
2025-12-21 20:10:45.131 [pool-3-thread-1] INFO  com.rs.mv.mvvs.client.catalog.from.scan.CurrentPathScanner - [client:400205]scan file in current open file directory(C:/Users/ACEL/Downloads/testpindahcontrollerkesuperadmin/app/Models)
2025-12-21 20:10:46.464 [pool-3-thread-1] INFO  com.rs.mv.mvvs.client.catalog.from.scan.CurrentPathScanner - [client:400205]scan file in current open file directory(C:/Users/ACEL/Downloads/testpindahcontrollerkesuperadmin/app/Models)
2025-12-21 20:27:47.148 [pool-3-thread-1] INFO  com.rs.mv.mvvs.client.catalog.from.scan.CurrentPathScanner - [client:400205]scan file in current open file directory(C:/Users/ACEL/Downloads/testpindahcontrollerkesuperadmin/database/migrations)
2025-12-21 20:28:21.423 [pool-3-thread-1] INFO  com.rs.mv.mvvs.client.catalog.from.scan.CurrentPathScanner - [client:400205]scan file in current open file directory(C:/Users/ACEL/Downloads/testpindahcontrollerkesuperadmin/database/migrations)
2025-12-21 20:28:30.122 [pool-3-thread-1] INFO  com.rs.mv.mvvs.client.catalog.from.scan.CurrentPathScanner - [client:400205]scan file in current open file directory(C:/Users/ACEL/Downloads/testpindahcontrollerkesuperadmin/database/migrations)
2025-12-21 20:28:50.511 [pool-3-thread-1] INFO  com.rs.mv.mvvs.client.catalog.from.scan.CurrentPathScanner - [client:400205]scan file in current open file directory(C:/Users/ACEL/Downloads/testpindahcontrollerkesuperadmin/database/migrations)
2025-12-21 20:29:26.878 [pool-3-thread-1] INFO  com.rs.mv.mvvs.client.catalog.from.scan.CurrentPathScanner - [client:400205]scan file in current open file directory(C:/Users/ACEL/Downloads/testpindahcontrollerkesuperadmin/database/migrations)
2025-12-21 20:30:24.482 [pool-3-thread-1] INFO  com.rs.mv.mvvs.client.catalog.from.scan.CurrentPathScanner - [client:400205]scan file in current open file directory(C:/Users/ACEL/Downloads/testpindahcontrollerkesuperadmin/app/Http/Controllers/Frontend)
2025-12-21 20:30:44.739 [pool-3-thread-1] INFO  com.rs.mv.mvvs.client.catalog.from.scan.CurrentPathScanner - [client:400205]scan file in current open file directory(C:/Users/ACEL/Downloads/testpindahcontrollerkesuperadmin/app/Http/Controllers/Frontend)
2025-12-21 20:31:11.088 [pool-3-thread-1] INFO  com.rs.mv.mvvs.client.catalog.from.scan.CurrentPathScanner - [client:400205]scan file in current open file directory(C:/Users/ACEL/Downloads/testpindahcontrollerkesuperadmin/public/frontend/assets/js)
2025-12-21 20:31:12.755 [pool-3-thread-1] INFO  com.rs.mv.mvvs.client.catalog.from.scan.CurrentPathScanner - [client:400205]scan file in current open file directory(C:/Users/ACEL/Downloads/testpindahcontrollerkesuperadmin/public/frontend/assets/js)
2025-12-21 20:31:56.011 [pool-3-thread-1] INFO  com.rs.mv.mvvs.client.catalog.from.scan.CurrentPathScanner - [client:400205]scan file in current open file directory(C:/Users/ACEL/Downloads/testpindahcontrollerkesuperadmin/routes)
2025-12-21 20:33:13.857 [pool-3-thread-1] INFO  com.rs.mv.mvvs.client.catalog.from.scan.CurrentPathScanner - [client:400205]scan file in current open file directory(C:/Users/ACEL/Downloads/testpindahcontrollerkesuperadmin/app/Http/Controllers/Frontend)
2025-12-21 20:33:33.199 [pool-3-thread-1] INFO  com.rs.mv.mvvs.client.catalog.from.scan.CurrentPathScanner - [client:400205]scan file in current open file directory(C:/Users/ACEL/Downloads/testpindahcontrollerkesuperadmin/routes)
2025-12-21 20:34:17.230 [pool-3-thread-1] INFO  com.rs.mv.mvvs.client.catalog.from.scan.CurrentPathScanner - [client:400205]scan file in current open file directory(C:/Users/ACEL/Downloads/testpindahcontrollerkesuperadmin/app/Models)
2025-12-21 20:35:39.659 [pool-3-thread-1] INFO  com.rs.mv.mvvs.client.catalog.from.scan.CurrentPathScanner - [client:400205]scan file in current open file directory(C:/Users/ACEL/Downloads/testpindahcontrollerkesuperadmin/database/migrations)
2025-12-21 20:44:46.667 [pool-3-thread-1] INFO  com.rs.mv.mvvs.client.catalog.from.scan.CurrentPathScanner - [client:400205]scan file in current open file directory(C:/Users/ACEL/Downloads/testpindahcontrollerkesuperadmin/resources/views/frontend/cart)
2025-12-21 20:45:19.834 [pool-3-thread-1] INFO  com.rs.mv.mvvs.client.catalog.from.scan.CurrentPathScanner - [client:400205]scan file in current open file directory(C:/Users/ACEL/Downloads/testpindahcontrollerkesuperadmin/public/frontend/assets/js)
2025-12-21 20:45:21.019 [pool-3-thread-1] INFO  com.rs.mv.mvvs.client.catalog.from.scan.CurrentPathScanner - [client:400205]scan file in current open file directory(C:/Users/ACEL/Downloads/testpindahcontrollerkesuperadmin/public/frontend/assets/js)
2025-12-21 20:46:28.058 [pool-3-thread-1] INFO  com.rs.mv.mvvs.client.catalog.from.scan.CurrentPathScanner - [client:400205]scan file in current open file directory(C:/Users/ACEL/Downloads/testpindahcontrollerkesuperadmin/app/Http/Controllers/Frontend)
2025-12-21 20:46:43.220 [pool-3-thread-1] INFO  com.rs.mv.mvvs.client.catalog.from.scan.CurrentPathScanner - [client:400205]scan file in current open file directory(C:/Users/ACEL/Downloads/testpindahcontrollerkesuperadmin/app/Models)
2025-12-21 20:46:58.202 [pool-3-thread-1] INFO  com.rs.mv.mvvs.client.catalog.from.scan.CurrentPathScanner - [client:400205]scan file in current open file directory(C:/Users/ACEL/Downloads/testpindahcontrollerkesuperadmin/app/Models)
2025-12-21 20:47:19.068 [pool-3-thread-1] INFO  com.rs.mv.mvvs.client.catalog.from.scan.CurrentPathScanner - [client:400205]scan file in current open file directory(C:/Users/ACEL/Downloads/testpindahcontrollerkesuperadmin/app/Http/Controllers/Frontend)
2025-12-21 20:47:25.261 [pool-3-thread-1] INFO  com.rs.mv.mvvs.client.catalog.from.scan.CurrentPathScanner - [client:400205]scan file in current open file directory(C:/Users/ACEL/Downloads/testpindahcontrollerkesuperadmin/app/Http/Controllers/Frontend)
2025-12-21 20:47:26.292 [pool-3-thread-1] INFO  com.rs.mv.mvvs.client.catalog.from.scan.CurrentPathScanner - [client:400205]scan file in current open file directory(C:/Users/ACEL/Downloads/testpindahcontrollerkesuperadmin/app/Http/Controllers/Frontend)
2025-12-21 20:48:12.700 [pool-3-thread-1] INFO  com.rs.mv.mvvs.client.catalog.from.scan.CurrentPathScanner - [client:400205]scan file in current open file directory(C:/Users/ACEL/Downloads/testpindahcontrollerkesuperadmin/public/frontend/assets/js)
2025-12-21 20:48:19.008 [pool-3-thread-1] INFO  com.rs.mv.mvvs.client.catalog.from.scan.CurrentPathScanner - [client:400205]scan file in current open file directory(C:/Users/ACEL/Downloads/testpindahcontrollerkesuperadmin/routes)
2025-12-21 20:49:40.834 [pool-3-thread-1] INFO  com.rs.mv.mvvs.client.catalog.from.scan.CurrentPathScanner - [client:400205]scan file in current open file directory(C:/Users/ACEL/Downloads/testpindahcontrollerkesuperadmin/resources/views/frontend/checkout)
2025-12-21 20:52:41.203 [pool-3-thread-1] INFO  com.rs.mv.mvvs.client.catalog.from.scan.CurrentPathScanner - [client:400205]scan file in current open file directory(C:/Users/ACEL/Downloads/testpindahcontrollerkesuperadmin/resources/views/frontend/cart)
2025-12-21 20:53:38.544 [pool-3-thread-1] INFO  com.rs.mv.mvvs.client.catalog.from.scan.CurrentPathScanner - [client:400205]scan file in current open file directory(C:/Users/ACEL/Downloads/testpindahcontrollerkesuperadmin/app/Http/Controllers/Frontend)
2025-12-21 20:53:39.034 [pool-3-thread-1] INFO  com.rs.mv.mvvs.client.catalog.from.scan.CurrentPathScanner - [client:400205]scan file in current open file directory(C:/Users/ACEL/Downloads/testpindahcontrollerkesuperadmin/resources/views/frontend/checkout)
2025-12-21 21:00:03.204 [pool-3-thread-1] INFO  com.rs.mv.mvvs.client.catalog.from.scan.CurrentPathScanner - [client:400205]scan file in current open file directory(C:/Users/ACEL/Downloads/testpindahcontrollerkesuperadmin/app/Http/Controllers/Frontend)
2025-12-21 21:03:30.508 [pool-3-thread-1] INFO  com.rs.mv.mvvs.client.catalog.from.scan.CurrentPathScanner - [client:400205]scan file in current open file directory(C:/Users/ACEL/Downloads/testpindahcontrollerkesuperadmin/routes)
2025-12-21 21:23:26.937 [pool-3-thread-1] INFO  com.rs.mv.mvvs.client.catalog.from.scan.CurrentPathScanner - [client:400205]scan file in current open file directory(C:/Users/ACEL/Downloads/testpindahcontrollerkesuperadmin/app/Http/Controllers/Frontend)
2025-12-21 21:23:40.568 [pool-3-thread-1] INFO  com.rs.mv.mvvs.client.catalog.from.scan.CurrentPathScanner - [client:400205]scan file in current open file directory(C:/Users/ACEL/Downloads/testpindahcontrollerkesuperadmin/app/Http/Controllers/Frontend)
2025-12-21 21:23:56.891 [pool-3-thread-1] INFO  com.rs.mv.mvvs.client.catalog.from.scan.CurrentPathScanner - [client:400205]scan file in current open file directory(C:/Users/ACEL/Downloads/testpindahcontrollerkesuperadmin/public/frontend/assets/js)
2025-12-21 21:24:04.989 [pool-3-thread-1] INFO  com.rs.mv.mvvs.client.catalog.from.scan.CurrentPathScanner - [client:400205]scan file in current open file directory(C:/Users/ACEL/Downloads/testpindahcontrollerkesuperadmin/resources/views/frontend/cart)
2025-12-21 21:26:14.432 [pool-3-thread-1] INFO  com.rs.mv.mvvs.client.catalog.from.scan.CurrentPathScanner - [client:400205]scan file in current open file directory(C:/Users/ACEL/Downloads/testpindahcontrollerkesuperadmin/routes)
