2026-01-24 05:03:17.290 [pool-3-thread-1] INFO  com.rs.mv.mvvs.client.catalog.from.scan.CurrentPathScanner - [client:400205]scan file in current open file directory(C:/Users/ACEL/Downloads/tanpacompressimage/database/migrations)
2026-01-24 05:03:22.915 [pool-3-thread-1] INFO  com.rs.mv.mvvs.client.catalog.from.scan.CurrentPathScanner - [client:400205]scan file in current open file directory(C:/Users/ACEL/Downloads/tanpacompressimage/database/migrations)
2026-01-24 05:04:42.363 [pool-3-thread-1] INFO  com.rs.mv.mvvs.client.catalog.from.scan.CurrentPathScanner - [client:400205]scan file in current open file directory(C:/Users/ACEL/Downloads/tanpacompressimage/app/Models)
2026-01-24 05:04:50.087 [pool-3-thread-1] INFO  com.rs.mv.mvvs.client.catalog.from.scan.CurrentPathScanner - [client:400205]scan file in current open file directory(C:/Users/ACEL/Downloads/tanpacompressimage/app/Models)
2026-01-24 05:04:55.721 [pool-3-thread-1] INFO  com.rs.mv.mvvs.client.catalog.from.scan.CurrentPathScanner - [client:400205]scan file in current open file directory(C:/Users/ACEL/Downloads/tanpacompressimage/app/Models)
2026-01-24 05:05:02.081 [pool-3-thread-1] INFO  com.rs.mv.mvvs.client.catalog.from.scan.CurrentPathScanner - [client:400205]scan file in current open file directory(C:/Users/ACEL/Downloads/tanpacompressimage/app/Models)
2026-01-24 05:05:31.561 [pool-3-thread-1] INFO  com.rs.mv.mvvs.client.catalog.from.scan.CurrentPathScanner - [client:400205]scan file in current open file directory(C:/Users/ACEL/Downloads/tanpacompressimage/app/Models)
2026-01-24 05:06:46.339 [pool-3-thread-1] INFO  com.rs.mv.mvvs.client.catalog.from.scan.CurrentPathScanner - [client:400205]scan file in current open file directory(C:/Users/ACEL/Downloads/tanpacompressimage/app/Models)
2026-01-24 05:08:14.392 [pool-3-thread-1] INFO  com.rs.mv.mvvs.client.catalog.from.scan.CurrentPathScanner - [client:400205]scan file in current open file directory(C:/Users/ACEL/Downloads/tanpacompressimage/app/Models)
2026-01-24 05:08:44.817 [pool-3-thread-1] INFO  com.rs.mv.mvvs.client.catalog.from.scan.CurrentPathScanner - [client:400205]scan file in current open file directory(C:/Users/ACEL/Downloads/tanpacompressimage/app/Models)
2026-01-24 05:10:34.395 [pool-3-thread-1] INFO  com.rs.mv.mvvs.client.catalog.from.scan.CurrentPathScanner - [client:400205]scan file in current open file directory(C:/Users/ACEL/Downloads/tanpacompressimage/app/Http/Requests)
2026-01-24 05:10:44.062 [pool-3-thread-1] INFO  com.rs.mv.mvvs.client.catalog.from.scan.CurrentPathScanner - [client:400205]scan file in current open file directory(C:/Users/ACEL/Downloads/tanpacompressimage/app/Models)
2026-01-24 05:10:49.645 [pool-3-thread-1] INFO  com.rs.mv.mvvs.client.catalog.from.scan.CurrentPathScanner - [client:400205]scan file in current open file directory(C:/Users/ACEL/Downloads/tanpacompressimage/app/Http/Requests)
2026-01-24 05:11:01.818 [pool-3-thread-1] INFO  com.rs.mv.mvvs.client.catalog.from.scan.CurrentPathScanner - [client:400205]scan file in current open file directory(C:/Users/ACEL/Downloads/tanpacompressimage/app/Http/Requests)
2026-01-24 05:11:44.818 [pool-3-thread-1] INFO  com.rs.mv.mvvs.client.catalog.from.scan.CurrentPathScanner - [client:400205]scan file in current open file directory(C:/Users/ACEL/Downloads/tanpacompressimage/routes)
2026-01-24 05:14:39.168 [pool-3-thread-1] INFO  com.rs.mv.mvvs.client.catalog.from.scan.CurrentPathScanner - [client:400205]scan file in current open file directory(C:/Users/ACEL/Downloads/tanpacompressimage/app/Http/Controllers/Customer)
2026-01-24 05:15:16.348 [pool-3-thread-1] INFO  com.rs.mv.mvvs.client.catalog.from.scan.CurrentPathScanner - [client:400205]scan file in current open file directory(C:/Users/ACEL/Downloads/tanpacompressimage/routes)
2026-01-24 05:19:20.902 [pool-3-thread-1] INFO  com.rs.mv.mvvs.client.catalog.from.scan.CurrentPathScanner - [client:400205]scan file in current open file directory(C:/Users/ACEL/Downloads/tanpacompressimage/app/Http/Controllers/SuperAdmin)
2026-01-24 05:19:38.429 [pool-3-thread-1] INFO  com.rs.mv.mvvs.client.catalog.from.scan.CurrentPathScanner - [client:400205]scan file in current open file directory(C:/Users/ACEL/Downloads/tanpacompressimage/routes)
2026-01-24 05:46:19.560 [pool-3-thread-1] INFO  com.rs.mv.mvvs.client.catalog.from.scan.CurrentPathScanner - [client:400205]scan file in current open file directory(C:/Users/ACEL/Downloads/tanpacompressimage/resources/views/frontend/orders)
2026-01-24 05:46:20.140 [pool-3-thread-1] INFO  com.rs.mv.mvvs.client.catalog.from.scan.CurrentPathScanner - [client:400205]scan file in current open file directory(C:/Users/ACEL/Downloads/tanpacompressimage/app/Http/Controllers/SuperAdmin)
2026-01-24 05:46:35.510 [pool-3-thread-1] INFO  com.rs.mv.mvvs.client.catalog.from.scan.CurrentPathScanner - [client:400205]scan file in current open file directory(C:/Users/ACEL/Downloads/tanpacompressimage/resources/views/frontend/orders)
2026-01-24 05:47:36.022 [pool-3-thread-1] INFO  com.rs.mv.mvvs.client.catalog.from.scan.CurrentPathScanner - [client:400205]scan file in current open file directory(C:/Users/ACEL/Downloads/tanpacompressimage/app/Http/Controllers/SuperAdmin)
2026-01-24 05:47:45.988 [pool-3-thread-1] INFO  com.rs.mv.mvvs.client.catalog.from.scan.CurrentPathScanner - [client:400205]scan file in current open file directory(C:/Users/ACEL/Downloads/tanpacompressimage/resources/views/customer)
2026-01-24 05:47:51.083 [pool-3-thread-1] INFO  com.rs.mv.mvvs.client.catalog.from.scan.CurrentPathScanner - [client:400205]scan file in current open file directory(C:/Users/ACEL/Downloads/tanpacompressimage/resources/views/frontend/cart)
2026-01-24 05:47:53.414 [pool-3-thread-1] INFO  com.rs.mv.mvvs.client.catalog.from.scan.CurrentPathScanner - [client:400205]scan file in current open file directory(C:/Users/ACEL/Downloads/tanpacompressimage/resources/views/frontend/orders)
2026-01-24 05:57:44.420 [pool-3-thread-1] INFO  com.rs.mv.mvvs.client.catalog.from.scan.CurrentPathScanner - [client:400205]scan file in current open file directory(C:/Users/ACEL/Downloads/tanpacompressimage/resources/views/customer/reviews)
2026-01-24 06:05:59.992 [pool-3-thread-1] INFO  com.rs.mv.mvvs.client.catalog.from.scan.CurrentPathScanner - [client:400205]scan file in current open file directory(C:/Users/ACEL/Downloads/tanpacompressimage/resources/views/superadmin/reviews)
2026-01-24 06:06:05.991 [pool-3-thread-1] INFO  com.rs.mv.mvvs.client.catalog.from.scan.CurrentPathScanner - [client:400205]scan file in current open file directory(C:/Users/ACEL/Downloads/tanpacompressimage/resources/views/superadmin/reviews)
2026-01-24 06:06:45.197 [pool-3-thread-1] INFO  com.rs.mv.mvvs.client.catalog.from.scan.CurrentPathScanner - [client:400205]scan file in current open file directory(C:/Users/ACEL/Downloads/tanpacompressimage/resources/views/superadmin/reviews)
2026-01-24 06:06:50.678 [pool-3-thread-1] INFO  com.rs.mv.mvvs.client.catalog.from.scan.CurrentPathScanner - [client:400205]scan file in current open file directory(C:/Users/ACEL/Downloads/tanpacompressimage/resources/views/superadmin/reviews)
2026-01-24 06:06:50.788 [pool-3-thread-1] INFO  com.rs.mv.mvvs.client.catalog.from.scan.CurrentPathScanner - [client:400205]scan file in current open file directory(C:/Users/ACEL/Downloads/tanpacompressimage/resources/views/superadmin/reviews)
2026-01-24 06:06:56.848 [pool-3-thread-1] INFO  com.rs.mv.mvvs.client.catalog.from.scan.CurrentPathScanner - [client:400205]scan file in current open file directory(C:/Users/ACEL/Downloads/tanpacompressimage/resources/views/superadmin/reviews)
2026-01-24 06:06:59.872 [pool-3-thread-1] INFO  com.rs.mv.mvvs.client.catalog.from.scan.CurrentPathScanner - [client:400205]scan file in current open file directory(C:/Users/ACEL/Downloads/tanpacompressimage/resources/views/superadmin/reviews)
2026-01-24 06:07:11.541 [pool-3-thread-1] INFO  com.rs.mv.mvvs.client.catalog.from.scan.CurrentPathScanner - [client:400205]scan file in current open file directory(C:/Users/ACEL/Downloads/tanpacompressimage/resources/views/superadmin/reviews)
2026-01-24 06:07:18.669 [pool-3-thread-1] INFO  com.rs.mv.mvvs.client.catalog.from.scan.CurrentPathScanner - [client:400205]scan file in current open file directory(C:/Users/ACEL/Downloads/tanpacompressimage/resources/views/superadmin/reviews)
2026-01-24 06:07:48.435 [pool-3-thread-1] INFO  com.rs.mv.mvvs.client.catalog.from.scan.CurrentPathScanner - [client:400205]scan file in current open file directory(C:/Users/ACEL/Downloads/tanpacompressimage/resources/views/superadmin/reviews)
2026-01-24 08:05:03.014 [pool-3-thread-1] INFO  com.rs.mv.mvvs.client.catalog.from.scan.CurrentPathScanner - [client:400205]scan file in current open file directory(C:/Users/ACEL/Downloads/tanpacompressimage/resources/views/frontend/orders)
2026-01-24 08:14:43.784 [pool-3-thread-1] INFO  com.rs.mv.mvvs.client.catalog.from.scan.CurrentPathScanner - [client:400205]scan file in current open file directory(C:/Users/ACEL/Downloads/tanpacompressimage/resources/views/superadmin/reviews)
2026-01-24 08:30:51.241 [pool-3-thread-1] INFO  com.rs.mv.mvvs.client.catalog.from.scan.CurrentPathScanner - [client:400205]scan file in current open file directory(C:/Users/ACEL/Downloads/tanpacompressimage/app/Http/Controllers/SuperAdmin)
2026-01-24 08:43:36.265 [pool-3-thread-1] INFO  com.rs.mv.mvvs.client.catalog.from.scan.CurrentPathScanner - [client:400205]scan file in current open file directory(C:/Users/ACEL/Downloads/tanpacompressimage/resources/views/frontend/orders)
2026-01-24 08:44:11.129 [pool-3-thread-1] INFO  com.rs.mv.mvvs.client.catalog.from.scan.CurrentPathScanner - [client:400205]scan file in current open file directory(C:/Users/ACEL/Downloads/tanpacompressimage/database/migrations)
2026-01-24 08:45:16.057 [pool-3-thread-1] INFO  com.rs.mv.mvvs.client.catalog.from.scan.CurrentPathScanner - [client:400205]scan file in current open file directory(C:/Users/ACEL/Downloads/tanpacompressimage/resources/views/frontend/orders)
2026-01-24 08:53:41.908 [pool-3-thread-1] INFO  com.rs.mv.mvvs.client.catalog.from.scan.CurrentPathScanner - [client:400205]scan file in current open file directory(C:/Users/ACEL/Downloads/tanpacompressimage/app/Http/Controllers/SuperAdmin)
2026-01-24 09:10:46.485 [pool-3-thread-1] INFO  com.rs.mv.mvvs.client.catalog.from.scan.CurrentPathScanner - [client:400205]scan file in current open file directory(C:/Users/ACEL/Downloads/tanpacompressimage/resources/views/frontend/orders)
2026-01-24 09:25:31.359 [pool-3-thread-1] INFO  com.rs.mv.mvvs.client.catalog.from.scan.CurrentPathScanner - [client:400205]scan file in current open file directory(C:/Users/ACEL/Downloads/tanpacompressimage/resources/views/frontend/orders)
2026-01-24 09:25:32.602 [pool-3-thread-1] INFO  com.rs.mv.mvvs.client.catalog.from.scan.CurrentPathScanner - [client:400205]scan file in current open file directory(C:/Users/ACEL/Downloads/tanpacompressimage/routes)
2026-01-24 09:30:07.695 [pool-3-thread-1] INFO  com.rs.mv.mvvs.client.catalog.from.scan.CurrentPathScanner - [client:400205]scan file in current open file directory(C:/Users/ACEL/Downloads/tanpacompressimage/resources/views/frontend)
2026-01-24 09:36:40.235 [pool-3-thread-1] INFO  com.rs.mv.mvvs.client.catalog.from.scan.CurrentPathScanner - [client:400205]scan file in current open file directory(C:/Users/ACEL/Downloads/tanpacompressimage/app/Http/Controllers/Frontend)
2026-01-24 09:40:25.644 [pool-3-thread-1] INFO  com.rs.mv.mvvs.client.catalog.from.scan.CurrentPathScanner - [client:400205]scan file in current open file directory(C:/Users/ACEL/Downloads/tanpacompressimage/resources/views/customer)
2026-01-24 09:40:47.881 [pool-3-thread-1] INFO  com.rs.mv.mvvs.client.catalog.from.scan.CurrentPathScanner - [client:400205]scan file in current open file directory(C:/Users/ACEL/Downloads/tanpacompressimage/resources/views/frontend/orders)
2026-01-24 09:40:49.579 [pool-3-thread-1] INFO  com.rs.mv.mvvs.client.catalog.from.scan.CurrentPathScanner - [client:400205]scan file in current open file directory(C:/Users/ACEL/Downloads/tanpacompressimage/resources/views/frontend)
2026-01-24 09:41:09.956 [pool-3-thread-1] INFO  com.rs.mv.mvvs.client.catalog.from.scan.CurrentPathScanner - [client:400205]scan file in current open file directory(C:/Users/ACEL/Downloads/tanpacompressimage/resources/views/customer)
2026-01-24 09:41:16.795 [pool-3-thread-1] INFO  com.rs.mv.mvvs.client.catalog.from.scan.CurrentPathScanner - [client:400205]scan file in current open file directory(C:/Users/ACEL/Downloads/tanpacompressimage/resources/views/frontend)
2026-01-24 10:08:38.649 [pool-3-thread-1] INFO  com.rs.mv.mvvs.client.catalog.from.scan.CurrentPathScanner - [client:400205]scan file in current open file directory(C:/Users/ACEL/Downloads/tanpacompressimage/resources/views/customer)
2026-01-24 10:08:39.211 [pool-3-thread-1] INFO  com.rs.mv.mvvs.client.catalog.from.scan.CurrentPathScanner - [client:400205]scan file in current open file directory(C:/Users/ACEL/Downloads/tanpacompressimage/resources/views/frontend)
2026-01-24 10:09:55.549 [pool-3-thread-1] INFO  com.rs.mv.mvvs.client.catalog.from.scan.CurrentPathScanner - [client:400205]scan file in current open file directory(C:/Users/ACEL/Downloads/tanpacompressimage/resources/views/customer)
2026-01-24 10:10:05.703 [pool-3-thread-1] INFO  com.rs.mv.mvvs.client.catalog.from.scan.CurrentPathScanner - [client:400205]scan file in current open file directory(C:/Users/ACEL/Downloads/tanpacompressimage/app/Models)
2026-01-24 10:36:56.156 [pool-3-thread-1] INFO  com.rs.mv.mvvs.client.catalog.from.scan.CurrentPathScanner - [client:400205]scan file in current open file directory(C:/Users/ACEL/Downloads/tanpacompressimage/routes)
2026-01-24 10:38:21.768 [pool-3-thread-1] INFO  com.rs.mv.mvvs.client.catalog.from.scan.CurrentPathScanner - [client:400205]scan file in current open file directory(C:/Users/ACEL/Downloads/tanpacompressimage/app/Http/Controllers/Frontend)
2026-01-24 10:38:42.695 [pool-3-thread-1] INFO  com.rs.mv.mvvs.client.catalog.from.scan.CurrentPathScanner - [client:400205]scan file in current open file directory(C:/Users/ACEL/Downloads/tanpacompressimage/app/Models)
2026-01-24 10:39:16.516 [pool-3-thread-1] INFO  com.rs.mv.mvvs.client.catalog.from.scan.CurrentPathScanner - [client:400205]scan file in current open file directory(C:/Users/ACEL/Downloads/tanpacompressimage/resources/views/frontend/orders)
2026-01-24 11:04:29.014 [pool-3-thread-1] INFO  com.rs.mv.mvvs.client.catalog.from.scan.CurrentPathScanner - [client:400205]scan file in current open file directory(C:/Users/ACEL/Downloads/tanpacompressimage/app/Models)
2026-01-24 11:05:10.920 [pool-3-thread-1] INFO  com.rs.mv.mvvs.client.catalog.from.scan.CurrentPathScanner - [client:400205]scan file in current open file directory(C:/Users/ACEL/Downloads/tanpacompressimage/app/Http/Controllers/SuperAdmin)
2026-01-24 11:05:14.162 [pool-3-thread-1] INFO  com.rs.mv.mvvs.client.catalog.from.scan.CurrentPathScanner - [client:400205]scan file in current open file directory(C:/Users/ACEL/Downloads/tanpacompressimage/app/Http/Controllers/Frontend)
2026-01-24 11:05:58.987 [pool-3-thread-1] INFO  com.rs.mv.mvvs.client.catalog.from.scan.CurrentPathScanner - [client:400205]scan file in current open file directory(C:/Users/ACEL/Downloads/tanpacompressimage/resources/views/frontend/orders)
2026-01-24 11:06:03.674 [pool-3-thread-1] INFO  com.rs.mv.mvvs.client.catalog.from.scan.CurrentPathScanner - [client:400205]scan file in current open file directory(C:/Users/ACEL/Downloads/tanpacompressimage/resources/views/frontend/orders)
2026-01-24 11:17:42.363 [pool-3-thread-1] INFO  com.rs.mv.mvvs.client.catalog.from.scan.CurrentPathScanner - [client:400205]scan file in current open file directory(C:/Users/ACEL/Downloads/tanpacompressimage/resources/views/frontend/checkout)
2026-01-24 11:18:09.309 [pool-3-thread-1] INFO  com.rs.mv.mvvs.client.catalog.from.scan.CurrentPathScanner - [client:400205]scan file in current open file directory(C:/Users/ACEL/Downloads/tanpacompressimage/resources/views/frontend)
2026-01-24 11:18:12.824 [pool-3-thread-1] INFO  com.rs.mv.mvvs.client.catalog.from.scan.CurrentPathScanner - [client:400205]scan file in current open file directory(C:/Users/ACEL/Downloads/tanpacompressimage/resources/views/frontend/checkout)
2026-01-24 11:18:20.033 [pool-3-thread-1] INFO  com.rs.mv.mvvs.client.catalog.from.scan.CurrentPathScanner - [client:400205]scan file in current open file directory(C:/Users/ACEL/Downloads/tanpacompressimage/resources/views/frontend)
2026-01-24 11:18:38.259 [pool-3-thread-1] INFO  com.rs.mv.mvvs.client.catalog.from.scan.CurrentPathScanner - [client:400205]scan file in current open file directory(C:/Users/ACEL/Downloads/tanpacompressimage/public/frontend/assets/css/modalstore)
2026-01-24 11:20:20.778 [pool-3-thread-1] INFO  com.rs.mv.mvvs.client.catalog.from.scan.CurrentPathScanner - [client:400205]scan file in current open file directory(C:/Users/ACEL/Downloads/tanpacompressimage/resources/views/frontend/orders)
2026-01-24 11:34:09.722 [pool-3-thread-1] INFO  com.rs.mv.mvvs.client.catalog.from.scan.CurrentPathScanner - [client:400205]scan file in current open file directory(C:/Users/ACEL/Downloads/tanpacompressimage/resources/views/frontend)
2026-01-24 11:35:41.976 [pool-3-thread-1] INFO  com.rs.mv.mvvs.client.catalog.from.scan.CurrentPathScanner - [client:400205]scan file in current open file directory(C:/Users/ACEL/Downloads/tanpacompressimage/public/frontend/assets/css/modalstore)
2026-01-24 11:38:00.909 [pool-3-thread-1] INFO  com.rs.mv.mvvs.client.catalog.from.scan.CurrentPathScanner - [client:400205]scan file in current open file directory(C:/Users/ACEL/Downloads/tanpacompressimage/resources/views/frontend/orders)
2026-01-24 11:43:28.972 [pool-3-thread-1] INFO  com.rs.mv.mvvs.client.catalog.from.scan.CurrentPathScanner - [client:400205]scan file in current open file directory(C:/Users/ACEL/Downloads/tanpacompressimage/resources/views/frontend/checkout)
2026-01-24 11:43:45.454 [pool-3-thread-1] INFO  com.rs.mv.mvvs.client.catalog.from.scan.CurrentPathScanner - [client:400205]scan file in current open file directory(C:/Users/ACEL/Downloads/tanpacompressimage/resources/views/frontend)
2026-01-24 11:43:50.922 [pool-3-thread-1] INFO  com.rs.mv.mvvs.client.catalog.from.scan.CurrentPathScanner - [client:400205]scan file in current open file directory(C:/Users/ACEL/Downloads/tanpacompressimage/public/frontend/assets/css/modalstore)
2026-01-24 11:43:55.164 [pool-3-thread-1] INFO  com.rs.mv.mvvs.client.catalog.from.scan.CurrentPathScanner - [client:400205]scan file in current open file directory(C:/Users/ACEL/Downloads/tanpacompressimage/public/frontend/assets/css/modalstore)
2026-01-24 11:46:24.042 [pool-3-thread-1] INFO  com.rs.mv.mvvs.client.catalog.from.scan.CurrentPathScanner - [client:400205]scan file in current open file directory(C:/Users/ACEL/Downloads/tanpacompressimage/resources/views/frontend/checkout)
2026-01-24 11:46:29.398 [pool-3-thread-1] INFO  com.rs.mv.mvvs.client.catalog.from.scan.CurrentPathScanner - [client:400205]scan file in current open file directory(C:/Users/ACEL/Downloads/tanpacompressimage/resources/views/frontend/orders)
2026-01-24 13:01:29.495 [pool-3-thread-1] INFO  com.rs.mv.mvvs.client.catalog.from.scan.CurrentPathScanner - [client:400205]scan file in current open file directory(C:/Users/ACEL/Downloads/tanpacompressimage/resources/views/frontend/checkout)
2026-01-24 13:01:34.588 [pool-3-thread-1] INFO  com.rs.mv.mvvs.client.catalog.from.scan.CurrentPathScanner - [client:400205]scan file in current open file directory(C:/Users/ACEL/Downloads/tanpacompressimage/public/frontend/assets/css/modalstore)
2026-01-24 13:01:41.713 [pool-3-thread-1] INFO  com.rs.mv.mvvs.client.catalog.from.scan.CurrentPathScanner - [client:400205]scan file in current open file directory(C:/Users/ACEL/Downloads/tanpacompressimage/public/frontend/assets/css/modalstore)
2026-01-24 13:01:43.592 [pool-3-thread-1] INFO  com.rs.mv.mvvs.client.catalog.from.scan.CurrentPathScanner - [client:400205]scan file in current open file directory(C:/Users/ACEL/Downloads/tanpacompressimage/public/frontend/assets/css/modalstore)
2026-01-24 13:01:49.959 [pool-3-thread-1] INFO  com.rs.mv.mvvs.client.catalog.from.scan.CurrentPathScanner - [client:400205]scan file in current open file directory(C:/Users/ACEL/Downloads/tanpacompressimage/resources/views/frontend/checkout)
2026-01-24 13:07:49.183 [pool-3-thread-1] INFO  com.rs.mv.mvvs.client.catalog.from.scan.CurrentPathScanner - [client:400205]scan file in current open file directory(C:/Users/ACEL/Downloads/tanpacompressimage/resources/views/frontend/orders)
2026-01-24 13:19:23.521 [pool-3-thread-1] INFO  com.rs.mv.mvvs.client.catalog.from.scan.CurrentPathScanner - [client:400205]scan file in current open file directory(C:/Users/ACEL/Downloads/tanpacompressimage/public/frontend/assets/css/modalstore)
2026-01-24 13:19:24.928 [pool-3-thread-1] INFO  com.rs.mv.mvvs.client.catalog.from.scan.CurrentPathScanner - [client:400205]scan file in current open file directory(C:/Users/ACEL/Downloads/tanpacompressimage/resources/views/superadmin/toko)
2026-01-24 13:19:32.454 [pool-3-thread-1] INFO  com.rs.mv.mvvs.client.catalog.from.scan.CurrentPathScanner - [client:400205]scan file in current open file directory(C:/Users/ACEL/Downloads/tanpacompressimage/resources/views/frontend/checkout)
2026-01-24 13:19:44.318 [pool-3-thread-1] INFO  com.rs.mv.mvvs.client.catalog.from.scan.CurrentPathScanner - [client:400205]scan file in current open file directory(C:/Users/ACEL/Downloads/tanpacompressimage/resources/views/frontend/orders)
2026-01-24 13:20:41.498 [pool-3-thread-1] INFO  com.rs.mv.mvvs.client.catalog.from.scan.CurrentPathScanner - [client:400205]scan file in current open file directory(C:/Users/ACEL/Downloads/tanpacompressimage/public/frontend/assets/css/modalorder)
2026-01-24 13:21:17.273 [pool-3-thread-1] INFO  com.rs.mv.mvvs.client.catalog.from.scan.CurrentPathScanner - [client:400205]scan file in current open file directory(C:/Users/ACEL/Downloads/tanpacompressimage/public/frontend/assets/js/modalorder)
2026-01-24 13:21:28.002 [pool-3-thread-1] INFO  com.rs.mv.mvvs.client.catalog.from.scan.CurrentPathScanner - [client:400205]scan file in current open file directory(C:/Users/ACEL/Downloads/tanpacompressimage/resources/views/frontend/orders)
2026-01-24 13:21:35.717 [pool-3-thread-1] INFO  com.rs.mv.mvvs.client.catalog.from.scan.CurrentPathScanner - [client:400205]scan file in current open file directory(C:/Users/ACEL/Downloads/tanpacompressimage/resources/views/frontend/checkout)
2026-01-24 13:21:55.665 [pool-3-thread-1] INFO  com.rs.mv.mvvs.client.catalog.from.scan.CurrentPathScanner - [client:400205]scan file in current open file directory(C:/Users/ACEL/Downloads/tanpacompressimage/resources/views/frontend)
2026-01-24 13:22:05.053 [pool-3-thread-1] INFO  com.rs.mv.mvvs.client.catalog.from.scan.CurrentPathScanner - [client:400205]scan file in current open file directory(C:/Users/ACEL/Downloads/tanpacompressimage/resources/views/frontend/orders)
2026-01-24 13:28:22.489 [pool-3-thread-1] INFO  com.rs.mv.mvvs.client.catalog.from.scan.CurrentPathScanner - [client:400205]scan file in current open file directory(C:/Users/ACEL/Downloads/tanpacompressimage/public/frontend/assets/css/modalorder)
2026-01-24 13:29:05.098 [pool-3-thread-1] INFO  com.rs.mv.mvvs.client.catalog.from.scan.CurrentPathScanner - [client:400205]scan file in current open file directory(C:/Users/ACEL/Downloads/tanpacompressimage/resources/views/frontend/orders)
2026-01-24 13:38:00.383 [pool-3-thread-1] INFO  com.rs.mv.mvvs.client.catalog.from.scan.CurrentPathScanner - [client:400205]scan file in current open file directory(C:/Users/ACEL/Downloads/tanpacompressimage/public/frontend/assets/css/modalorder)
2026-01-24 13:38:06.669 [pool-3-thread-1] INFO  com.rs.mv.mvvs.client.catalog.from.scan.CurrentPathScanner - [client:400205]scan file in current open file directory(C:/Users/ACEL/Downloads/tanpacompressimage/public/frontend/assets/js/modalorder)
2026-01-24 13:38:30.345 [pool-3-thread-1] INFO  com.rs.mv.mvvs.client.catalog.from.scan.CurrentPathScanner - [client:400205]scan file in current open file directory(C:/Users/ACEL/Downloads/tanpacompressimage/resources/views/frontend/orders)
2026-01-24 13:52:50.625 [pool-3-thread-1] INFO  com.rs.mv.mvvs.client.catalog.from.scan.CurrentPathScanner - [client:400205]scan file in current open file directory(C:/Users/ACEL/Downloads/tanpacompressimage/resources/views/frontend)
2026-01-24 13:54:19.203 [pool-3-thread-1] INFO  com.rs.mv.mvvs.client.catalog.from.scan.CurrentPathScanner - [client:400205]scan file in current open file directory(C:/Users/ACEL/Downloads/tanpacompressimage/resources/views/frontend/orders)
2026-01-24 14:22:09.349 [pool-3-thread-1] INFO  com.rs.mv.mvvs.client.catalog.from.scan.CurrentPathScanner - [client:400205]scan file in current open file directory(C:/Users/ACEL/Downloads/tanpacompressimage/resources/views/frontend)
2026-01-24 14:22:09.838 [pool-3-thread-1] INFO  com.rs.mv.mvvs.client.catalog.from.scan.CurrentPathScanner - [client:400205]scan file in current open file directory(C:/Users/ACEL/Downloads/tanpacompressimage/resources/views/frontend/orders)
2026-01-24 14:54:30.991 [pool-3-thread-1] INFO  com.rs.mv.mvvs.client.catalog.from.scan.CurrentPathScanner - [client:400205]scan file in current open file directory(C:/Users/ACEL/Downloads/tanpacompressimage/public/frontend/assets/css)
2026-01-24 14:54:32.131 [pool-3-thread-1] INFO  com.rs.mv.mvvs.client.catalog.from.scan.CurrentPathScanner - [client:400205]scan file in current open file directory(C:/Users/ACEL/Downloads/tanpacompressimage/public/frontend/assets/css)
2026-01-24 14:55:02.150 [pool-3-thread-1] INFO  com.rs.mv.mvvs.client.catalog.from.scan.CurrentPathScanner - [client:400205]scan file in current open file directory(C:/Users/ACEL/Downloads/tanpacompressimage/resources/views/components)
2026-01-24 15:17:11.876 [pool-3-thread-1] INFO  com.rs.mv.mvvs.client.catalog.from.scan.CurrentPathScanner - [client:400205]scan file in current open file directory(C:/Users/ACEL/Downloads/tanpacompressimage/resources/views/frontend)
2026-01-24 15:35:26.226 [pool-3-thread-1] INFO  com.rs.mv.mvvs.client.catalog.from.scan.CurrentPathScanner - [client:400205]scan file in current open file directory(C:/Users/ACEL/Downloads/tanpacompressimage/resources/views/frontend/orders)
2026-01-24 15:36:20.629 [pool-3-thread-1] INFO  com.rs.mv.mvvs.client.catalog.from.scan.CurrentPathScanner - [client:400205]scan file in current open file directory(C:/Users/ACEL/Downloads/tanpacompressimage/resources/views/frontend)
2026-01-24 15:36:24.885 [pool-3-thread-1] INFO  com.rs.mv.mvvs.client.catalog.from.scan.CurrentPathScanner - [client:400205]scan file in current open file directory(C:/Users/ACEL/Downloads/tanpacompressimage/routes)
2026-01-24 15:36:25.652 [pool-3-thread-1] INFO  com.rs.mv.mvvs.client.catalog.from.scan.CurrentPathScanner - [client:400205]scan file in current open file directory(C:/Users/ACEL/Downloads/tanpacompressimage/routes)
2026-01-24 15:36:47.428 [pool-3-thread-1] INFO  com.rs.mv.mvvs.client.catalog.from.scan.CurrentPathScanner - [client:400205]scan file in current open file directory(C:/Users/ACEL/Downloads/tanpacompressimage/app/Http/Controllers/SuperAdmin)
2026-01-24 15:38:19.529 [pool-3-thread-1] INFO  com.rs.mv.mvvs.client.catalog.from.scan.CurrentPathScanner - [client:400205]scan file in current open file directory(C:/Users/ACEL/Downloads/tanpacompressimage/resources/views/frontend/orders)
