2025-12-20 08:06:47.524 [pool-3-thread-1] INFO  com.rs.mv.mvvs.client.catalog.from.scan.CurrentPathScanner - [client:400205]scan file in current open file directory(C:/Users/ACEL/Downloads/testpindahcontrollerkesuperadmin/resources/views/frontend)
2025-12-20 08:07:05.525 [pool-3-thread-1] INFO  com.rs.mv.mvvs.client.catalog.from.scan.CurrentPathScanner - [client:400205]scan file in current open file directory(C:/Users/ACEL/Downloads/testpindahcontrollerkesuperadmin/public/frontend/assets/css)
2025-12-20 08:07:10.286 [pool-3-thread-1] INFO  com.rs.mv.mvvs.client.catalog.from.scan.CurrentPathScanner - [client:400205]scan file in current open file directory(C:/Users/ACEL/Downloads/testpindahcontrollerkesuperadmin/resources/views/frontend)
2025-12-20 08:08:21.994 [pool-3-thread-1] INFO  com.rs.mv.mvvs.client.catalog.from.scan.CurrentPathScanner - [client:400205]scan file in current open file directory(C:/Users/ACEL/Downloads/testpindahcontrollerkesuperadmin/app/Http/Controllers/Frontend)
2025-12-20 08:08:30.193 [pool-3-thread-1] INFO  com.rs.mv.mvvs.client.catalog.from.scan.CurrentPathScanner - [client:400205]scan file in current open file directory(C:/Users/ACEL/Downloads/testpindahcontrollerkesuperadmin/public/frontend/assets/css)
2025-12-20 08:08:52.880 [pool-3-thread-1] INFO  com.rs.mv.mvvs.client.catalog.from.scan.CurrentPathScanner - [client:400205]scan file in current open file directory(C:/Users/ACEL/Downloads/testpindahcontrollerkesuperadmin/resources/views/frontend)
2025-12-20 08:16:30.823 [pool-3-thread-1] INFO  com.rs.mv.mvvs.client.catalog.from.scan.CurrentPathScanner - [client:400205]scan file in current open file directory(C:/Users/ACEL/Downloads/testpindahcontrollerkesuperadmin/public/frontend/assets/css)
2025-12-20 08:19:13.363 [pool-3-thread-1] INFO  com.rs.mv.mvvs.client.catalog.from.scan.CurrentPathScanner - [client:400205]scan file in current open file directory(C:/Users/ACEL/Downloads/testpindahcontrollerkesuperadmin/resources/views/frontend)
2025-12-20 08:25:40.583 [pool-3-thread-1] INFO  com.rs.mv.mvvs.client.catalog.from.scan.CurrentPathScanner - [client:400205]scan file in current open file directory(C:/Users/ACEL/Downloads/testpindahcontrollerkesuperadmin/public/frontend/assets/css)
2025-12-20 08:28:34.613 [pool-3-thread-1] INFO  com.rs.mv.mvvs.client.catalog.from.scan.CurrentPathScanner - [client:400205]scan file in current open file directory(C:/Users/ACEL/Downloads/testpindahcontrollerkesuperadmin/public/frontend/assets/css)
2025-12-20 08:29:13.271 [pool-3-thread-1] INFO  com.rs.mv.mvvs.client.catalog.from.scan.CurrentPathScanner - [client:400205]scan file in current open file directory(C:/Users/ACEL/Downloads/testpindahcontrollerkesuperadmin/public/frontend/assets/css)
2025-12-20 09:03:54.092 [pool-3-thread-1] INFO  com.rs.mv.mvvs.client.catalog.from.scan.CurrentPathScanner - [client:400205]scan file in current open file directory(C:/Users/ACEL/Downloads/testpindahcontrollerkesuperadmin/resources/views/frontend)
2025-12-20 09:04:12.606 [pool-3-thread-1] INFO  com.rs.mv.mvvs.client.catalog.from.scan.CurrentPathScanner - [client:400205]scan file in current open file directory(C:/Users/ACEL/Downloads/testpindahcontrollerkesuperadmin/public/frontend/assets/css)
2025-12-20 09:12:32.295 [pool-3-thread-1] INFO  com.rs.mv.mvvs.client.catalog.from.scan.CurrentPathScanner - [client:400205]scan file in current open file directory(C:/Users/ACEL/Downloads/testpindahcontrollerkesuperadmin/resources/views/frontend)
2025-12-20 09:14:29.774 [pool-3-thread-1] INFO  com.rs.mv.mvvs.client.catalog.from.scan.CurrentPathScanner - [client:400205]scan file in current open file directory(C:/Users/ACEL/Downloads/testpindahcontrollerkesuperadmin/public/frontend/assets/css)
2025-12-20 09:25:03.080 [pool-3-thread-1] INFO  com.rs.mv.mvvs.client.catalog.from.scan.CurrentPathScanner - [client:400205]scan file in current open file directory(C:/Users/ACEL/Downloads/testpindahcontrollerkesuperadmin/public/frontend/assets/css)
2025-12-20 09:28:36.947 [pool-3-thread-1] INFO  com.rs.mv.mvvs.client.catalog.from.scan.CurrentPathScanner - [client:400205]scan file in current open file directory(C:/Users/ACEL/Downloads/testpindahcontrollerkesuperadmin/resources/views/frontend)
2025-12-20 09:35:10.250 [pool-3-thread-1] INFO  com.rs.mv.mvvs.client.catalog.from.scan.CurrentPathScanner - [client:400205]scan file in current open file directory(C:/Users/ACEL/Downloads/testpindahcontrollerkesuperadmin/public/frontend/assets/css)
2025-12-20 09:35:11.566 [pool-3-thread-1] INFO  com.rs.mv.mvvs.client.catalog.from.scan.CurrentPathScanner - [client:400205]scan file in current open file directory(C:/Users/ACEL/Downloads/testpindahcontrollerkesuperadmin/resources/views/frontend)
2025-12-20 09:35:28.154 [pool-3-thread-1] INFO  com.rs.mv.mvvs.client.catalog.from.scan.CurrentPathScanner - [client:400205]scan file in current open file directory(C:/Users/ACEL/Downloads/testpindahcontrollerkesuperadmin/public/frontend/assets/css)
2025-12-20 09:48:41.507 [pool-3-thread-1] INFO  com.rs.mv.mvvs.client.catalog.from.scan.CurrentPathScanner - [client:400205]scan file in current open file directory(C:/Users/ACEL/Downloads/testpindahcontrollerkesuperadmin/resources/views/frontend)
2025-12-20 09:53:36.060 [pool-3-thread-1] INFO  com.rs.mv.mvvs.client.catalog.from.scan.CurrentPathScanner - [client:400205]scan file in current open file directory(C:/Users/ACEL/Downloads/testpindahcontrollerkesuperadmin/public/frontend/assets/css)
2025-12-20 10:00:09.656 [pool-3-thread-1] INFO  com.rs.mv.mvvs.client.catalog.from.scan.CurrentPathScanner - [client:400205]scan file in current open file directory(C:/Users/ACEL/Downloads/testpindahcontrollerkesuperadmin/public/frontend/assets/css)
2025-12-20 10:05:10.905 [pool-3-thread-1] INFO  com.rs.mv.mvvs.client.catalog.from.scan.CurrentPathScanner - [client:400205]scan file in current open file directory(C:/Users/ACEL/Downloads/testpindahcontrollerkesuperadmin/resources/views/frontend)
2025-12-20 10:05:15.224 [pool-3-thread-1] INFO  com.rs.mv.mvvs.client.catalog.from.scan.CurrentPathScanner - [client:400205]scan file in current open file directory(C:/Users/ACEL/Downloads/testpindahcontrollerkesuperadmin/resources/views/frontend)
2025-12-20 11:31:49.170 [pool-3-thread-1] INFO  com.rs.mv.mvvs.client.catalog.from.scan.CurrentPathScanner - [client:400205]scan file in current open file directory(C:/Users/ACEL/Downloads/testpindahcontrollerkesuperadmin/public/frontend/assets/css)
2025-12-20 11:31:51.349 [pool-3-thread-1] INFO  com.rs.mv.mvvs.client.catalog.from.scan.CurrentPathScanner - [client:400205]scan file in current open file directory(C:/Users/ACEL/Downloads/testpindahcontrollerkesuperadmin/public/frontend/assets/css)
2025-12-20 11:31:56.760 [pool-3-thread-1] INFO  com.rs.mv.mvvs.client.catalog.from.scan.CurrentPathScanner - [client:400205]scan file in current open file directory(C:/Users/ACEL/Downloads/testpindahcontrollerkesuperadmin/resources/views/frontend)
2025-12-20 11:31:59.361 [pool-3-thread-1] INFO  com.rs.mv.mvvs.client.catalog.from.scan.CurrentPathScanner - [client:400205]scan file in current open file directory(C:/Users/ACEL/Downloads/testpindahcontrollerkesuperadmin/public/frontend/assets/css)
2025-12-20 11:32:05.959 [pool-3-thread-1] INFO  com.rs.mv.mvvs.client.catalog.from.scan.CurrentPathScanner - [client:400205]scan file in current open file directory(C:/Users/ACEL/Downloads/testpindahcontrollerkesuperadmin/public/frontend/assets/css)
2025-12-20 11:32:19.798 [pool-3-thread-1] INFO  com.rs.mv.mvvs.client.catalog.from.scan.CurrentPathScanner - [client:400205]scan file in current open file directory(C:/Users/ACEL/Downloads/testpindahcontrollerkesuperadmin/public/frontend/assets/css)
2025-12-20 11:32:21.315 [pool-3-thread-1] INFO  com.rs.mv.mvvs.client.catalog.from.scan.CurrentPathScanner - [client:400205]scan file in current open file directory(C:/Users/ACEL/Downloads/testpindahcontrollerkesuperadmin/public/frontend/assets/css)
2025-12-20 11:32:23.139 [pool-3-thread-1] INFO  com.rs.mv.mvvs.client.catalog.from.scan.CurrentPathScanner - [client:400205]scan file in current open file directory(C:/Users/ACEL/Downloads/testpindahcontrollerkesuperadmin/public/frontend/assets/css)
2025-12-20 11:32:26.492 [pool-3-thread-1] INFO  com.rs.mv.mvvs.client.catalog.from.scan.CurrentPathScanner - [client:400205]scan file in current open file directory(C:/Users/ACEL/Downloads/testpindahcontrollerkesuperadmin/public/frontend/assets/css)
2025-12-20 11:32:54.696 [pool-3-thread-1] INFO  com.rs.mv.mvvs.client.catalog.from.scan.CurrentPathScanner - [client:400205]scan file in current open file directory(C:/Users/ACEL/Downloads/testpindahcontrollerkesuperadmin/public/frontend/assets/css)
2025-12-20 11:32:55.871 [pool-3-thread-1] INFO  com.rs.mv.mvvs.client.catalog.from.scan.CurrentPathScanner - [client:400205]scan file in current open file directory(C:/Users/ACEL/Downloads/testpindahcontrollerkesuperadmin/public/frontend/assets/css)
2025-12-20 11:32:59.473 [pool-3-thread-1] INFO  com.rs.mv.mvvs.client.catalog.from.scan.CurrentPathScanner - [client:400205]scan file in current open file directory(C:/Users/ACEL/Downloads/testpindahcontrollerkesuperadmin/resources/views/frontend)
2025-12-20 11:33:17.020 [pool-3-thread-1] INFO  com.rs.mv.mvvs.client.catalog.from.scan.CurrentPathScanner - [client:400205]scan file in current open file directory(C:/Users/ACEL/Downloads/testpindahcontrollerkesuperadmin/public/frontend/assets/css)
2025-12-20 11:34:02.980 [pool-3-thread-1] INFO  com.rs.mv.mvvs.client.catalog.from.scan.CurrentPathScanner - [client:400205]scan file in current open file directory(C:/Users/ACEL/Downloads/testpindahcontrollerkesuperadmin/public/frontend/assets/js)
2025-12-20 11:34:38.290 [pool-3-thread-1] INFO  com.rs.mv.mvvs.client.catalog.from.scan.CurrentPathScanner - [client:400205]scan file in current open file directory(C:/Users/ACEL/Downloads/testpindahcontrollerkesuperadmin/public/frontend/assets/css)
2025-12-20 11:37:34.683 [pool-3-thread-1] INFO  com.rs.mv.mvvs.client.catalog.from.scan.CurrentPathScanner - [client:400205]scan file in current open file directory(C:/Users/ACEL/Downloads/testpindahcontrollerkesuperadmin/public/frontend/assets/css)
2025-12-20 11:37:38.447 [pool-3-thread-1] INFO  com.rs.mv.mvvs.client.catalog.from.scan.CurrentPathScanner - [client:400205]scan file in current open file directory(C:/Users/ACEL/Downloads/testpindahcontrollerkesuperadmin/resources/views/frontend)
2025-12-20 11:38:24.639 [pool-3-thread-1] INFO  com.rs.mv.mvvs.client.catalog.from.scan.CurrentPathScanner - [client:400205]scan file in current open file directory(C:/Users/ACEL/Downloads/testpindahcontrollerkesuperadmin/public/frontend/assets/css)
2025-12-20 11:38:24.991 [pool-3-thread-1] INFO  com.rs.mv.mvvs.client.catalog.from.scan.CurrentPathScanner - [client:400205]scan file in current open file directory(C:/Users/ACEL/Downloads/testpindahcontrollerkesuperadmin/resources/views/frontend)
2025-12-20 11:38:31.614 [pool-3-thread-1] INFO  com.rs.mv.mvvs.client.catalog.from.scan.CurrentPathScanner - [client:400205]scan file in current open file directory(C:/Users/ACEL/Downloads/testpindahcontrollerkesuperadmin/public/frontend/assets/css)
2025-12-20 11:38:40.546 [pool-3-thread-1] INFO  com.rs.mv.mvvs.client.catalog.from.scan.CurrentPathScanner - [client:400205]scan file in current open file directory(C:/Users/ACEL/Downloads/testpindahcontrollerkesuperadmin/resources/views/frontend)
2025-12-20 11:39:59.043 [pool-3-thread-1] INFO  com.rs.mv.mvvs.client.catalog.from.scan.CurrentPathScanner - [client:400205]scan file in current open file directory(C:/Users/ACEL/Downloads/testpindahcontrollerkesuperadmin/public/frontend/assets/css)
2025-12-20 11:42:07.795 [pool-3-thread-1] INFO  com.rs.mv.mvvs.client.catalog.from.scan.CurrentPathScanner - [client:400205]scan file in current open file directory(C:/Users/ACEL/Downloads/testpindahcontrollerkesuperadmin/public/frontend/assets/css)
2025-12-20 11:49:11.818 [pool-3-thread-1] INFO  com.rs.mv.mvvs.client.catalog.from.scan.CurrentPathScanner - [client:400205]scan file in current open file directory(C:/Users/ACEL/Downloads/testpindahcontrollerkesuperadmin/public/frontend/assets/css)
2025-12-20 11:49:11.971 [pool-3-thread-1] INFO  com.rs.mv.mvvs.client.catalog.from.scan.CurrentPathScanner - [client:400205]scan file in current open file directory(C:/Users/ACEL/Downloads/testpindahcontrollerkesuperadmin/public/frontend/assets/css)
2025-12-20 11:53:54.856 [pool-3-thread-1] INFO  com.rs.mv.mvvs.client.catalog.from.scan.CurrentPathScanner - [client:400205]scan file in current open file directory(C:/Users/ACEL/Downloads/testpindahcontrollerkesuperadmin/public/frontend/assets/css)
2025-12-20 13:03:46.596 [pool-3-thread-1] INFO  com.rs.mv.mvvs.client.catalog.from.scan.CurrentPathScanner - [client:400205]scan file in current open file directory(C:/Users/ACEL/Downloads/testpindahcontrollerkesuperadmin/public/frontend/assets/css)
2025-12-20 14:14:08.598 [pool-3-thread-1] INFO  com.rs.mv.mvvs.client.catalog.from.scan.CurrentPathScanner - [client:400205]scan file in current open file directory(C:/Users/ACEL/Downloads/testpindahcontrollerkesuperadmin/public/frontend/assets/css)
2025-12-20 14:14:13.205 [pool-3-thread-1] INFO  com.rs.mv.mvvs.client.catalog.from.scan.CurrentPathScanner - [client:400205]scan file in current open file directory(C:/Users/ACEL/Downloads/testpindahcontrollerkesuperadmin/public/frontend/assets/css)
2025-12-20 14:17:49.211 [pool-3-thread-1] INFO  com.rs.mv.mvvs.client.catalog.from.scan.CurrentPathScanner - [client:400205]scan file in current open file directory(C:/Users/ACEL/Downloads/testpindahcontrollerkesuperadmin/resources/views/frontend)
2025-12-20 14:28:00.577 [pool-3-thread-1] INFO  com.rs.mv.mvvs.client.catalog.from.scan.CurrentPathScanner - [client:400205]scan file in current open file directory(C:/Users/ACEL/Downloads/testpindahcontrollerkesuperadmin/public/frontend/assets/css)
2025-12-20 14:28:05.292 [pool-3-thread-1] INFO  com.rs.mv.mvvs.client.catalog.from.scan.CurrentPathScanner - [client:400205]scan file in current open file directory(C:/Users/ACEL/Downloads/testpindahcontrollerkesuperadmin/resources/views/frontend)
2025-12-20 15:40:52.897 [pool-3-thread-1] INFO  com.rs.mv.mvvs.client.catalog.from.scan.CurrentPathScanner - [client:400205]scan file in current open file directory(C:/Users/ACEL/Downloads/testpindahcontrollerkesuperadmin/app/Http/Controllers/Admin)
2025-12-20 22:55:42.410 [pool-3-thread-1] INFO  com.rs.mv.mvvs.client.catalog.from.scan.CurrentPathScanner - [client:400205]scan file in current open file directory(C:/Users/ACEL/Downloads/testpindahcontrollerkesuperadmin/resources/views/frontend)
2025-12-20 23:10:47.774 [pool-3-thread-1] INFO  com.rs.mv.mvvs.client.catalog.from.scan.CurrentPathScanner - [client:400205]scan file in current open file directory(C:/Users/ACEL/Downloads/testpindahcontrollerkesuperadmin/public/frontend/assets/css)
2025-12-20 23:10:54.359 [pool-3-thread-1] INFO  com.rs.mv.mvvs.client.catalog.from.scan.CurrentPathScanner - [client:400205]scan file in current open file directory(C:/Users/ACEL/Downloads/testpindahcontrollerkesuperadmin/public/frontend/assets/css)
2025-12-20 23:11:06.617 [pool-3-thread-1] INFO  com.rs.mv.mvvs.client.catalog.from.scan.CurrentPathScanner - [client:400205]scan file in current open file directory(C:/Users/ACEL/Downloads/testpindahcontrollerkesuperadmin/public/frontend/assets/js)
2025-12-20 23:11:14.806 [pool-3-thread-1] INFO  com.rs.mv.mvvs.client.catalog.from.scan.CurrentPathScanner - [client:400205]scan file in current open file directory(C:/Users/ACEL/Downloads/testpindahcontrollerkesuperadmin/resources/views/frontend)
2025-12-20 23:14:50.871 [pool-3-thread-1] INFO  com.rs.mv.mvvs.client.catalog.from.scan.CurrentPathScanner - [client:400205]scan file in current open file directory(C:/Users/ACEL/Downloads/testpindahcontrollerkesuperadmin/public/frontend/assets/js)
2025-12-20 23:14:54.003 [pool-3-thread-1] INFO  com.rs.mv.mvvs.client.catalog.from.scan.CurrentPathScanner - [client:400205]scan file in current open file directory(C:/Users/ACEL/Downloads/testpindahcontrollerkesuperadmin/public/frontend/assets/css)
2025-12-20 23:15:13.290 [pool-3-thread-1] INFO  com.rs.mv.mvvs.client.catalog.from.scan.CurrentPathScanner - [client:400205]scan file in current open file directory(C:/Users/ACEL/Downloads/testpindahcontrollerkesuperadmin/public/frontend/assets/js)
2025-12-20 23:22:57.371 [pool-3-thread-1] INFO  com.rs.mv.mvvs.client.catalog.from.scan.CurrentPathScanner - [client:400205]scan file in current open file directory(C:/Users/ACEL/Downloads/testpindahcontrollerkesuperadmin/public/frontend/assets/css)
2025-12-20 23:28:21.086 [pool-3-thread-1] INFO  com.rs.mv.mvvs.client.catalog.from.scan.CurrentPathScanner - [client:400205]scan file in current open file directory(C:/Users/ACEL/Downloads/testpindahcontrollerkesuperadmin/public/frontend/assets/css)
