2025-12-27 08:06:06.958 [pool-3-thread-1] INFO  com.rs.mv.mvvs.client.catalog.from.scan.CurrentPathScanner - [client:400205]scan file in current open file directory(C:/Users/ACEL/Downloads/sebelumpecahvariant/app/Models)
2025-12-27 08:06:22.268 [pool-3-thread-1] INFO  com.rs.mv.mvvs.client.catalog.from.scan.CurrentPathScanner - [client:400205]scan file in current open file directory(C:/Users/ACEL/Downloads/sebelumpecahvariant/app/Models)
2025-12-27 08:10:08.195 [pool-3-thread-1] INFO  com.rs.mv.mvvs.client.catalog.from.scan.CurrentPathScanner - [client:400205]scan file in current open file directory(C:/Users/ACEL/Downloads/sebelumpecahvariant/app/Models)
2025-12-27 08:10:46.894 [pool-3-thread-1] INFO  com.rs.mv.mvvs.client.catalog.from.scan.CurrentPathScanner - [client:400205]scan file in current open file directory(C:/Users/ACEL/Downloads/sebelumpecahvariant/app/Models)
2025-12-27 08:11:05.974 [pool-3-thread-1] INFO  com.rs.mv.mvvs.client.catalog.from.scan.CurrentPathScanner - [client:400205]scan file in current open file directory(C:/Users/ACEL/Downloads/sebelumpecahvariant/app/Models)
2025-12-27 08:11:11.636 [pool-3-thread-1] INFO  com.rs.mv.mvvs.client.catalog.from.scan.CurrentPathScanner - [client:400205]scan file in current open file directory(C:/Users/ACEL/Downloads/sebelumpecahvariant/app/Models)
2025-12-27 08:11:19.725 [pool-3-thread-1] INFO  com.rs.mv.mvvs.client.catalog.from.scan.CurrentPathScanner - [client:400205]scan file in current open file directory(C:/Users/ACEL/Downloads/sebelumpecahvariant/app/Models)
2025-12-27 08:12:03.210 [pool-3-thread-1] INFO  com.rs.mv.mvvs.client.catalog.from.scan.CurrentPathScanner - [client:400205]scan file in current open file directory(C:/Users/ACEL/Downloads/sebelumpecahvariant/app/Models)
2025-12-27 08:12:42.958 [pool-3-thread-1] INFO  com.rs.mv.mvvs.client.catalog.from.scan.CurrentPathScanner - [client:400205]scan file in current open file directory(C:/Users/ACEL/Downloads/sebelumpecahvariant/app/Models)
2025-12-27 08:13:17.066 [pool-3-thread-1] INFO  com.rs.mv.mvvs.client.catalog.from.scan.CurrentPathScanner - [client:400205]scan file in current open file directory(C:/Users/ACEL/Downloads/sebelumpecahvariant/app/Models)
2025-12-27 08:13:40.268 [pool-3-thread-1] INFO  com.rs.mv.mvvs.client.catalog.from.scan.CurrentPathScanner - [client:400205]scan file in current open file directory(C:/Users/ACEL/Downloads/sebelumpecahvariant/app/Models)
2025-12-27 08:13:40.902 [pool-3-thread-1] INFO  com.rs.mv.mvvs.client.catalog.from.scan.CurrentPathScanner - [client:400205]scan file in current open file directory(C:/Users/ACEL/Downloads/sebelumpecahvariant/app/Models)
2025-12-27 08:14:57.850 [pool-3-thread-1] INFO  com.rs.mv.mvvs.client.catalog.from.scan.CurrentPathScanner - [client:400205]scan file in current open file directory(C:/Users/ACEL/Downloads/sebelumpecahvariant/app/Models)
2025-12-27 08:15:15.914 [pool-3-thread-1] INFO  com.rs.mv.mvvs.client.catalog.from.scan.CurrentPathScanner - [client:400205]scan file in current open file directory(C:/Users/ACEL/Downloads/sebelumpecahvariant/app/Models)
2025-12-27 08:21:16.296 [pool-3-thread-1] INFO  com.rs.mv.mvvs.client.catalog.from.scan.CurrentPathScanner - [client:400205]scan file in current open file directory(C:/Users/ACEL/Downloads/sebelumpecahvariant/app/Http/Requests)
2025-12-27 08:21:31.332 [pool-3-thread-1] INFO  com.rs.mv.mvvs.client.catalog.from.scan.CurrentPathScanner - [client:400205]scan file in current open file directory(C:/Users/ACEL/Downloads/sebelumpecahvariant/app/Http/Requests/SuperAdmin)
2025-12-27 08:21:32.614 [pool-3-thread-1] INFO  com.rs.mv.mvvs.client.catalog.from.scan.CurrentPathScanner - [client:400205]scan file in current open file directory(C:/Users/ACEL/Downloads/sebelumpecahvariant/app/Http/Requests)
2025-12-27 08:21:33.513 [pool-3-thread-1] INFO  com.rs.mv.mvvs.client.catalog.from.scan.CurrentPathScanner - [client:400205]scan file in current open file directory(C:/Users/ACEL/Downloads/sebelumpecahvariant/app/Http/Requests/SuperAdmin)
2025-12-27 08:22:13.668 [pool-3-thread-1] INFO  com.rs.mv.mvvs.client.catalog.from.scan.CurrentPathScanner - [client:400205]scan file in current open file directory(C:/Users/ACEL/Downloads/sebelumpecahvariant/app/Http/Requests)
2025-12-27 08:22:14.352 [pool-3-thread-1] INFO  com.rs.mv.mvvs.client.catalog.from.scan.CurrentPathScanner - [client:400205]scan file in current open file directory(C:/Users/ACEL/Downloads/sebelumpecahvariant/app/Http/Requests/SuperAdmin)
2025-12-27 08:22:31.313 [pool-3-thread-1] INFO  com.rs.mv.mvvs.client.catalog.from.scan.CurrentPathScanner - [client:400205]scan file in current open file directory(C:/Users/ACEL/Downloads/sebelumpecahvariant/app/Http/Requests/SuperAdmin)
2025-12-27 08:22:41.043 [pool-3-thread-1] INFO  com.rs.mv.mvvs.client.catalog.from.scan.CurrentPathScanner - [client:400205]scan file in current open file directory(C:/Users/ACEL/Downloads/sebelumpecahvariant/app/Http/Requests/SuperAdmin)
2025-12-27 08:23:10.234 [pool-3-thread-1] INFO  com.rs.mv.mvvs.client.catalog.from.scan.CurrentPathScanner - [client:400205]scan file in current open file directory(C:/Users/ACEL/Downloads/sebelumpecahvariant/app/Http/Requests/KepalaToko)
2025-12-27 08:23:32.662 [pool-3-thread-1] INFO  com.rs.mv.mvvs.client.catalog.from.scan.CurrentPathScanner - [client:400205]scan file in current open file directory(C:/Users/ACEL/Downloads/sebelumpecahvariant/app/Http/Requests/SuperAdmin)
2025-12-27 08:23:50.788 [pool-3-thread-1] INFO  com.rs.mv.mvvs.client.catalog.from.scan.CurrentPathScanner - [client:400205]scan file in current open file directory(C:/Users/ACEL/Downloads/sebelumpecahvariant/app/Http/Requests/SuperAdmin)
2025-12-27 08:28:38.671 [pool-3-thread-1] INFO  com.rs.mv.mvvs.client.catalog.from.scan.CurrentPathScanner - [client:400205]scan file in current open file directory(C:/Users/ACEL/Downloads/sebelumpecahvariant/app/Http/Requests/SuperAdmin)
2025-12-27 08:28:54.475 [pool-3-thread-1] INFO  com.rs.mv.mvvs.client.catalog.from.scan.CurrentPathScanner - [client:400205]scan file in current open file directory(C:/Users/ACEL/Downloads/sebelumpecahvariant/app/Http/Requests/KepalaToko)
2025-12-27 08:28:57.158 [pool-3-thread-1] INFO  com.rs.mv.mvvs.client.catalog.from.scan.CurrentPathScanner - [client:400205]scan file in current open file directory(C:/Users/ACEL/Downloads/sebelumpecahvariant/app/Http/Requests/SuperAdmin)
2025-12-27 08:28:58.384 [pool-3-thread-1] INFO  com.rs.mv.mvvs.client.catalog.from.scan.CurrentPathScanner - [client:400205]scan file in current open file directory(C:/Users/ACEL/Downloads/sebelumpecahvariant/app/Http/Requests/SuperAdmin)
2025-12-27 08:29:09.562 [pool-3-thread-1] INFO  com.rs.mv.mvvs.client.catalog.from.scan.CurrentPathScanner - [client:400205]scan file in current open file directory(C:/Users/ACEL/Downloads/sebelumpecahvariant/app/Http/Requests/SuperAdmin)
2025-12-27 08:29:34.330 [pool-3-thread-1] INFO  com.rs.mv.mvvs.client.catalog.from.scan.CurrentPathScanner - [client:400205]scan file in current open file directory(C:/Users/ACEL/Downloads/sebelumpecahvariant/app/Http/Requests/KepalaToko)
2025-12-27 08:32:43.705 [pool-3-thread-1] INFO  com.rs.mv.mvvs.client.catalog.from.scan.CurrentPathScanner - [client:400205]scan file in current open file directory(C:/Users/ACEL/Downloads/sebelumpecahvariant/app/Http/Requests/SuperAdmin)
2025-12-27 08:32:47.544 [pool-3-thread-1] INFO  com.rs.mv.mvvs.client.catalog.from.scan.CurrentPathScanner - [client:400205]scan file in current open file directory(C:/Users/ACEL/Downloads/sebelumpecahvariant/app/Http/Requests/SuperAdmin)
2025-12-27 08:32:52.649 [pool-3-thread-1] INFO  com.rs.mv.mvvs.client.catalog.from.scan.CurrentPathScanner - [client:400205]scan file in current open file directory(C:/Users/ACEL/Downloads/sebelumpecahvariant/app/Http/Requests/SuperAdmin)
2025-12-27 08:35:39.970 [pool-3-thread-1] INFO  com.rs.mv.mvvs.client.catalog.from.scan.CurrentPathScanner - [client:400205]scan file in current open file directory(C:/Users/ACEL/Downloads/sebelumpecahvariant/app/Http/Controllers/SuperAdmin)
2025-12-27 08:35:53.188 [pool-3-thread-1] INFO  com.rs.mv.mvvs.client.catalog.from.scan.CurrentPathScanner - [client:400205]scan file in current open file directory(C:/Users/ACEL/Downloads/sebelumpecahvariant/app/Http/Controllers/Frontend)
2025-12-27 08:42:45.652 [pool-3-thread-1] INFO  com.rs.mv.mvvs.client.catalog.from.scan.CurrentPathScanner - [client:400205]scan file in current open file directory(C:/Users/ACEL/Downloads/sebelumpecahvariant/app/Http/Controllers/SuperAdmin)
2025-12-27 08:43:13.806 [pool-3-thread-1] INFO  com.rs.mv.mvvs.client.catalog.from.scan.CurrentPathScanner - [client:400205]scan file in current open file directory(C:/Users/ACEL/Downloads/sebelumpecahvariant/app/Http/Controllers/Frontend)
2025-12-27 08:44:12.361 [pool-3-thread-1] INFO  com.rs.mv.mvvs.client.catalog.from.scan.CurrentPathScanner - [client:400205]scan file in current open file directory(C:/Users/ACEL/Downloads/sebelumpecahvariant/app/Http/Controllers/KepalaToko)
2025-12-27 08:44:16.745 [pool-3-thread-1] INFO  com.rs.mv.mvvs.client.catalog.from.scan.CurrentPathScanner - [client:400205]scan file in current open file directory(C:/Users/ACEL/Downloads/sebelumpecahvariant/app/Http/Controllers/KepalaToko)
2025-12-27 08:50:22.935 [pool-3-thread-1] INFO  com.rs.mv.mvvs.client.catalog.from.scan.CurrentPathScanner - [client:400205]scan file in current open file directory(C:/Users/ACEL/Downloads/sebelumpecahvariant/app/Http/Controllers/SuperAdmin)
2025-12-27 08:53:42.254 [pool-3-thread-1] INFO  com.rs.mv.mvvs.client.catalog.from.scan.CurrentPathScanner - [client:400205]scan file in current open file directory(C:/Users/ACEL/Downloads/sebelumpecahvariant/app/Http/Controllers/SuperAdmin)
2025-12-27 08:54:29.576 [pool-3-thread-1] INFO  com.rs.mv.mvvs.client.catalog.from.scan.CurrentPathScanner - [client:400205]scan file in current open file directory(C:/Users/ACEL/Downloads/sebelumpecahvariant/app/Http/Controllers/KepalaToko)
2025-12-27 09:09:56.774 [pool-3-thread-1] INFO  com.rs.mv.mvvs.client.catalog.from.scan.CurrentPathScanner - [client:400205]scan file in current open file directory(C:/Users/ACEL/Downloads/sebelumpecahvariant/routes)
2025-12-27 09:21:39.376 [pool-3-thread-1] INFO  com.rs.mv.mvvs.client.catalog.from.scan.CurrentPathScanner - [client:400205]scan file in current open file directory(C:/Users/ACEL/Downloads/sebelumpecahvariant/app/Observer)
2025-12-27 09:22:22.538 [pool-3-thread-1] INFO  com.rs.mv.mvvs.client.catalog.from.scan.CurrentPathScanner - [client:400205]scan file in current open file directory(C:/Users/ACEL/Downloads/sebelumpecahvariant/app/Providers)
2025-12-27 09:39:12.684 [pool-3-thread-1] INFO  com.rs.mv.mvvs.client.catalog.from.scan.CurrentPathScanner - [client:400205]scan file in current open file directory(C:/Users/ACEL/Downloads/sebelumpecahvariant/app/Http/Controllers/Admin)
2025-12-27 09:39:19.883 [pool-3-thread-1] INFO  com.rs.mv.mvvs.client.catalog.from.scan.CurrentPathScanner - [client:400205]scan file in current open file directory(C:/Users/ACEL/Downloads/sebelumpecahvariant/app/Http/Controllers/SuperAdmin)
2025-12-27 09:39:36.748 [pool-3-thread-1] INFO  com.rs.mv.mvvs.client.catalog.from.scan.CurrentPathScanner - [client:400205]scan file in current open file directory(C:/Users/ACEL/Downloads/sebelumpecahvariant/app/Http/Controllers/Admin)
2025-12-27 09:39:50.555 [pool-3-thread-1] INFO  com.rs.mv.mvvs.client.catalog.from.scan.CurrentPathScanner - [client:400205]scan file in current open file directory(C:/Users/ACEL/Downloads/sebelumpecahvariant/app/Http/Controllers/Admin)
2025-12-27 09:39:56.470 [pool-3-thread-1] INFO  com.rs.mv.mvvs.client.catalog.from.scan.CurrentPathScanner - [client:400205]scan file in current open file directory(C:/Users/ACEL/Downloads/sebelumpecahvariant/app/Http/Controllers/Admin)
2025-12-27 09:40:07.579 [pool-3-thread-1] INFO  com.rs.mv.mvvs.client.catalog.from.scan.CurrentPathScanner - [client:400205]scan file in current open file directory(C:/Users/ACEL/Downloads/sebelumpecahvariant/app/Http/Controllers/SuperAdmin)
2025-12-27 09:40:10.611 [pool-3-thread-1] INFO  com.rs.mv.mvvs.client.catalog.from.scan.CurrentPathScanner - [client:400205]scan file in current open file directory(C:/Users/ACEL/Downloads/sebelumpecahvariant/app/Http/Controllers/Admin)
2025-12-27 09:40:34.042 [pool-3-thread-1] INFO  com.rs.mv.mvvs.client.catalog.from.scan.CurrentPathScanner - [client:400205]scan file in current open file directory(C:/Users/ACEL/Downloads/sebelumpecahvariant/app/Http/Controllers/Staff)
2025-12-27 09:40:41.041 [pool-3-thread-1] INFO  com.rs.mv.mvvs.client.catalog.from.scan.CurrentPathScanner - [client:400205]scan file in current open file directory(C:/Users/ACEL/Downloads/sebelumpecahvariant/app/Http/Controllers/Admin)
2025-12-27 09:40:46.999 [pool-3-thread-1] INFO  com.rs.mv.mvvs.client.catalog.from.scan.CurrentPathScanner - [client:400205]scan file in current open file directory(C:/Users/ACEL/Downloads/sebelumpecahvariant/app/Http/Controllers/Staff)
2025-12-27 09:50:38.274 [pool-3-thread-1] INFO  com.rs.mv.mvvs.client.catalog.from.scan.CurrentPathScanner - [client:400205]scan file in current open file directory(C:/Users/ACEL/Downloads/sebelumpecahvariant/resources/views/superadmin/products)
2025-12-27 09:54:48.608 [pool-3-thread-1] INFO  com.rs.mv.mvvs.client.catalog.from.scan.CurrentPathScanner - [client:400205]scan file in current open file directory(C:/Users/ACEL/Downloads/sebelumpecahvariant/app/Http/Controllers/SuperAdmin)
2025-12-27 09:54:54.348 [pool-3-thread-1] INFO  com.rs.mv.mvvs.client.catalog.from.scan.CurrentPathScanner - [client:400205]scan file in current open file directory(C:/Users/ACEL/Downloads/sebelumpecahvariant/app/Http/Controllers/SuperAdmin)
2025-12-27 09:55:28.304 [pool-3-thread-1] INFO  com.rs.mv.mvvs.client.catalog.from.scan.CurrentPathScanner - [client:400205]scan file in current open file directory(C:/Users/ACEL/Downloads/sebelumpecahvariant/resources/views/superadmin/products)
2025-12-27 09:55:56.851 [pool-3-thread-1] INFO  com.rs.mv.mvvs.client.catalog.from.scan.CurrentPathScanner - [client:400205]scan file in current open file directory(C:/Users/ACEL/Downloads/sebelumpecahvariant/app/Http/Controllers/SuperAdmin)
2025-12-27 09:57:20.646 [pool-3-thread-1] INFO  com.rs.mv.mvvs.client.catalog.from.scan.CurrentPathScanner - [client:400205]scan file in current open file directory(C:/Users/ACEL/Downloads/sebelumpecahvariant/resources/views/superadmin/products)
2025-12-27 10:03:19.647 [pool-3-thread-1] INFO  com.rs.mv.mvvs.client.catalog.from.scan.CurrentPathScanner - [client:400205]scan file in current open file directory(C:/Users/ACEL/Downloads/sebelumpecahvariant/app/Models)
2025-12-27 10:05:12.579 [pool-3-thread-1] INFO  com.rs.mv.mvvs.client.catalog.from.scan.CurrentPathScanner - [client:400205]scan file in current open file directory(C:/Users/ACEL/Downloads/sebelumpecahvariant/resources/views/superadmin/products)
2025-12-27 10:05:53.766 [pool-3-thread-1] INFO  com.rs.mv.mvvs.client.catalog.from.scan.CurrentPathScanner - [client:400205]scan file in current open file directory(C:/Users/ACEL/Downloads/sebelumpecahvariant/app/Models)
2025-12-27 10:06:04.663 [pool-3-thread-1] INFO  com.rs.mv.mvvs.client.catalog.from.scan.CurrentPathScanner - [client:400205]scan file in current open file directory(C:/Users/ACEL/Downloads/sebelumpecahvariant/app/Http/Controllers/SuperAdmin)
2025-12-27 10:10:16.392 [pool-3-thread-1] INFO  com.rs.mv.mvvs.client.catalog.from.scan.CurrentPathScanner - [client:400205]scan file in current open file directory(C:/Users/ACEL/Downloads/sebelumpecahvariant/resources/views/superadmin/products)
2025-12-27 10:32:39.162 [pool-3-thread-1] INFO  com.rs.mv.mvvs.client.catalog.from.scan.CurrentPathScanner - [client:400205]scan file in current open file directory(C:/Users/ACEL/Downloads/sebelumpecahvariant/resources/views/superadmin/products)
2025-12-27 10:53:47.118 [pool-3-thread-1] INFO  com.rs.mv.mvvs.client.catalog.from.scan.CurrentPathScanner - [client:400205]scan file in current open file directory(C:/Users/ACEL/Downloads/sebelumpecahvariant/app/Http/Controllers/SuperAdmin)
2025-12-27 10:54:07.608 [pool-3-thread-1] INFO  com.rs.mv.mvvs.client.catalog.from.scan.CurrentPathScanner - [client:400205]scan file in current open file directory(C:/Users/ACEL/Downloads/sebelumpecahvariant/app/Models)
2025-12-27 10:54:24.251 [pool-3-thread-1] INFO  com.rs.mv.mvvs.client.catalog.from.scan.CurrentPathScanner - [client:400205]scan file in current open file directory(C:/Users/ACEL/Downloads/sebelumpecahvariant/app/Models)
2025-12-27 10:54:36.304 [pool-3-thread-1] INFO  com.rs.mv.mvvs.client.catalog.from.scan.CurrentPathScanner - [client:400205]scan file in current open file directory(C:/Users/ACEL/Downloads/sebelumpecahvariant/app/Models)
2025-12-27 10:54:41.757 [pool-3-thread-1] INFO  com.rs.mv.mvvs.client.catalog.from.scan.CurrentPathScanner - [client:400205]scan file in current open file directory(C:/Users/ACEL/Downloads/sebelumpecahvariant/app/Models)
2025-12-27 10:55:31.447 [pool-3-thread-1] INFO  com.rs.mv.mvvs.client.catalog.from.scan.CurrentPathScanner - [client:400205]scan file in current open file directory(C:/Users/ACEL/Downloads/sebelumpecahvariant/app/Models)
2025-12-27 10:55:53.778 [pool-3-thread-1] INFO  com.rs.mv.mvvs.client.catalog.from.scan.CurrentPathScanner - [client:400205]scan file in current open file directory(C:/Users/ACEL/Downloads/sebelumpecahvariant/app/Http/Controllers/SuperAdmin)
2025-12-27 10:56:01.940 [pool-3-thread-1] INFO  com.rs.mv.mvvs.client.catalog.from.scan.CurrentPathScanner - [client:400205]scan file in current open file directory(C:/Users/ACEL/Downloads/sebelumpecahvariant/app/Http/Controllers/SuperAdmin)
2025-12-27 10:56:03.505 [pool-3-thread-1] INFO  com.rs.mv.mvvs.client.catalog.from.scan.CurrentPathScanner - [client:400205]scan file in current open file directory(C:/Users/ACEL/Downloads/sebelumpecahvariant/app/Http/Controllers/SuperAdmin)
2025-12-27 10:56:07.853 [pool-3-thread-1] INFO  com.rs.mv.mvvs.client.catalog.from.scan.CurrentPathScanner - [client:400205]scan file in current open file directory(C:/Users/ACEL/Downloads/sebelumpecahvariant/app/Http/Controllers/SuperAdmin)
2025-12-27 10:56:12.710 [pool-3-thread-1] INFO  com.rs.mv.mvvs.client.catalog.from.scan.CurrentPathScanner - [client:400205]scan file in current open file directory(C:/Users/ACEL/Downloads/sebelumpecahvariant/app/Http/Controllers/SuperAdmin)
2025-12-27 10:56:30.182 [pool-3-thread-1] INFO  com.rs.mv.mvvs.client.catalog.from.scan.CurrentPathScanner - [client:400205]scan file in current open file directory(C:/Users/ACEL/Downloads/sebelumpecahvariant/app/Models)
2025-12-27 10:57:11.561 [pool-3-thread-1] INFO  com.rs.mv.mvvs.client.catalog.from.scan.CurrentPathScanner - [client:400205]scan file in current open file directory(C:/Users/ACEL/Downloads/sebelumpecahvariant/app/Observers)
2025-12-27 10:59:04.903 [pool-3-thread-1] INFO  com.rs.mv.mvvs.client.catalog.from.scan.CurrentPathScanner - [client:400205]scan file in current open file directory(C:/Users/ACEL/Downloads/sebelumpecahvariant/resources/views/superadmin/products)
2025-12-27 10:59:05.921 [pool-3-thread-1] INFO  com.rs.mv.mvvs.client.catalog.from.scan.CurrentPathScanner - [client:400205]scan file in current open file directory(C:/Users/ACEL/Downloads/sebelumpecahvariant/resources/views/superadmin/products)
2025-12-27 10:59:43.846 [pool-3-thread-1] INFO  com.rs.mv.mvvs.client.catalog.from.scan.CurrentPathScanner - [client:400205]scan file in current open file directory(C:/Users/ACEL/Downloads/sebelumpecahvariant/routes)
2025-12-27 11:06:30.013 [pool-3-thread-1] INFO  com.rs.mv.mvvs.client.catalog.from.scan.CurrentPathScanner - [client:400205]scan file in current open file directory(C:/Users/ACEL/Downloads/sebelumpecahvariant/resources/views/superadmin/products/stock)
2025-12-27 11:07:10.007 [pool-3-thread-1] INFO  com.rs.mv.mvvs.client.catalog.from.scan.CurrentPathScanner - [client:400205]scan file in current open file directory(C:/Users/ACEL/Downloads/sebelumpecahvariant/resources/views/superadmin/products/stock)
2025-12-27 11:07:19.520 [pool-3-thread-1] INFO  com.rs.mv.mvvs.client.catalog.from.scan.CurrentPathScanner - [client:400205]scan file in current open file directory(C:/Users/ACEL/Downloads/sebelumpecahvariant/resources/views/superadmin/products/stock)
2025-12-27 11:18:20.663 [pool-3-thread-1] INFO  com.rs.mv.mvvs.client.catalog.from.scan.CurrentPathScanner - [client:400205]scan file in current open file directory(C:/Users/ACEL/Downloads/sebelumpecahvariant/resources/views/superadmin/products/stock)
2025-12-27 11:25:17.302 [pool-3-thread-1] INFO  com.rs.mv.mvvs.client.catalog.from.scan.CurrentPathScanner - [client:400205]scan file in current open file directory(C:/Users/ACEL/Downloads/sebelumpecahvariant/app/Models)
2025-12-27 11:25:23.879 [pool-3-thread-1] INFO  com.rs.mv.mvvs.client.catalog.from.scan.CurrentPathScanner - [client:400205]scan file in current open file directory(C:/Users/ACEL/Downloads/sebelumpecahvariant/app/Models)
2025-12-27 11:25:29.957 [pool-3-thread-1] INFO  com.rs.mv.mvvs.client.catalog.from.scan.CurrentPathScanner - [client:400205]scan file in current open file directory(C:/Users/ACEL/Downloads/sebelumpecahvariant/app/Models)
2025-12-27 11:25:49.309 [pool-3-thread-1] INFO  com.rs.mv.mvvs.client.catalog.from.scan.CurrentPathScanner - [client:400205]scan file in current open file directory(C:/Users/ACEL/Downloads/sebelumpecahvariant/app/Models)
2025-12-27 11:26:02.575 [pool-3-thread-1] INFO  com.rs.mv.mvvs.client.catalog.from.scan.CurrentPathScanner - [client:400205]scan file in current open file directory(C:/Users/ACEL/Downloads/sebelumpecahvariant/app/Models)
2025-12-27 11:26:13.160 [pool-3-thread-1] INFO  com.rs.mv.mvvs.client.catalog.from.scan.CurrentPathScanner - [client:400205]scan file in current open file directory(C:/Users/ACEL/Downloads/sebelumpecahvariant/app/Http/Controllers/SuperAdmin)
2025-12-27 11:26:17.930 [pool-3-thread-1] INFO  com.rs.mv.mvvs.client.catalog.from.scan.CurrentPathScanner - [client:400205]scan file in current open file directory(C:/Users/ACEL/Downloads/sebelumpecahvariant/app/Http/Controllers/SuperAdmin)
2025-12-27 11:26:28.318 [pool-3-thread-1] INFO  com.rs.mv.mvvs.client.catalog.from.scan.CurrentPathScanner - [client:400205]scan file in current open file directory(C:/Users/ACEL/Downloads/sebelumpecahvariant/routes)
2025-12-27 11:27:56.400 [pool-3-thread-1] INFO  com.rs.mv.mvvs.client.catalog.from.scan.CurrentPathScanner - [client:400205]scan file in current open file directory(C:/Users/ACEL/Downloads/sebelumpecahvariant/app/Http/Controllers/SuperAdmin)
2025-12-27 11:32:53.761 [pool-3-thread-1] INFO  com.rs.mv.mvvs.client.catalog.from.scan.CurrentPathScanner - [client:400205]scan file in current open file directory(C:/Users/ACEL/Downloads/sebelumpecahvariant/resources/views/superadmin/products/stock)
2025-12-27 11:40:31.874 [pool-3-thread-1] INFO  com.rs.mv.mvvs.client.catalog.from.scan.CurrentPathScanner - [client:400205]scan file in current open file directory(C:/Users/ACEL/Downloads/sebelumpecahvariant/app/Http/Controllers/SuperAdmin)
2025-12-27 11:43:30.501 [pool-3-thread-1] INFO  com.rs.mv.mvvs.client.catalog.from.scan.CurrentPathScanner - [client:400205]scan file in current open file directory(C:/Users/ACEL/Downloads/sebelumpecahvariant/resources/views/superadmin/products/stock)
2025-12-27 11:43:46.583 [pool-3-thread-1] INFO  com.rs.mv.mvvs.client.catalog.from.scan.CurrentPathScanner - [client:400205]scan file in current open file directory(C:/Users/ACEL/Downloads/sebelumpecahvariant/resources/views/superadmin/products/stock)
2025-12-27 13:08:56.213 [pool-3-thread-1] INFO  com.rs.mv.mvvs.client.catalog.from.scan.CurrentPathScanner - [client:400205]scan file in current open file directory(C:/Users/ACEL/Downloads/sebelumpecahvariant/resources/views/superadmin/products)
2025-12-27 13:14:14.873 [pool-3-thread-1] INFO  com.rs.mv.mvvs.client.catalog.from.scan.CurrentPathScanner - [client:400205]scan file in current open file directory(C:/Users/ACEL/Downloads/sebelumpecahvariant/app/Http/Controllers/SuperAdmin)
2025-12-27 13:14:33.243 [pool-3-thread-1] INFO  com.rs.mv.mvvs.client.catalog.from.scan.CurrentPathScanner - [client:400205]scan file in current open file directory(C:/Users/ACEL/Downloads/sebelumpecahvariant/app/Http/Controllers/SuperAdmin)
2025-12-27 13:14:39.314 [pool-3-thread-1] INFO  com.rs.mv.mvvs.client.catalog.from.scan.CurrentPathScanner - [client:400205]scan file in current open file directory(C:/Users/ACEL/Downloads/sebelumpecahvariant/app/Models)
2025-12-27 13:14:52.164 [pool-3-thread-1] INFO  com.rs.mv.mvvs.client.catalog.from.scan.CurrentPathScanner - [client:400205]scan file in current open file directory(C:/Users/ACEL/Downloads/sebelumpecahvariant/app/Models)
2025-12-27 13:14:53.846 [pool-3-thread-1] INFO  com.rs.mv.mvvs.client.catalog.from.scan.CurrentPathScanner - [client:400205]scan file in current open file directory(C:/Users/ACEL/Downloads/sebelumpecahvariant/app/Http/Controllers/SuperAdmin)
2025-12-27 13:14:55.806 [pool-3-thread-1] INFO  com.rs.mv.mvvs.client.catalog.from.scan.CurrentPathScanner - [client:400205]scan file in current open file directory(C:/Users/ACEL/Downloads/sebelumpecahvariant/app/Models)
2025-12-27 13:15:00.433 [pool-3-thread-1] INFO  com.rs.mv.mvvs.client.catalog.from.scan.CurrentPathScanner - [client:400205]scan file in current open file directory(C:/Users/ACEL/Downloads/sebelumpecahvariant/app/Http/Controllers/SuperAdmin)
2025-12-27 13:15:01.627 [pool-3-thread-1] INFO  com.rs.mv.mvvs.client.catalog.from.scan.CurrentPathScanner - [client:400205]scan file in current open file directory(C:/Users/ACEL/Downloads/sebelumpecahvariant/app/Models)
2025-12-27 13:15:07.446 [pool-3-thread-1] INFO  com.rs.mv.mvvs.client.catalog.from.scan.CurrentPathScanner - [client:400205]scan file in current open file directory(C:/Users/ACEL/Downloads/sebelumpecahvariant/app/Models)
2025-12-27 13:18:25.413 [pool-3-thread-1] INFO  com.rs.mv.mvvs.client.catalog.from.scan.CurrentPathScanner - [client:400205]scan file in current open file directory(C:/Users/ACEL/Downloads/sebelumpecahvariant/resources/views/superadmin/products)
2025-12-27 13:19:33.586 [pool-3-thread-1] INFO  com.rs.mv.mvvs.client.catalog.from.scan.CurrentPathScanner - [client:400205]scan file in current open file directory(C:/Users/ACEL/Downloads/sebelumpecahvariant/app/Http/Controllers/SuperAdmin)
2025-12-27 13:20:12.107 [pool-3-thread-1] INFO  com.rs.mv.mvvs.client.catalog.from.scan.CurrentPathScanner - [client:400205]scan file in current open file directory(C:/Users/ACEL/Downloads/sebelumpecahvariant/resources/views/superadmin/products)
2025-12-27 13:21:50.877 [pool-3-thread-1] INFO  com.rs.mv.mvvs.client.catalog.from.scan.CurrentPathScanner - [client:400205]scan file in current open file directory(C:/Users/ACEL/Downloads/sebelumpecahvariant/resources/views/superadmin/toko)
2025-12-27 13:22:08.051 [pool-3-thread-1] INFO  com.rs.mv.mvvs.client.catalog.from.scan.CurrentPathScanner - [client:400205]scan file in current open file directory(C:/Users/ACEL/Downloads/sebelumpecahvariant/resources/views/superadmin/user)
2025-12-27 13:25:29.781 [pool-3-thread-1] INFO  com.rs.mv.mvvs.client.catalog.from.scan.CurrentPathScanner - [client:400205]scan file in current open file directory(C:/Users/ACEL/Downloads/sebelumpecahvariant/resources/views/superadmin/products)
2025-12-27 13:29:27.761 [pool-3-thread-1] INFO  com.rs.mv.mvvs.client.catalog.from.scan.CurrentPathScanner - [client:400205]scan file in current open file directory(C:/Users/ACEL/Downloads/sebelumpecahvariant/app/Http/Controllers/SuperAdmin)
2025-12-27 13:29:28.659 [pool-3-thread-1] INFO  com.rs.mv.mvvs.client.catalog.from.scan.CurrentPathScanner - [client:400205]scan file in current open file directory(C:/Users/ACEL/Downloads/sebelumpecahvariant/resources/views/superadmin/products)
2025-12-27 13:32:56.334 [pool-3-thread-1] INFO  com.rs.mv.mvvs.client.catalog.from.scan.CurrentPathScanner - [client:400205]scan file in current open file directory(C:/Users/ACEL/Downloads/sebelumpecahvariant/app/Http/Controllers/SuperAdmin)
2025-12-27 13:33:03.519 [pool-3-thread-1] INFO  com.rs.mv.mvvs.client.catalog.from.scan.CurrentPathScanner - [client:400205]scan file in current open file directory(C:/Users/ACEL/Downloads/sebelumpecahvariant/resources/views/superadmin/user)
2025-12-27 13:33:21.463 [pool-3-thread-1] INFO  com.rs.mv.mvvs.client.catalog.from.scan.CurrentPathScanner - [client:400205]scan file in current open file directory(C:/Users/ACEL/Downloads/sebelumpecahvariant/resources/views/superadmin/products)
2025-12-27 13:34:46.989 [pool-3-thread-1] INFO  com.rs.mv.mvvs.client.catalog.from.scan.CurrentPathScanner - [client:400205]scan file in current open file directory(C:/Users/ACEL/Downloads/sebelumpecahvariant/resources/views/superadmin/products)
2025-12-27 13:38:43.083 [pool-3-thread-1] INFO  com.rs.mv.mvvs.client.catalog.from.scan.CurrentPathScanner - [client:400205]scan file in current open file directory(C:/Users/ACEL/Downloads/sebelumpecahvariant/resources/views/superadmin/products)
2025-12-27 13:43:07.833 [pool-3-thread-1] INFO  com.rs.mv.mvvs.client.catalog.from.scan.CurrentPathScanner - [client:400205]scan file in current open file directory(C:/Users/ACEL/Downloads/sebelumpecahvariant/resources/views/superadmin/products)
2025-12-27 13:52:43.649 [pool-3-thread-1] INFO  com.rs.mv.mvvs.client.catalog.from.scan.CurrentPathScanner - [client:400205]scan file in current open file directory(C:/Users/ACEL/Downloads/sebelumpecahvariant/resources/views/superadmin/products)
2025-12-27 14:12:57.054 [pool-3-thread-1] INFO  com.rs.mv.mvvs.client.catalog.from.scan.CurrentPathScanner - [client:400205]scan file in current open file directory(C:/Users/ACEL/Downloads/sebelumpecahvariant/app/Http/Controllers/SuperAdmin)
2025-12-27 14:25:25.040 [pool-3-thread-1] INFO  com.rs.mv.mvvs.client.catalog.from.scan.CurrentPathScanner - [client:400205]scan file in current open file directory(C:/Users/ACEL/Downloads/sebelumpecahvariant/resources/views/superadmin/products)
2025-12-27 14:30:41.449 [pool-3-thread-1] INFO  com.rs.mv.mvvs.client.catalog.from.scan.CurrentPathScanner - [client:400205]scan file in current open file directory(C:/Users/ACEL/Downloads/sebelumpecahvariant/app/Http/Controllers/SuperAdmin)
2025-12-27 14:31:07.104 [pool-3-thread-1] INFO  com.rs.mv.mvvs.client.catalog.from.scan.CurrentPathScanner - [client:400205]scan file in current open file directory(C:/Users/ACEL/Downloads/sebelumpecahvariant/app/Http/Controllers/SuperAdmin)
2025-12-27 14:31:15.940 [pool-3-thread-1] INFO  com.rs.mv.mvvs.client.catalog.from.scan.CurrentPathScanner - [client:400205]scan file in current open file directory(C:/Users/ACEL/Downloads/sebelumpecahvariant/app/Http/Controllers/SuperAdmin)
2025-12-27 14:31:18.231 [pool-3-thread-1] INFO  com.rs.mv.mvvs.client.catalog.from.scan.CurrentPathScanner - [client:400205]scan file in current open file directory(C:/Users/ACEL/Downloads/sebelumpecahvariant/resources/views/superadmin/products)
2025-12-27 14:33:09.893 [pool-3-thread-1] INFO  com.rs.mv.mvvs.client.catalog.from.scan.CurrentPathScanner - [client:400205]scan file in current open file directory(C:/Users/ACEL/Downloads/sebelumpecahvariant/app/Models)
2025-12-27 14:33:19.084 [pool-3-thread-1] INFO  com.rs.mv.mvvs.client.catalog.from.scan.CurrentPathScanner - [client:400205]scan file in current open file directory(C:/Users/ACEL/Downloads/sebelumpecahvariant/app/Models)
2025-12-27 14:33:27.215 [pool-3-thread-1] INFO  com.rs.mv.mvvs.client.catalog.from.scan.CurrentPathScanner - [client:400205]scan file in current open file directory(C:/Users/ACEL/Downloads/sebelumpecahvariant/app/Models)
2025-12-27 14:33:40.567 [pool-3-thread-1] INFO  com.rs.mv.mvvs.client.catalog.from.scan.CurrentPathScanner - [client:400205]scan file in current open file directory(C:/Users/ACEL/Downloads/sebelumpecahvariant/resources/views/superadmin/products)
2025-12-27 14:45:24.779 [pool-3-thread-1] INFO  com.rs.mv.mvvs.client.catalog.from.scan.CurrentPathScanner - [client:400205]scan file in current open file directory(C:/Users/ACEL/Downloads/sebelumpecahvariant/app/Http/Controllers/SuperAdmin)
2025-12-27 14:46:12.733 [pool-3-thread-1] INFO  com.rs.mv.mvvs.client.catalog.from.scan.CurrentPathScanner - [client:400205]scan file in current open file directory(C:/Users/ACEL/Downloads/sebelumpecahvariant/app/Http/Controllers/KepalaToko)
2025-12-27 14:46:28.619 [pool-3-thread-1] INFO  com.rs.mv.mvvs.client.catalog.from.scan.CurrentPathScanner - [client:400205]scan file in current open file directory(C:/Users/ACEL/Downloads/sebelumpecahvariant/app/Http/Controllers/SuperAdmin)
2025-12-27 14:46:43.154 [pool-3-thread-1] INFO  com.rs.mv.mvvs.client.catalog.from.scan.CurrentPathScanner - [client:400205]scan file in current open file directory(C:/Users/ACEL/Downloads/sebelumpecahvariant/app/Models)
2025-12-27 14:47:06.082 [pool-3-thread-1] INFO  com.rs.mv.mvvs.client.catalog.from.scan.CurrentPathScanner - [client:400205]scan file in current open file directory(C:/Users/ACEL/Downloads/sebelumpecahvariant/app/Http/Requests/KepalaToko)
2025-12-27 14:49:17.646 [pool-3-thread-1] INFO  com.rs.mv.mvvs.client.catalog.from.scan.CurrentPathScanner - [client:400205]scan file in current open file directory(C:/Users/ACEL/Downloads/sebelumpecahvariant/resources/views/kepala-toko)
2025-12-27 14:49:30.938 [pool-3-thread-1] INFO  com.rs.mv.mvvs.client.catalog.from.scan.CurrentPathScanner - [client:400205]scan file in current open file directory(C:/Users/ACEL/Downloads/sebelumpecahvariant/resources/views/layouts/sidebars)
2025-12-27 14:56:03.476 [pool-3-thread-1] INFO  com.rs.mv.mvvs.client.catalog.from.scan.CurrentPathScanner - [client:400205]scan file in current open file directory(C:/Users/ACEL/Downloads/sebelumpecahvariant/app/Models)
2025-12-27 14:56:12.943 [pool-3-thread-1] INFO  com.rs.mv.mvvs.client.catalog.from.scan.CurrentPathScanner - [client:400205]scan file in current open file directory(C:/Users/ACEL/Downloads/sebelumpecahvariant/app/Models)
2025-12-27 14:56:16.591 [pool-3-thread-1] INFO  com.rs.mv.mvvs.client.catalog.from.scan.CurrentPathScanner - [client:400205]scan file in current open file directory(C:/Users/ACEL/Downloads/sebelumpecahvariant/app/Models)
2025-12-27 14:56:23.828 [pool-3-thread-1] INFO  com.rs.mv.mvvs.client.catalog.from.scan.CurrentPathScanner - [client:400205]scan file in current open file directory(C:/Users/ACEL/Downloads/sebelumpecahvariant/app/Models)
2025-12-27 14:56:29.022 [pool-3-thread-1] INFO  com.rs.mv.mvvs.client.catalog.from.scan.CurrentPathScanner - [client:400205]scan file in current open file directory(C:/Users/ACEL/Downloads/sebelumpecahvariant/app/Models)
2025-12-27 14:56:43.502 [pool-3-thread-1] INFO  com.rs.mv.mvvs.client.catalog.from.scan.CurrentPathScanner - [client:400205]scan file in current open file directory(C:/Users/ACEL/Downloads/sebelumpecahvariant/app/Http/Controllers/SuperAdmin)
2025-12-27 14:56:50.246 [pool-3-thread-1] INFO  com.rs.mv.mvvs.client.catalog.from.scan.CurrentPathScanner - [client:400205]scan file in current open file directory(C:/Users/ACEL/Downloads/sebelumpecahvariant/app/Http/Controllers/KepalaToko)
2025-12-27 14:57:00.535 [pool-3-thread-1] INFO  com.rs.mv.mvvs.client.catalog.from.scan.CurrentPathScanner - [client:400205]scan file in current open file directory(C:/Users/ACEL/Downloads/sebelumpecahvariant/routes)
2025-12-27 14:57:16.468 [pool-3-thread-1] INFO  com.rs.mv.mvvs.client.catalog.from.scan.CurrentPathScanner - [client:400205]scan file in current open file directory(C:/Users/ACEL/Downloads/sebelumpecahvariant/app/Http/Requests/KepalaToko)
2025-12-27 14:57:35.215 [pool-3-thread-1] INFO  com.rs.mv.mvvs.client.catalog.from.scan.CurrentPathScanner - [client:400205]scan file in current open file directory(C:/Users/ACEL/Downloads/sebelumpecahvariant/resources/views/superadmin/products)
2025-12-27 14:57:40.288 [pool-3-thread-1] INFO  com.rs.mv.mvvs.client.catalog.from.scan.CurrentPathScanner - [client:400205]scan file in current open file directory(C:/Users/ACEL/Downloads/sebelumpecahvariant/resources/views/kepala-toko)
2025-12-27 14:57:51.767 [pool-3-thread-1] INFO  com.rs.mv.mvvs.client.catalog.from.scan.CurrentPathScanner - [client:400205]scan file in current open file directory(C:/Users/ACEL/Downloads/sebelumpecahvariant/resources/views/layouts/sidebars)
2025-12-27 15:03:39.921 [pool-3-thread-1] INFO  com.rs.mv.mvvs.client.catalog.from.scan.CurrentPathScanner - [client:400205]scan file in current open file directory(C:/Users/ACEL/Downloads/sebelumpecahvariant/resources/views/superadmin/stock-requests)
2025-12-27 15:04:25.121 [pool-3-thread-1] INFO  com.rs.mv.mvvs.client.catalog.from.scan.CurrentPathScanner - [client:400205]scan file in current open file directory(C:/Users/ACEL/Downloads/sebelumpecahvariant/resources/views/superadmin/stock-requests)
2025-12-27 15:05:11.594 [pool-3-thread-1] INFO  com.rs.mv.mvvs.client.catalog.from.scan.CurrentPathScanner - [client:400205]scan file in current open file directory(C:/Users/ACEL/Downloads/sebelumpecahvariant/resources/views/kepala-toko/stock-requests)
2025-12-27 15:06:19.407 [pool-3-thread-1] INFO  com.rs.mv.mvvs.client.catalog.from.scan.CurrentPathScanner - [client:400205]scan file in current open file directory(C:/Users/ACEL/Downloads/sebelumpecahvariant/resources/views/kepala-toko/stock-requests)
2025-12-27 15:06:56.027 [pool-3-thread-1] INFO  com.rs.mv.mvvs.client.catalog.from.scan.CurrentPathScanner - [client:400205]scan file in current open file directory(C:/Users/ACEL/Downloads/sebelumpecahvariant/resources/views/kepala-toko/stock-requests)
2025-12-27 15:11:20.332 [pool-3-thread-1] INFO  com.rs.mv.mvvs.client.catalog.from.scan.CurrentPathScanner - [client:400205]scan file in current open file directory(C:/Users/ACEL/Downloads/sebelumpecahvariant/routes)
2025-12-27 15:11:40.024 [pool-3-thread-1] INFO  com.rs.mv.mvvs.client.catalog.from.scan.CurrentPathScanner - [client:400205]scan file in current open file directory(C:/Users/ACEL/Downloads/sebelumpecahvariant/app/Http/Controllers/SuperAdmin)
2025-12-27 15:11:46.686 [pool-3-thread-1] INFO  com.rs.mv.mvvs.client.catalog.from.scan.CurrentPathScanner - [client:400205]scan file in current open file directory(C:/Users/ACEL/Downloads/sebelumpecahvariant/routes)
2025-12-27 15:12:12.534 [pool-3-thread-1] INFO  com.rs.mv.mvvs.client.catalog.from.scan.CurrentPathScanner - [client:400205]scan file in current open file directory(C:/Users/ACEL/Downloads/sebelumpecahvariant/app/Models)
2025-12-27 15:16:41.407 [pool-3-thread-1] INFO  com.rs.mv.mvvs.client.catalog.from.scan.CurrentPathScanner - [client:400205]scan file in current open file directory(C:/Users/ACEL/Downloads/sebelumpecahvariant/app/Http/Controllers/KepalaToko)
2025-12-27 15:17:05.808 [pool-3-thread-1] INFO  com.rs.mv.mvvs.client.catalog.from.scan.CurrentPathScanner - [client:400205]scan file in current open file directory(C:/Users/ACEL/Downloads/sebelumpecahvariant/routes)
2025-12-27 15:17:52.955 [pool-3-thread-1] INFO  com.rs.mv.mvvs.client.catalog.from.scan.CurrentPathScanner - [client:400205]scan file in current open file directory(C:/Users/ACEL/Downloads/sebelumpecahvariant/resources/views/layouts/sidebars)
2025-12-27 15:18:32.513 [pool-3-thread-1] INFO  com.rs.mv.mvvs.client.catalog.from.scan.CurrentPathScanner - [client:400205]scan file in current open file directory(C:/Users/ACEL/Downloads/sebelumpecahvariant/resources/views/kepala-toko/products)
2025-12-27 15:18:49.639 [pool-3-thread-1] INFO  com.rs.mv.mvvs.client.catalog.from.scan.CurrentPathScanner - [client:400205]scan file in current open file directory(C:/Users/ACEL/Downloads/sebelumpecahvariant/resources/views/layouts/sidebars)
2025-12-27 15:19:00.150 [pool-3-thread-1] INFO  com.rs.mv.mvvs.client.catalog.from.scan.CurrentPathScanner - [client:400205]scan file in current open file directory(C:/Users/ACEL/Downloads/sebelumpecahvariant/resources/views/kepala-toko/products)
2025-12-27 15:19:05.640 [pool-3-thread-1] INFO  com.rs.mv.mvvs.client.catalog.from.scan.CurrentPathScanner - [client:400205]scan file in current open file directory(C:/Users/ACEL/Downloads/sebelumpecahvariant/resources/views/kepala-toko/products)
2025-12-27 15:22:52.659 [pool-3-thread-1] INFO  com.rs.mv.mvvs.client.catalog.from.scan.CurrentPathScanner - [client:400205]scan file in current open file directory(C:/Users/ACEL/Downloads/sebelumpecahvariant/resources/views/kepala-toko/stock-requests)
2025-12-27 15:22:56.307 [pool-3-thread-1] INFO  com.rs.mv.mvvs.client.catalog.from.scan.CurrentPathScanner - [client:400205]scan file in current open file directory(C:/Users/ACEL/Downloads/sebelumpecahvariant/resources/views/kepala-toko/products)
2025-12-27 15:23:00.327 [pool-3-thread-1] INFO  com.rs.mv.mvvs.client.catalog.from.scan.CurrentPathScanner - [client:400205]scan file in current open file directory(C:/Users/ACEL/Downloads/sebelumpecahvariant/resources/views/kepala-toko/stock-requests)
2025-12-27 15:23:13.502 [pool-3-thread-1] INFO  com.rs.mv.mvvs.client.catalog.from.scan.CurrentPathScanner - [client:400205]scan file in current open file directory(C:/Users/ACEL/Downloads/sebelumpecahvariant/resources/views/kepala-toko/stock-requests)
2025-12-27 15:23:38.859 [pool-3-thread-1] INFO  com.rs.mv.mvvs.client.catalog.from.scan.CurrentPathScanner - [client:400205]scan file in current open file directory(C:/Users/ACEL/Downloads/sebelumpecahvariant/resources/views/kepala-toko/stock-requests)
2025-12-27 15:23:40.753 [pool-3-thread-1] INFO  com.rs.mv.mvvs.client.catalog.from.scan.CurrentPathScanner - [client:400205]scan file in current open file directory(C:/Users/ACEL/Downloads/sebelumpecahvariant/resources/views/kepala-toko/stock-requests)
2025-12-27 15:23:42.378 [pool-3-thread-1] INFO  com.rs.mv.mvvs.client.catalog.from.scan.CurrentPathScanner - [client:400205]scan file in current open file directory(C:/Users/ACEL/Downloads/sebelumpecahvariant/resources/views/kepala-toko/stock-requests)
2025-12-27 15:36:43.940 [pool-3-thread-1] INFO  com.rs.mv.mvvs.client.catalog.from.scan.CurrentPathScanner - [client:400205]scan file in current open file directory(C:/Users/ACEL/Downloads/sebelumpecahvariant/app/Http/Requests/KepalaToko)
2025-12-27 15:36:55.368 [pool-3-thread-1] INFO  com.rs.mv.mvvs.client.catalog.from.scan.CurrentPathScanner - [client:400205]scan file in current open file directory(C:/Users/ACEL/Downloads/sebelumpecahvariant/resources/views/kepala-toko/stock-requests)
2025-12-27 15:47:33.026 [pool-3-thread-1] INFO  com.rs.mv.mvvs.client.catalog.from.scan.CurrentPathScanner - [client:400205]scan file in current open file directory(C:/Users/ACEL/Downloads/sebelumpecahvariant/app/Models)
