2025-12-15 08:04:23.140 [pool-3-thread-1] INFO  com.rs.mv.mvvs.client.catalog.from.scan.CurrentPathScanner - [client:400205]scan file in current open file directory(C:/Users/ACEL/Downloads/testpindahcontrollerkesuperadmin/resources/views/frontend)
2025-12-15 08:13:33.831 [pool-3-thread-1] INFO  com.rs.mv.mvvs.client.catalog.from.scan.CurrentPathScanner - [client:400205]scan file in current open file directory(C:/Users/ACEL/Downloads/testpindahcontrollerkesuperadmin/public/frontend/assets/js)
2025-12-15 08:20:25.136 [pool-3-thread-1] INFO  com.rs.mv.mvvs.client.catalog.from.scan.CurrentPathScanner - [client:400205]scan file in current open file directory(C:/Users/ACEL/Downloads/testpindahcontrollerkesuperadmin/resources/views/frontend)
2025-12-15 08:24:10.185 [pool-3-thread-1] INFO  com.rs.mv.mvvs.client.catalog.from.scan.CurrentPathScanner - [client:400205]scan file in current open file directory(C:/Users/ACEL/Downloads/testpindahcontrollerkesuperadmin/public/frontend/assets/js)
2025-12-15 08:28:35.386 [pool-3-thread-1] INFO  com.rs.mv.mvvs.client.catalog.from.scan.CurrentPathScanner - [client:400205]scan file in current open file directory(C:/Users/ACEL/Downloads/testpindahcontrollerkesuperadmin/resources/views/frontend)
2025-12-15 08:32:37.647 [pool-3-thread-1] INFO  com.rs.mv.mvvs.client.catalog.from.scan.CurrentPathScanner - [client:400205]scan file in current open file directory(C:/Users/ACEL/Downloads/testpindahcontrollerkesuperadmin/public/frontend/assets/js)
2025-12-15 08:36:39.136 [pool-3-thread-1] INFO  com.rs.mv.mvvs.client.catalog.from.scan.CurrentPathScanner - [client:400205]scan file in current open file directory(C:/Users/ACEL/Downloads/testpindahcontrollerkesuperadmin/resources/views/frontend)
2025-12-15 09:00:22.700 [pool-3-thread-1] INFO  com.rs.mv.mvvs.client.catalog.from.scan.CurrentPathScanner - [client:400205]scan file in current open file directory(C:/Users/ACEL/Downloads/testpindahcontrollerkesuperadmin/routes)
2025-12-15 09:00:23.585 [pool-3-thread-1] INFO  com.rs.mv.mvvs.client.catalog.from.scan.CurrentPathScanner - [client:400205]scan file in current open file directory(C:/Users/ACEL/Downloads/testpindahcontrollerkesuperadmin/resources/views/frontend)
2025-12-15 09:17:43.173 [pool-3-thread-1] INFO  com.rs.mv.mvvs.client.catalog.from.scan.CurrentPathScanner - [client:400205]scan file in current open file directory(C:/Users/ACEL/Downloads/testpindahcontrollerkesuperadmin/routes)
2025-12-15 09:23:27.068 [pool-3-thread-1] INFO  com.rs.mv.mvvs.client.catalog.from.scan.CurrentPathScanner - [client:400205]scan file in current open file directory(C:/Users/ACEL/Downloads/testpindahcontrollerkesuperadmin/resources/views/frontend/cart)
2025-12-15 09:23:28.603 [pool-3-thread-1] INFO  com.rs.mv.mvvs.client.catalog.from.scan.CurrentPathScanner - [client:400205]scan file in current open file directory(C:/Users/ACEL/Downloads/testpindahcontrollerkesuperadmin/resources/views/frontend)
2025-12-15 09:23:33.557 [pool-3-thread-1] INFO  com.rs.mv.mvvs.client.catalog.from.scan.CurrentPathScanner - [client:400205]scan file in current open file directory(C:/Users/ACEL/Downloads/testpindahcontrollerkesuperadmin/resources/views/frontend/cart)
2025-12-15 09:23:38.000 [pool-3-thread-1] INFO  com.rs.mv.mvvs.client.catalog.from.scan.CurrentPathScanner - [client:400205]scan file in current open file directory(C:/Users/ACEL/Downloads/testpindahcontrollerkesuperadmin/resources/views/frontend)
2025-12-15 09:57:29.643 [pool-3-thread-1] INFO  com.rs.mv.mvvs.client.catalog.from.scan.CurrentPathScanner - [client:400205]scan file in current open file directory(C:/Users/ACEL/Downloads/testpindahcontrollerkesuperadmin/app/Http/Controllers/Frontend)
2025-12-15 09:57:43.330 [pool-3-thread-1] INFO  com.rs.mv.mvvs.client.catalog.from.scan.CurrentPathScanner - [client:400205]scan file in current open file directory(C:/Users/ACEL/Downloads/testpindahcontrollerkesuperadmin/app/Models)
2025-12-15 10:03:42.162 [pool-3-thread-1] INFO  com.rs.mv.mvvs.client.catalog.from.scan.CurrentPathScanner - [client:400205]scan file in current open file directory(C:/Users/ACEL/Downloads/testpindahcontrollerkesuperadmin/resources/views/frontend)
2025-12-15 11:07:06.679 [pool-3-thread-1] INFO  com.rs.mv.mvvs.client.catalog.from.scan.CurrentPathScanner - [client:400205]scan file in current open file directory(C:/Users/ACEL/Downloads/testpindahcontrollerkesuperadmin/resources/views/frontend/cart)
2025-12-15 11:07:23.773 [pool-3-thread-1] INFO  com.rs.mv.mvvs.client.catalog.from.scan.CurrentPathScanner - [client:400205]scan file in current open file directory(C:/Users/ACEL/Downloads/testpindahcontrollerkesuperadmin/app/Models)
2025-12-15 11:08:00.594 [pool-3-thread-1] INFO  com.rs.mv.mvvs.client.catalog.from.scan.CurrentPathScanner - [client:400205]scan file in current open file directory(C:/Users/ACEL/Downloads/testpindahcontrollerkesuperadmin/resources/views/frontend)
2025-12-15 11:08:23.061 [pool-3-thread-1] INFO  com.rs.mv.mvvs.client.catalog.from.scan.CurrentPathScanner - [client:400205]scan file in current open file directory(C:/Users/ACEL/Downloads/testpindahcontrollerkesuperadmin/app/Models)
2025-12-15 11:08:37.813 [pool-3-thread-1] INFO  com.rs.mv.mvvs.client.catalog.from.scan.CurrentPathScanner - [client:400205]scan file in current open file directory(C:/Users/ACEL/Downloads/testpindahcontrollerkesuperadmin/resources/views/components)
2025-12-15 11:08:56.534 [pool-3-thread-1] INFO  com.rs.mv.mvvs.client.catalog.from.scan.CurrentPathScanner - [client:400205]scan file in current open file directory(C:/Users/ACEL/Downloads/testpindahcontrollerkesuperadmin/resources/views/components)
2025-12-15 11:09:08.407 [pool-3-thread-1] INFO  com.rs.mv.mvvs.client.catalog.from.scan.CurrentPathScanner - [client:400205]scan file in current open file directory(C:/Users/ACEL/Downloads/testpindahcontrollerkesuperadmin/resources/views/frontend)
2025-12-15 11:09:21.450 [pool-3-thread-1] INFO  com.rs.mv.mvvs.client.catalog.from.scan.CurrentPathScanner - [client:400205]scan file in current open file directory(C:/Users/ACEL/Downloads/testpindahcontrollerkesuperadmin/resources/views/components)
2025-12-15 11:09:32.135 [pool-3-thread-1] INFO  com.rs.mv.mvvs.client.catalog.from.scan.CurrentPathScanner - [client:400205]scan file in current open file directory(C:/Users/ACEL/Downloads/testpindahcontrollerkesuperadmin/resources/views/frontend)
2025-12-15 11:09:47.293 [pool-3-thread-1] INFO  com.rs.mv.mvvs.client.catalog.from.scan.CurrentPathScanner - [client:400205]scan file in current open file directory(C:/Users/ACEL/Downloads/testpindahcontrollerkesuperadmin/resources/views/components)
2025-12-15 11:09:59.884 [pool-3-thread-1] INFO  com.rs.mv.mvvs.client.catalog.from.scan.CurrentPathScanner - [client:400205]scan file in current open file directory(C:/Users/ACEL/Downloads/testpindahcontrollerkesuperadmin/resources/views/frontend)
2025-12-15 11:10:04.366 [pool-3-thread-1] INFO  com.rs.mv.mvvs.client.catalog.from.scan.CurrentPathScanner - [client:400205]scan file in current open file directory(C:/Users/ACEL/Downloads/testpindahcontrollerkesuperadmin/resources/views/components)
2025-12-15 11:10:14.301 [pool-3-thread-1] INFO  com.rs.mv.mvvs.client.catalog.from.scan.CurrentPathScanner - [client:400205]scan file in current open file directory(C:/Users/ACEL/Downloads/testpindahcontrollerkesuperadmin/resources/views/frontend)
2025-12-15 13:23:26.370 [pool-3-thread-1] INFO  com.rs.mv.mvvs.client.catalog.from.scan.CurrentPathScanner - [client:400205]scan file in current open file directory(C:/Users/ACEL/Downloads/testpindahcontrollerkesuperadmin/app/Models)
2025-12-15 13:23:33.523 [pool-3-thread-1] INFO  com.rs.mv.mvvs.client.catalog.from.scan.CurrentPathScanner - [client:400205]scan file in current open file directory(C:/Users/ACEL/Downloads/testpindahcontrollerkesuperadmin/app/Http/Controllers)
2025-12-15 13:23:35.396 [pool-3-thread-1] INFO  com.rs.mv.mvvs.client.catalog.from.scan.CurrentPathScanner - [client:400205]scan file in current open file directory(C:/Users/ACEL/Downloads/testpindahcontrollerkesuperadmin/app/Models)
2025-12-15 13:28:53.871 [pool-3-thread-1] INFO  com.rs.mv.mvvs.client.catalog.from.scan.CurrentPathScanner - [client:400205]scan file in current open file directory(C:/Users/ACEL/Downloads/testpindahcontrollerkesuperadmin/resources/views/frontend)
2025-12-15 13:39:06.917 [pool-3-thread-1] INFO  com.rs.mv.mvvs.client.catalog.from.scan.CurrentPathScanner - [client:400205]scan file in current open file directory(C:/Users/ACEL/Downloads/testpindahcontrollerkesuperadmin/app/Http/Controllers/Frontend)
2025-12-15 13:39:27.627 [pool-3-thread-1] INFO  com.rs.mv.mvvs.client.catalog.from.scan.CurrentPathScanner - [client:400205]scan file in current open file directory(C:/Users/ACEL/Downloads/testpindahcontrollerkesuperadmin/app/Models)
2025-12-15 13:42:33.967 [pool-3-thread-1] INFO  com.rs.mv.mvvs.client.catalog.from.scan.CurrentPathScanner - [client:400205]scan file in current open file directory(C:/Users/ACEL/Downloads/testpindahcontrollerkesuperadmin/resources/views/frontend)
2025-12-15 13:51:07.053 [pool-3-thread-1] INFO  com.rs.mv.mvvs.client.catalog.from.scan.CurrentPathScanner - [client:400205]scan file in current open file directory(C:/Users/ACEL/Downloads/testpindahcontrollerkesuperadmin/resources/views/components)
2025-12-15 13:51:30.816 [pool-3-thread-1] INFO  com.rs.mv.mvvs.client.catalog.from.scan.CurrentPathScanner - [client:400205]scan file in current open file directory(C:/Users/ACEL/Downloads/testpindahcontrollerkesuperadmin/app/Http/Controllers/Frontend)
2025-12-15 13:52:27.297 [pool-3-thread-1] INFO  com.rs.mv.mvvs.client.catalog.from.scan.CurrentPathScanner - [client:400205]scan file in current open file directory(C:/Users/ACEL/Downloads/testpindahcontrollerkesuperadmin/resources/views/frontend)
2025-12-15 13:52:43.332 [pool-3-thread-1] INFO  com.rs.mv.mvvs.client.catalog.from.scan.CurrentPathScanner - [client:400205]scan file in current open file directory(C:/Users/ACEL/Downloads/testpindahcontrollerkesuperadmin/app/Http/Controllers/Frontend)
2025-12-15 13:56:03.646 [pool-3-thread-1] INFO  com.rs.mv.mvvs.client.catalog.from.scan.CurrentPathScanner - [client:400205]scan file in current open file directory(C:/Users/ACEL/Downloads/testpindahcontrollerkesuperadmin/resources/views/frontend)
2025-12-15 14:25:00.514 [pool-3-thread-1] INFO  com.rs.mv.mvvs.client.catalog.from.scan.CurrentPathScanner - [client:400205]scan file in current open file directory(C:/Users/ACEL/Downloads/testpindahcontrollerkesuperadmin/resources/views/components)
2025-12-15 14:26:59.476 [pool-3-thread-1] INFO  com.rs.mv.mvvs.client.catalog.from.scan.CurrentPathScanner - [client:400205]scan file in current open file directory(C:/Users/ACEL/Downloads/testpindahcontrollerkesuperadmin/resources/views/frontend)
2025-12-15 14:29:12.162 [pool-3-thread-1] INFO  com.rs.mv.mvvs.client.catalog.from.scan.CurrentPathScanner - [client:400205]scan file in current open file directory(C:/Users/ACEL/Downloads/testpindahcontrollerkesuperadmin/app/Http/Controllers/Frontend)
2025-12-15 14:29:13.146 [pool-3-thread-1] INFO  com.rs.mv.mvvs.client.catalog.from.scan.CurrentPathScanner - [client:400205]scan file in current open file directory(C:/Users/ACEL/Downloads/testpindahcontrollerkesuperadmin/resources/views/frontend)
2025-12-15 14:30:40.246 [pool-3-thread-1] INFO  com.rs.mv.mvvs.client.catalog.from.scan.CurrentPathScanner - [client:400205]scan file in current open file directory(C:/Users/ACEL/Downloads/testpindahcontrollerkesuperadmin/app/Http/Controllers/Frontend)
2025-12-15 14:30:45.432 [pool-3-thread-1] INFO  com.rs.mv.mvvs.client.catalog.from.scan.CurrentPathScanner - [client:400205]scan file in current open file directory(C:/Users/ACEL/Downloads/testpindahcontrollerkesuperadmin/resources/views/frontend)
2025-12-15 14:32:59.634 [pool-3-thread-1] INFO  com.rs.mv.mvvs.client.catalog.from.scan.CurrentPathScanner - [client:400205]scan file in current open file directory(C:/Users/ACEL/Downloads/testpindahcontrollerkesuperadmin/app/Http/Controllers/Frontend)
2025-12-15 14:33:06.883 [pool-3-thread-1] INFO  com.rs.mv.mvvs.client.catalog.from.scan.CurrentPathScanner - [client:400205]scan file in current open file directory(C:/Users/ACEL/Downloads/testpindahcontrollerkesuperadmin/resources/views/components)
2025-12-15 14:33:59.642 [pool-3-thread-1] INFO  com.rs.mv.mvvs.client.catalog.from.scan.CurrentPathScanner - [client:400205]scan file in current open file directory(C:/Users/ACEL/Downloads/testpindahcontrollerkesuperadmin/resources/views/frontend)
2025-12-15 14:53:52.233 [pool-3-thread-1] INFO  com.rs.mv.mvvs.client.catalog.from.scan.CurrentPathScanner - [client:400205]scan file in current open file directory(C:/Users/ACEL/Downloads/testpindahcontrollerkesuperadmin/resources/views/frontend)
2025-12-15 15:09:40.433 [pool-3-thread-1] INFO  com.rs.mv.mvvs.client.catalog.from.scan.CurrentPathScanner - [client:400205]scan file in current open file directory(C:/Users/ACEL/Downloads/testpindahcontrollerkesuperadmin/app/Http/Controllers/SuperAdmin)
2025-12-15 15:09:41.995 [pool-3-thread-1] INFO  com.rs.mv.mvvs.client.catalog.from.scan.CurrentPathScanner - [client:400205]scan file in current open file directory(C:/Users/ACEL/Downloads/testpindahcontrollerkesuperadmin/app/Http/Controllers/Frontend)
2025-12-15 15:09:49.315 [pool-3-thread-1] INFO  com.rs.mv.mvvs.client.catalog.from.scan.CurrentPathScanner - [client:400205]scan file in current open file directory(C:/Users/ACEL/Downloads/testpindahcontrollerkesuperadmin/app/Models)
2025-12-15 15:09:53.262 [pool-3-thread-1] INFO  com.rs.mv.mvvs.client.catalog.from.scan.CurrentPathScanner - [client:400205]scan file in current open file directory(C:/Users/ACEL/Downloads/testpindahcontrollerkesuperadmin/app/Models)
2025-12-15 15:10:03.614 [pool-3-thread-1] INFO  com.rs.mv.mvvs.client.catalog.from.scan.CurrentPathScanner - [client:400205]scan file in current open file directory(C:/Users/ACEL/Downloads/testpindahcontrollerkesuperadmin/resources/views/frontend)
2025-12-15 15:10:38.910 [pool-3-thread-1] INFO  com.rs.mv.mvvs.client.catalog.from.scan.CurrentPathScanner - [client:400205]scan file in current open file directory(C:/Users/ACEL/Downloads/testpindahcontrollerkesuperadmin/app/Models)
2025-12-15 15:12:45.602 [pool-3-thread-1] INFO  com.rs.mv.mvvs.client.catalog.from.scan.CurrentPathScanner - [client:400205]scan file in current open file directory(C:/Users/ACEL/Downloads/testpindahcontrollerkesuperadmin/resources/views/components)
2025-12-15 15:14:06.752 [pool-3-thread-1] INFO  com.rs.mv.mvvs.client.catalog.from.scan.CurrentPathScanner - [client:400205]scan file in current open file directory(C:/Users/ACEL/Downloads/testpindahcontrollerkesuperadmin/resources/views/frontend)
2025-12-15 15:14:13.260 [pool-3-thread-1] INFO  com.rs.mv.mvvs.client.catalog.from.scan.CurrentPathScanner - [client:400205]scan file in current open file directory(C:/Users/ACEL/Downloads/testpindahcontrollerkesuperadmin/app/Models)
2025-12-15 15:14:17.714 [pool-3-thread-1] INFO  com.rs.mv.mvvs.client.catalog.from.scan.CurrentPathScanner - [client:400205]scan file in current open file directory(C:/Users/ACEL/Downloads/testpindahcontrollerkesuperadmin/app/Http/Controllers/Frontend)
2025-12-15 15:14:30.035 [pool-3-thread-1] INFO  com.rs.mv.mvvs.client.catalog.from.scan.CurrentPathScanner - [client:400205]scan file in current open file directory(C:/Users/ACEL/Downloads/testpindahcontrollerkesuperadmin/app/Models)
2025-12-15 15:14:34.284 [pool-3-thread-1] INFO  com.rs.mv.mvvs.client.catalog.from.scan.CurrentPathScanner - [client:400205]scan file in current open file directory(C:/Users/ACEL/Downloads/testpindahcontrollerkesuperadmin/app/Models)
2025-12-15 15:15:36.584 [pool-3-thread-1] INFO  com.rs.mv.mvvs.client.catalog.from.scan.CurrentPathScanner - [client:400205]scan file in current open file directory(C:/Users/ACEL/Downloads/testpindahcontrollerkesuperadmin)
2025-12-15 15:17:41.168 [pool-3-thread-1] INFO  com.rs.mv.mvvs.client.catalog.from.scan.CurrentPathScanner - [client:400205]scan file in current open file directory(C:/Users/ACEL/Downloads/testpindahcontrollerkesuperadmin/app/Http/Controllers/SuperAdmin)
2025-12-15 15:17:50.516 [pool-3-thread-1] INFO  com.rs.mv.mvvs.client.catalog.from.scan.CurrentPathScanner - [client:400205]scan file in current open file directory(C:/Users/ACEL/Downloads/testpindahcontrollerkesuperadmin/app/Http/Controllers/Frontend)
2025-12-15 15:18:56.387 [pool-3-thread-1] INFO  com.rs.mv.mvvs.client.catalog.from.scan.CurrentPathScanner - [client:400205]scan file in current open file directory(C:/Users/ACEL/Downloads/testpindahcontrollerkesuperadmin/app/Models)
2025-12-15 15:19:36.592 [pool-3-thread-1] INFO  com.rs.mv.mvvs.client.catalog.from.scan.CurrentPathScanner - [client:400205]scan file in current open file directory(C:/Users/ACEL/Downloads/testpindahcontrollerkesuperadmin/resources/views/frontend)
2025-12-15 15:19:38.176 [pool-3-thread-1] INFO  com.rs.mv.mvvs.client.catalog.from.scan.CurrentPathScanner - [client:400205]scan file in current open file directory(C:/Users/ACEL/Downloads/testpindahcontrollerkesuperadmin/app/Models)
2025-12-15 15:19:44.447 [pool-3-thread-1] INFO  com.rs.mv.mvvs.client.catalog.from.scan.CurrentPathScanner - [client:400205]scan file in current open file directory(C:/Users/ACEL/Downloads/testpindahcontrollerkesuperadmin/app/Http/Controllers/Frontend)
2025-12-15 15:20:29.180 [pool-3-thread-1] INFO  com.rs.mv.mvvs.client.catalog.from.scan.CurrentPathScanner - [client:400205]scan file in current open file directory(C:/Users/ACEL/Downloads/testpindahcontrollerkesuperadmin/app/Models)
2025-12-15 15:22:00.688 [pool-3-thread-1] INFO  com.rs.mv.mvvs.client.catalog.from.scan.CurrentPathScanner - [client:400205]scan file in current open file directory(C:/Users/ACEL/Downloads/testpindahcontrollerkesuperadmin/resources/views/frontend)
2025-12-15 15:25:56.768 [pool-3-thread-1] INFO  com.rs.mv.mvvs.client.catalog.from.scan.CurrentPathScanner - [client:400205]scan file in current open file directory(C:/Users/ACEL/Downloads/testpindahcontrollerkesuperadmin/app/Models)
2025-12-15 15:26:06.982 [pool-3-thread-1] INFO  com.rs.mv.mvvs.client.catalog.from.scan.CurrentPathScanner - [client:400205]scan file in current open file directory(C:/Users/ACEL/Downloads/testpindahcontrollerkesuperadmin/app/Models)
2025-12-15 15:26:17.345 [pool-3-thread-1] INFO  com.rs.mv.mvvs.client.catalog.from.scan.CurrentPathScanner - [client:400205]scan file in current open file directory(C:/Users/ACEL/Downloads/testpindahcontrollerkesuperadmin/app/Http/Controllers/Frontend)
2025-12-15 15:29:09.126 [pool-3-thread-1] INFO  com.rs.mv.mvvs.client.catalog.from.scan.CurrentPathScanner - [client:400205]scan file in current open file directory(C:/Users/ACEL/Downloads/testpindahcontrollerkesuperadmin/app/Models)
2025-12-15 15:29:13.289 [pool-3-thread-1] INFO  com.rs.mv.mvvs.client.catalog.from.scan.CurrentPathScanner - [client:400205]scan file in current open file directory(C:/Users/ACEL/Downloads/testpindahcontrollerkesuperadmin/app/Models)
2025-12-15 15:29:39.363 [pool-3-thread-1] INFO  com.rs.mv.mvvs.client.catalog.from.scan.CurrentPathScanner - [client:400205]scan file in current open file directory(C:/Users/ACEL/Downloads/testpindahcontrollerkesuperadmin/app/Http/Controllers/Frontend)
2025-12-15 15:30:05.173 [pool-3-thread-1] INFO  com.rs.mv.mvvs.client.catalog.from.scan.CurrentPathScanner - [client:400205]scan file in current open file directory(C:/Users/ACEL/Downloads/testpindahcontrollerkesuperadmin/resources/views/frontend)
2025-12-15 15:32:09.812 [pool-3-thread-1] INFO  com.rs.mv.mvvs.client.catalog.from.scan.CurrentPathScanner - [client:400205]scan file in current open file directory(C:/Users/ACEL/Downloads/testpindahcontrollerkesuperadmin/public/frontend/assets/js)
2025-12-15 15:32:45.886 [pool-3-thread-1] INFO  com.rs.mv.mvvs.client.catalog.from.scan.CurrentPathScanner - [client:400205]scan file in current open file directory(C:/Users/ACEL/Downloads/testpindahcontrollerkesuperadmin/resources/views/frontend)
2025-12-15 15:43:13.912 [pool-3-thread-1] INFO  com.rs.mv.mvvs.client.catalog.from.scan.CurrentPathScanner - [client:400205]scan file in current open file directory(C:/Users/ACEL/Downloads/testpindahcontrollerkesuperadmin/public/frontend/assets/js)
2025-12-15 15:43:24.549 [pool-3-thread-1] INFO  com.rs.mv.mvvs.client.catalog.from.scan.CurrentPathScanner - [client:400205]scan file in current open file directory(C:/Users/ACEL/Downloads/testpindahcontrollerkesuperadmin/resources/views/frontend)
2025-12-15 16:14:45.576 [pool-3-thread-1] INFO  com.rs.mv.mvvs.client.catalog.from.scan.CurrentPathScanner - [client:400205]scan file in current open file directory(C:/Users/ACEL/Downloads/testpindahcontrollerkesuperadmin/resources/views/frontend)
2025-12-15 16:14:46.165 [pool-3-thread-1] INFO  com.rs.mv.mvvs.client.catalog.from.scan.CurrentPathScanner - [client:400205]scan file in current open file directory(C:/Users/ACEL/Downloads/testpindahcontrollerkesuperadmin/resources/views/frontend)
2025-12-15 16:23:31.898 [pool-3-thread-1] INFO  com.rs.mv.mvvs.client.catalog.from.scan.CurrentPathScanner - [client:400205]scan file in current open file directory(C:/Users/ACEL/Downloads/testpindahcontrollerkesuperadmin/resources/views/frontend)
2025-12-15 16:44:20.726 [pool-3-thread-1] INFO  com.rs.mv.mvvs.client.catalog.from.scan.CurrentPathScanner - [client:400205]scan file in current open file directory(C:/Users/ACEL/Downloads/testpindahcontrollerkesuperadmin/app/Http/Controllers/Frontend)
2025-12-15 16:44:28.859 [pool-3-thread-1] INFO  com.rs.mv.mvvs.client.catalog.from.scan.CurrentPathScanner - [client:400205]scan file in current open file directory(C:/Users/ACEL/Downloads/testpindahcontrollerkesuperadmin/app/Http/Controllers)
2025-12-15 16:44:33.825 [pool-3-thread-1] INFO  com.rs.mv.mvvs.client.catalog.from.scan.CurrentPathScanner - [client:400205]scan file in current open file directory(C:/Users/ACEL/Downloads/testpindahcontrollerkesuperadmin/app/Http/Controllers)
2025-12-15 16:44:44.608 [pool-3-thread-1] INFO  com.rs.mv.mvvs.client.catalog.from.scan.CurrentPathScanner - [client:400205]scan file in current open file directory(C:/Users/ACEL/Downloads/testpindahcontrollerkesuperadmin/resources/views/components)
2025-12-15 16:44:56.090 [pool-3-thread-1] INFO  com.rs.mv.mvvs.client.catalog.from.scan.CurrentPathScanner - [client:400205]scan file in current open file directory(C:/Users/ACEL/Downloads/testpindahcontrollerkesuperadmin/resources/views/components)
2025-12-15 16:44:59.825 [pool-3-thread-1] INFO  com.rs.mv.mvvs.client.catalog.from.scan.CurrentPathScanner - [client:400205]scan file in current open file directory(C:/Users/ACEL/Downloads/testpindahcontrollerkesuperadmin/resources/views/frontend)
2025-12-15 16:45:04.065 [pool-3-thread-1] INFO  com.rs.mv.mvvs.client.catalog.from.scan.CurrentPathScanner - [client:400205]scan file in current open file directory(C:/Users/ACEL/Downloads/testpindahcontrollerkesuperadmin/routes)
2025-12-15 16:48:29.648 [pool-3-thread-1] INFO  com.rs.mv.mvvs.client.catalog.from.scan.CurrentPathScanner - [client:400205]scan file in current open file directory(C:/Users/ACEL/Downloads/testpindahcontrollerkesuperadmin/app/Http/Controllers)
2025-12-15 16:48:31.214 [pool-3-thread-1] INFO  com.rs.mv.mvvs.client.catalog.from.scan.CurrentPathScanner - [client:400205]scan file in current open file directory(C:/Users/ACEL/Downloads/testpindahcontrollerkesuperadmin/resources/views/components)
2025-12-15 16:48:44.432 [pool-3-thread-1] INFO  com.rs.mv.mvvs.client.catalog.from.scan.CurrentPathScanner - [client:400205]scan file in current open file directory(C:/Users/ACEL/Downloads/testpindahcontrollerkesuperadmin/app/Http/Controllers)
2025-12-15 16:49:35.093 [pool-3-thread-1] INFO  com.rs.mv.mvvs.client.catalog.from.scan.CurrentPathScanner - [client:400205]scan file in current open file directory(C:/Users/ACEL/Downloads/testpindahcontrollerkesuperadmin/resources/views/components)
2025-12-15 16:51:57.464 [pool-3-thread-1] INFO  com.rs.mv.mvvs.client.catalog.from.scan.CurrentPathScanner - [client:400205]scan file in current open file directory(C:/Users/ACEL/Downloads/testpindahcontrollerkesuperadmin/app/Http/Controllers)
2025-12-15 16:53:34.344 [pool-3-thread-1] INFO  com.rs.mv.mvvs.client.catalog.from.scan.CurrentPathScanner - [client:400205]scan file in current open file directory(C:/Users/ACEL/Downloads/testpindahcontrollerkesuperadmin/resources/views/components)
2025-12-15 16:53:38.349 [pool-3-thread-1] INFO  com.rs.mv.mvvs.client.catalog.from.scan.CurrentPathScanner - [client:400205]scan file in current open file directory(C:/Users/ACEL/Downloads/testpindahcontrollerkesuperadmin/resources/views/components)
2025-12-15 16:53:46.710 [pool-3-thread-1] INFO  com.rs.mv.mvvs.client.catalog.from.scan.CurrentPathScanner - [client:400205]scan file in current open file directory(C:/Users/ACEL/Downloads/testpindahcontrollerkesuperadmin/routes)
2025-12-15 16:54:07.943 [pool-3-thread-1] INFO  com.rs.mv.mvvs.client.catalog.from.scan.CurrentPathScanner - [client:400205]scan file in current open file directory(C:/Users/ACEL/Downloads/testpindahcontrollerkesuperadmin/app/Models)
