2025-12-16 08:05:36.390 [pool-3-thread-1] INFO  com.rs.mv.mvvs.client.catalog.from.scan.CurrentPathScanner - [client:400205]scan file in current open file directory(C:/Users/ACEL/Downloads/testpindahcontrollerkesuperadmin/app/Http/Controllers)
2025-12-16 08:09:50.795 [pool-3-thread-1] INFO  com.rs.mv.mvvs.client.catalog.from.scan.CurrentPathScanner - [client:400205]scan file in current open file directory(C:/Users/ACEL/Downloads/testpindahcontrollerkesuperadmin/resources/views/components)
2025-12-16 08:13:18.586 [pool-3-thread-1] INFO  com.rs.mv.mvvs.client.catalog.from.scan.CurrentPathScanner - [client:400205]scan file in current open file directory(C:/Users/ACEL/Downloads/testpindahcontrollerkesuperadmin/app/Http/Controllers)
2025-12-16 08:18:24.632 [pool-3-thread-1] INFO  com.rs.mv.mvvs.client.catalog.from.scan.CurrentPathScanner - [client:400205]scan file in current open file directory(C:/Users/ACEL/Downloads/testpindahcontrollerkesuperadmin/resources/views/components)
2025-12-16 08:19:40.508 [pool-3-thread-1] INFO  com.rs.mv.mvvs.client.catalog.from.scan.CurrentPathScanner - [client:400205]scan file in current open file directory(C:/Users/ACEL/Downloads/testpindahcontrollerkesuperadmin/app/Http/Controllers)
2025-12-16 08:19:45.120 [pool-3-thread-1] INFO  com.rs.mv.mvvs.client.catalog.from.scan.CurrentPathScanner - [client:400205]scan file in current open file directory(C:/Users/ACEL/Downloads/testpindahcontrollerkesuperadmin/app/Http/Controllers)
2025-12-16 08:23:53.094 [pool-3-thread-1] INFO  com.rs.mv.mvvs.client.catalog.from.scan.CurrentPathScanner - [client:400205]scan file in current open file directory(C:/Users/ACEL/Downloads/testpindahcontrollerkesuperadmin/app/Exceptions)
2025-12-16 08:33:03.833 [pool-3-thread-1] INFO  com.rs.mv.mvvs.client.catalog.from.scan.CurrentPathScanner - [client:400205]scan file in current open file directory(C:/Users/ACEL/Downloads/testpindahcontrollerkesuperadmin/resources/views/frontend)
2025-12-16 08:37:51.425 [pool-3-thread-1] INFO  com.rs.mv.mvvs.client.catalog.from.scan.CurrentPathScanner - [client:400205]scan file in current open file directory(C:/Users/ACEL/Downloads/testpindahcontrollerkesuperadmin)
2025-12-16 08:40:35.298 [pool-3-thread-1] INFO  com.rs.mv.mvvs.client.catalog.from.scan.CurrentPathScanner - [client:400205]scan file in current open file directory(C:/Users/ACEL/Downloads/testpindahcontrollerkesuperadmin/app/Http/Controllers)
2025-12-16 08:49:52.630 [pool-3-thread-1] INFO  com.rs.mv.mvvs.client.catalog.from.scan.CurrentPathScanner - [client:400205]scan file in current open file directory(C:/Users/ACEL/Downloads/testpindahcontrollerkesuperadmin)
2025-12-16 08:50:12.454 [pool-3-thread-1] INFO  com.rs.mv.mvvs.client.catalog.from.scan.CurrentPathScanner - [client:400205]scan file in current open file directory(C:/Users/ACEL/Downloads/testpindahcontrollerkesuperadmin/routes)
2025-12-16 08:54:42.368 [pool-3-thread-1] INFO  com.rs.mv.mvvs.client.catalog.from.scan.CurrentPathScanner - [client:400205]scan file in current open file directory(C:/Users/ACEL/Downloads/testpindahcontrollerkesuperadmin/app/Http/Controllers/Frontend)
2025-12-16 08:56:01.309 [pool-3-thread-1] INFO  com.rs.mv.mvvs.client.catalog.from.scan.CurrentPathScanner - [client:400205]scan file in current open file directory(C:/Users/ACEL/Downloads/testpindahcontrollerkesuperadmin/app/Models)
2025-12-16 08:56:12.758 [pool-3-thread-1] INFO  com.rs.mv.mvvs.client.catalog.from.scan.CurrentPathScanner - [client:400205]scan file in current open file directory(C:/Users/ACEL/Downloads/testpindahcontrollerkesuperadmin/app/Models)
2025-12-16 08:57:10.085 [pool-3-thread-1] INFO  com.rs.mv.mvvs.client.catalog.from.scan.CurrentPathScanner - [client:400205]scan file in current open file directory(C:/Users/ACEL/Downloads/testpindahcontrollerkesuperadmin/resources/views/frontend)
2025-12-16 09:25:32.364 [pool-3-thread-1] INFO  com.rs.mv.mvvs.client.catalog.from.scan.CurrentPathScanner - [client:400205]scan file in current open file directory(C:/Users/ACEL/Downloads/testpindahcontrollerkesuperadmin/routes)
2025-12-16 09:26:20.450 [pool-3-thread-1] INFO  com.rs.mv.mvvs.client.catalog.from.scan.CurrentPathScanner - [client:400205]scan file in current open file directory(C:/Users/ACEL/Downloads/testpindahcontrollerkesuperadmin/public/frontend/assets/js)
2025-12-16 09:27:17.697 [pool-3-thread-1] INFO  com.rs.mv.mvvs.client.catalog.from.scan.CurrentPathScanner - [client:400205]scan file in current open file directory(C:/Users/ACEL/Downloads/testpindahcontrollerkesuperadmin/resources/views/frontend)
2025-12-16 09:28:08.902 [pool-3-thread-1] INFO  com.rs.mv.mvvs.client.catalog.from.scan.CurrentPathScanner - [client:400205]scan file in current open file directory(C:/Users/ACEL/Downloads/testpindahcontrollerkesuperadmin/app/Http/Controllers/Frontend)
2025-12-16 09:30:35.293 [pool-3-thread-1] INFO  com.rs.mv.mvvs.client.catalog.from.scan.CurrentPathScanner - [client:400205]scan file in current open file directory(C:/Users/ACEL/Downloads/testpindahcontrollerkesuperadmin/routes)
2025-12-16 09:31:27.740 [pool-3-thread-1] INFO  com.rs.mv.mvvs.client.catalog.from.scan.CurrentPathScanner - [client:400205]scan file in current open file directory(C:/Users/ACEL/Downloads/testpindahcontrollerkesuperadmin/app/Models)
2025-12-16 09:36:27.629 [pool-3-thread-1] INFO  com.rs.mv.mvvs.client.catalog.from.scan.CurrentPathScanner - [client:400205]scan file in current open file directory(C:/Users/ACEL/Downloads/testpindahcontrollerkesuperadmin/app/Models)
2025-12-16 09:36:52.694 [pool-3-thread-1] INFO  com.rs.mv.mvvs.client.catalog.from.scan.CurrentPathScanner - [client:400205]scan file in current open file directory(C:/Users/ACEL/Downloads/testpindahcontrollerkesuperadmin/app/Models)
2025-12-16 09:37:26.742 [pool-3-thread-1] INFO  com.rs.mv.mvvs.client.catalog.from.scan.CurrentPathScanner - [client:400205]scan file in current open file directory(C:/Users/ACEL/Downloads/testpindahcontrollerkesuperadmin/app/Models)
2025-12-16 09:37:38.616 [pool-3-thread-1] INFO  com.rs.mv.mvvs.client.catalog.from.scan.CurrentPathScanner - [client:400205]scan file in current open file directory(C:/Users/ACEL/Downloads/testpindahcontrollerkesuperadmin/app/Models)
2025-12-16 09:38:01.140 [pool-3-thread-1] INFO  com.rs.mv.mvvs.client.catalog.from.scan.CurrentPathScanner - [client:400205]scan file in current open file directory(C:/Users/ACEL/Downloads/testpindahcontrollerkesuperadmin/app/Http/Controllers/SuperAdmin)
2025-12-16 09:38:02.473 [pool-3-thread-1] INFO  com.rs.mv.mvvs.client.catalog.from.scan.CurrentPathScanner - [client:400205]scan file in current open file directory(C:/Users/ACEL/Downloads/testpindahcontrollerkesuperadmin/app/Http/Controllers/Frontend)
2025-12-16 09:38:15.864 [pool-3-thread-1] INFO  com.rs.mv.mvvs.client.catalog.from.scan.CurrentPathScanner - [client:400205]scan file in current open file directory(C:/Users/ACEL/Downloads/testpindahcontrollerkesuperadmin/app/Http/Controllers/Frontend)
2025-12-16 09:38:28.955 [pool-3-thread-1] INFO  com.rs.mv.mvvs.client.catalog.from.scan.CurrentPathScanner - [client:400205]scan file in current open file directory(C:/Users/ACEL/Downloads/testpindahcontrollerkesuperadmin/routes)
2025-12-16 09:38:36.529 [pool-3-thread-1] INFO  com.rs.mv.mvvs.client.catalog.from.scan.CurrentPathScanner - [client:400205]scan file in current open file directory(C:/Users/ACEL/Downloads/testpindahcontrollerkesuperadmin/public/frontend/assets/js)
2025-12-16 09:40:55.137 [pool-3-thread-1] INFO  com.rs.mv.mvvs.client.catalog.from.scan.CurrentPathScanner - [client:400205]scan file in current open file directory(C:/Users/ACEL/Downloads/testpindahcontrollerkesuperadmin/app/Models)
2025-12-16 09:41:44.927 [pool-3-thread-1] INFO  com.rs.mv.mvvs.client.catalog.from.scan.CurrentPathScanner - [client:400205]scan file in current open file directory(C:/Users/ACEL/Downloads/testpindahcontrollerkesuperadmin/app/Http/Controllers/Frontend)
2025-12-16 09:42:05.242 [pool-3-thread-1] INFO  com.rs.mv.mvvs.client.catalog.from.scan.CurrentPathScanner - [client:400205]scan file in current open file directory(C:/Users/ACEL/Downloads/testpindahcontrollerkesuperadmin/app/Http/Controllers/Frontend)
2025-12-16 09:42:36.128 [pool-3-thread-1] INFO  com.rs.mv.mvvs.client.catalog.from.scan.CurrentPathScanner - [client:400205]scan file in current open file directory(C:/Users/ACEL/Downloads/testpindahcontrollerkesuperadmin/app/Models)
2025-12-16 09:45:11.351 [pool-3-thread-1] INFO  com.rs.mv.mvvs.client.catalog.from.scan.CurrentPathScanner - [client:400205]scan file in current open file directory(C:/Users/ACEL/Downloads/testpindahcontrollerkesuperadmin/public/frontend/assets/js)
2025-12-16 09:48:13.394 [pool-3-thread-1] INFO  com.rs.mv.mvvs.client.catalog.from.scan.CurrentPathScanner - [client:400205]scan file in current open file directory(C:/Users/ACEL/Downloads/testpindahcontrollerkesuperadmin/resources/views/frontend)
2025-12-16 09:49:49.172 [pool-3-thread-1] INFO  com.rs.mv.mvvs.client.catalog.from.scan.CurrentPathScanner - [client:400205]scan file in current open file directory(C:/Users/ACEL/Downloads/testpindahcontrollerkesuperadmin/app/Http/Controllers/Frontend)
2025-12-16 09:57:12.256 [pool-3-thread-1] INFO  com.rs.mv.mvvs.client.catalog.from.scan.CurrentPathScanner - [client:400205]scan file in current open file directory(C:/Users/ACEL/Downloads/testpindahcontrollerkesuperadmin/resources/views/frontend)
2025-12-16 09:58:59.582 [pool-3-thread-1] INFO  com.rs.mv.mvvs.client.catalog.from.scan.CurrentPathScanner - [client:400205]scan file in current open file directory(C:/Users/ACEL/Downloads/testpindahcontrollerkesuperadmin/public/frontend/assets/js)
2025-12-16 10:04:00.406 [pool-3-thread-1] INFO  com.rs.mv.mvvs.client.catalog.from.scan.CurrentPathScanner - [client:400205]scan file in current open file directory(C:/Users/ACEL/Downloads/testpindahcontrollerkesuperadmin/resources/views/frontend)
2025-12-16 10:29:18.210 [pool-3-thread-1] INFO  com.rs.mv.mvvs.client.catalog.from.scan.CurrentPathScanner - [client:400205]scan file in current open file directory(C:/Users/ACEL/Downloads/testpindahcontrollerkesuperadmin/resources/views/components)
2025-12-16 10:33:23.321 [pool-3-thread-1] INFO  com.rs.mv.mvvs.client.catalog.from.scan.CurrentPathScanner - [client:400205]scan file in current open file directory(C:/Users/ACEL/Downloads/testpindahcontrollerkesuperadmin/public/frontend/assets/css)
2025-12-16 10:45:11.642 [pool-3-thread-1] INFO  com.rs.mv.mvvs.client.catalog.from.scan.CurrentPathScanner - [client:400205]scan file in current open file directory(C:/Users/ACEL/Downloads/testpindahcontrollerkesuperadmin/resources/views/components)
2025-12-16 10:45:16.616 [pool-3-thread-1] INFO  com.rs.mv.mvvs.client.catalog.from.scan.CurrentPathScanner - [client:400205]scan file in current open file directory(C:/Users/ACEL/Downloads/testpindahcontrollerkesuperadmin/resources/views/frontend)
2025-12-16 10:45:24.934 [pool-3-thread-1] INFO  com.rs.mv.mvvs.client.catalog.from.scan.CurrentPathScanner - [client:400205]scan file in current open file directory(C:/Users/ACEL/Downloads/testpindahcontrollerkesuperadmin/resources/views/frontend)
2025-12-16 10:45:27.442 [pool-3-thread-1] INFO  com.rs.mv.mvvs.client.catalog.from.scan.CurrentPathScanner - [client:400205]scan file in current open file directory(C:/Users/ACEL/Downloads/testpindahcontrollerkesuperadmin/resources/views/frontend)
2025-12-16 10:45:29.288 [pool-3-thread-1] INFO  com.rs.mv.mvvs.client.catalog.from.scan.CurrentPathScanner - [client:400205]scan file in current open file directory(C:/Users/ACEL/Downloads/testpindahcontrollerkesuperadmin/resources/views/frontend)
2025-12-16 10:45:30.855 [pool-3-thread-1] INFO  com.rs.mv.mvvs.client.catalog.from.scan.CurrentPathScanner - [client:400205]scan file in current open file directory(C:/Users/ACEL/Downloads/testpindahcontrollerkesuperadmin/resources/views/frontend)
2025-12-16 10:45:38.448 [pool-3-thread-1] INFO  com.rs.mv.mvvs.client.catalog.from.scan.CurrentPathScanner - [client:400205]scan file in current open file directory(C:/Users/ACEL/Downloads/testpindahcontrollerkesuperadmin/resources/views/frontend/cart)
2025-12-16 11:50:45.602 [pool-3-thread-1] INFO  com.rs.mv.mvvs.client.catalog.from.scan.CurrentPathScanner - [client:400205]scan file in current open file directory(C:/Users/ACEL/Downloads/testpindahcontrollerkesuperadmin/resources/views/frontend)
2025-12-16 11:50:52.776 [pool-3-thread-1] INFO  com.rs.mv.mvvs.client.catalog.from.scan.CurrentPathScanner - [client:400205]scan file in current open file directory(C:/Users/ACEL/Downloads/testpindahcontrollerkesuperadmin/app/Http/Controllers/SuperAdmin)
2025-12-16 11:56:10.075 [pool-3-thread-1] INFO  com.rs.mv.mvvs.client.catalog.from.scan.CurrentPathScanner - [client:400205]scan file in current open file directory(C:/Users/ACEL/Downloads/testpindahcontrollerkesuperadmin/resources/views/frontend)
2025-12-16 13:55:00.609 [pool-3-thread-1] INFO  com.rs.mv.mvvs.client.catalog.from.scan.CurrentPathScanner - [client:400205]scan file in current open file directory(C:/Users/ACEL/Downloads/testpindahcontrollerkesuperadmin/resources/views/frontend)
2025-12-16 13:57:35.651 [pool-3-thread-1] INFO  com.rs.mv.mvvs.client.catalog.from.scan.CurrentPathScanner - [client:400205]scan file in current open file directory(C:/Users/ACEL/Downloads/testpindahcontrollerkesuperadmin/resources/views/frontend)
2025-12-16 13:58:08.697 [pool-3-thread-1] INFO  com.rs.mv.mvvs.client.catalog.from.scan.CurrentPathScanner - [client:400205]scan file in current open file directory(C:/Users/ACEL/Downloads/testpindahcontrollerkesuperadmin/resources/views/frontend)
2025-12-16 14:06:53.169 [pool-3-thread-1] INFO  com.rs.mv.mvvs.client.catalog.from.scan.CurrentPathScanner - [client:400205]scan file in current open file directory(C:/Users/ACEL/Downloads/testpindahcontrollerkesuperadmin/resources/views/frontend)
2025-12-16 14:10:54.684 [pool-3-thread-1] INFO  com.rs.mv.mvvs.client.catalog.from.scan.CurrentPathScanner - [client:400205]scan file in current open file directory(C:/Users/ACEL/Downloads/testpindahcontrollerkesuperadmin/resources/views/frontend)
2025-12-16 14:30:25.493 [pool-3-thread-1] INFO  com.rs.mv.mvvs.client.catalog.from.scan.CurrentPathScanner - [client:400205]scan file in current open file directory(C:/Users/ACEL/Downloads/testpindahcontrollerkesuperadmin/app/Http/Controllers)
2025-12-16 14:30:31.911 [pool-3-thread-1] INFO  com.rs.mv.mvvs.client.catalog.from.scan.CurrentPathScanner - [client:400205]scan file in current open file directory(C:/Users/ACEL/Downloads/testpindahcontrollerkesuperadmin/public/frontend/assets/css)
2025-12-16 14:30:37.898 [pool-3-thread-1] INFO  com.rs.mv.mvvs.client.catalog.from.scan.CurrentPathScanner - [client:400205]scan file in current open file directory(C:/Users/ACEL/Downloads/testpindahcontrollerkesuperadmin/resources/views/frontend)
2025-12-16 14:30:45.225 [pool-3-thread-1] INFO  com.rs.mv.mvvs.client.catalog.from.scan.CurrentPathScanner - [client:400205]scan file in current open file directory(C:/Users/ACEL/Downloads/testpindahcontrollerkesuperadmin/resources/views/frontend)
2025-12-16 14:43:54.082 [pool-3-thread-1] INFO  com.rs.mv.mvvs.client.catalog.from.scan.CurrentPathScanner - [client:400205]scan file in current open file directory(C:/Users/ACEL/Downloads/testpindahcontrollerkesuperadmin/resources/views/frontend)
2025-12-16 14:43:57.626 [pool-3-thread-1] INFO  com.rs.mv.mvvs.client.catalog.from.scan.CurrentPathScanner - [client:400205]scan file in current open file directory(C:/Users/ACEL/Downloads/testpindahcontrollerkesuperadmin/resources/views/frontend)
2025-12-16 14:44:21.673 [pool-3-thread-1] INFO  com.rs.mv.mvvs.client.catalog.from.scan.CurrentPathScanner - [client:400205]scan file in current open file directory(C:/Users/ACEL/Downloads/testpindahcontrollerkesuperadmin/resources/views/frontend)
2025-12-16 15:36:13.332 [pool-3-thread-1] INFO  com.rs.mv.mvvs.client.catalog.from.scan.CurrentPathScanner - [client:400205]scan file in current open file directory(C:/Users/ACEL/Downloads/testpindahcontrollerkesuperadmin/resources/views/frontend)
2025-12-16 15:36:33.580 [pool-3-thread-1] INFO  com.rs.mv.mvvs.client.catalog.from.scan.CurrentPathScanner - [client:400205]scan file in current open file directory(C:/Users/ACEL/Downloads/testpindahcontrollerkesuperadmin/resources/views/frontend)
2025-12-16 15:37:17.942 [pool-3-thread-1] INFO  com.rs.mv.mvvs.client.catalog.from.scan.CurrentPathScanner - [client:400205]scan file in current open file directory(C:/Users/ACEL/Downloads/testpindahcontrollerkesuperadmin/resources/views/frontend)
2025-12-16 15:37:23.236 [pool-3-thread-1] INFO  com.rs.mv.mvvs.client.catalog.from.scan.CurrentPathScanner - [client:400205]scan file in current open file directory(C:/Users/ACEL/Downloads/testpindahcontrollerkesuperadmin/resources/views/frontend)
2025-12-16 15:37:30.159 [pool-3-thread-1] INFO  com.rs.mv.mvvs.client.catalog.from.scan.CurrentPathScanner - [client:400205]scan file in current open file directory(C:/Users/ACEL/Downloads/testpindahcontrollerkesuperadmin/resources/views/frontend)
2025-12-16 15:37:35.875 [pool-3-thread-1] INFO  com.rs.mv.mvvs.client.catalog.from.scan.CurrentPathScanner - [client:400205]scan file in current open file directory(C:/Users/ACEL/Downloads/testpindahcontrollerkesuperadmin/resources/views/frontend)
2025-12-16 15:41:46.195 [pool-3-thread-1] INFO  com.rs.mv.mvvs.client.catalog.from.scan.CurrentPathScanner - [client:400205]scan file in current open file directory(C:/Users/ACEL/Downloads/testpindahcontrollerkesuperadmin/resources/views/frontend)
2025-12-16 15:43:35.308 [pool-3-thread-1] INFO  com.rs.mv.mvvs.client.catalog.from.scan.CurrentPathScanner - [client:400205]scan file in current open file directory(C:/Users/ACEL/Downloads/testpindahcontrollerkesuperadmin/public/frontend/assets/js)
2025-12-16 15:53:48.763 [pool-3-thread-1] INFO  com.rs.mv.mvvs.client.catalog.from.scan.CurrentPathScanner - [client:400205]scan file in current open file directory(C:/Users/ACEL/Downloads/testpindahcontrollerkesuperadmin/app/Http/Controllers/Frontend)
2025-12-16 15:54:06.911 [pool-3-thread-1] INFO  com.rs.mv.mvvs.client.catalog.from.scan.CurrentPathScanner - [client:400205]scan file in current open file directory(C:/Users/ACEL/Downloads/testpindahcontrollerkesuperadmin/resources/views/frontend)
2025-12-16 15:54:40.429 [pool-3-thread-1] INFO  com.rs.mv.mvvs.client.catalog.from.scan.CurrentPathScanner - [client:400205]scan file in current open file directory(C:/Users/ACEL/Downloads/testpindahcontrollerkesuperadmin/public/frontend/assets/js)
2025-12-16 16:03:44.844 [pool-3-thread-1] INFO  com.rs.mv.mvvs.client.catalog.from.scan.CurrentPathScanner - [client:400205]scan file in current open file directory(C:/Users/ACEL/Downloads/testpindahcontrollerkesuperadmin/app/Http/Controllers/Frontend)
2025-12-16 16:19:02.151 [pool-3-thread-1] INFO  com.rs.mv.mvvs.client.catalog.from.scan.CurrentPathScanner - [client:400205]scan file in current open file directory(C:/Users/ACEL/Downloads/testpindahcontrollerkesuperadmin/public/frontend/assets/js)
2025-12-16 16:19:24.717 [pool-3-thread-1] INFO  com.rs.mv.mvvs.client.catalog.from.scan.CurrentPathScanner - [client:400205]scan file in current open file directory(C:/Users/ACEL/Downloads/testpindahcontrollerkesuperadmin/resources/views/frontend)
2025-12-16 16:22:39.617 [pool-3-thread-1] INFO  com.rs.mv.mvvs.client.catalog.from.scan.CurrentPathScanner - [client:400205]scan file in current open file directory(C:/Users/ACEL/Downloads/testpindahcontrollerkesuperadmin/app/Http/Controllers/SuperAdmin)
2025-12-16 16:22:42.632 [pool-3-thread-1] INFO  com.rs.mv.mvvs.client.catalog.from.scan.CurrentPathScanner - [client:400205]scan file in current open file directory(C:/Users/ACEL/Downloads/testpindahcontrollerkesuperadmin/app/Http/Controllers/Frontend)
2025-12-16 16:22:43.917 [pool-3-thread-1] INFO  com.rs.mv.mvvs.client.catalog.from.scan.CurrentPathScanner - [client:400205]scan file in current open file directory(C:/Users/ACEL/Downloads/testpindahcontrollerkesuperadmin/app/Http/Controllers/Frontend)
2025-12-16 16:30:18.524 [pool-3-thread-1] INFO  com.rs.mv.mvvs.client.catalog.from.scan.CurrentPathScanner - [client:400205]scan file in current open file directory(C:/Users/ACEL/Downloads/testpindahcontrollerkesuperadmin/resources/views/frontend)
2025-12-16 16:32:49.728 [pool-3-thread-1] INFO  com.rs.mv.mvvs.client.catalog.from.scan.CurrentPathScanner - [client:400205]scan file in current open file directory(C:/Users/ACEL/Downloads/testpindahcontrollerkesuperadmin/app/Http/Controllers/Frontend)
2025-12-16 16:39:15.253 [pool-3-thread-1] INFO  com.rs.mv.mvvs.client.catalog.from.scan.CurrentPathScanner - [client:400205]scan file in current open file directory(C:/Users/ACEL/Downloads/testpindahcontrollerkesuperadmin/app/Models)
2025-12-16 16:41:25.085 [pool-3-thread-1] INFO  com.rs.mv.mvvs.client.catalog.from.scan.CurrentPathScanner - [client:400205]scan file in current open file directory(C:/Users/ACEL/Downloads/testpindahcontrollerkesuperadmin/app/Http/Controllers/Frontend)
